#
# A fatal error has been detected by the Java Runtime Environment:
#
#  SIGSEGV (0xb) at pc=0x00007fff9c6db4dd, pid=2509, tid=2571
#
# JRE version: Java(TM) SE Runtime Environment (8.0_77-b03) (build 1.8.0_77-b03)
# Java VM: Java HotSpot(TM) 64-Bit Server VM (25.77-b03 mixed mode bsd-amd64 compressed oops)
# Problematic frame:
# C  [libobjc.A.dylib+0x14dd]  objc_msgSend+0x1d
#
# Failed to write core dump. Core dumps have been disabled. To enable core dumping, try "ulimit -c unlimited" before starting Java again
#
# If you would like to submit a bug report, please visit:
#   http://bugreport.java.com/bugreport/crash.jsp
# The crash happened outside the Java Virtual Machine in native code.
# See problematic frame for where to report the bug.
#

---------------  T H R E A D  ---------------

Current thread (0x00007f926a0a7800):  JavaThread "AWT-AppKit" daemon [_thread_in_native, id=2571, stack(0x00007fff5cab4000,0x00007fff5d2b4000)]

siginfo: si_signo: 11 (SIGSEGV), si_code: 1 (SEGV_MAPERR), si_addr: 0x0000000000000018

Registers:
RAX=0x00007f926eb35400, RBX=0x00000001728fe450, RCX=0x000000011cc2d8c0, RDX=0x000000011ca6ff20
RSP=0x00007fff5d2af458, RBP=0x00007fff5d2af510, RSI=0x00007fff96890cbe, RDI=0x00007f926eb291b0
R8 =0x0000000000000000, R9 =0x00000000000008b0, R10=0x00007fff96890cbe, R11=0x0000000000000000
R12=0x0000000000000000, R13=0x0000000176cfcb10, R14=0x00000001728fe440, R15=0x00007f926a0a7800
RIP=0x00007fff9c6db4dd, EFLAGS=0x0000000000010246, ERR=0x0000000000000004
  TRAPNO=0x000000000000000e

Top of Stack: (sp=0x00007fff5d2af458)
0x00007fff5d2af458:   00000001728fc157 00007fff5d2af4b0
0x00007fff5d2af468:   0000000000000003 00007fff5d2af490
0x00007fff5d2af478:   0000000102ddfb02 0000000176cfcb10
0x00007fff5d2af488:   0000000176cfcb10 00007f926eb35400
0x00007fff5d2af498:   00000001728fe6a0 00000001728fe710
0x00007fff5d2af4a8:   00007fff7ad07770 00007fff79fca500
0x00007fff5d2af4b8:   00000001728fe450 00000001728fe690
0x00007fff5d2af4c8:   00007f926eb35400 00007f926eb291b0
0x00007fff5d2af4d8:   00007f9269c49420 00007f926eb35400
0x00007fff5d2af4e8:   00007f926eb291b0 00007fff5d2af590
0x00007fff5d2af4f8:   00007f926a0a79f8 0000000176cfcb10
0x00007fff5d2af508:   00007fff5d2af5b8 00007fff5d2af580
0x00007fff5d2af518:   0000000103be9954 00007fff5d2af580
0x00007fff5d2af528:   0000000103be96d9 0000000103bf5823
0x00007fff5d2af538:   0000000103be96a2 00007fff5d2af540
0x00007fff5d2af548:   0000000176cfcb10 00007fff5d2af5b8
0x00007fff5d2af558:   0000000176cff748 0000000000000000
0x00007fff5d2af568:   0000000176cfcb10 0000000000000000
0x00007fff5d2af578:   00007fff5d2af5a0 00007fff5d2af600
0x00007fff5d2af588:   0000000103bdbc4d 0000000740d0ab50
0x00007fff5d2af598:   0000000103be3578 00007f926eb35400
0x00007fff5d2af5a8:   0000000103be4db9 00007f926eb291b0
0x00007fff5d2af5b8:   0000000103be4d82 00007fff5d2af5c0
0x00007fff5d2af5c8:   0000000176cfccda 00007fff5d2af628
0x00007fff5d2af5d8:   0000000176cff748 0000000000000000
0x00007fff5d2af5e8:   0000000176cfcce8 00007fff5d2af5a0
0x00007fff5d2af5f8:   00007fff5d2af610 00007fff5d2af670
0x00007fff5d2af608:   0000000103bdbc4d 00007f926eb35400
0x00007fff5d2af618:   0000000740a6fcd8 00007f926eb291b0
0x00007fff5d2af628:   0000000740a6fcd8 00007fff5d2af630
0x00007fff5d2af638:   000000017a98e326 00007fff5d2af680
0x00007fff5d2af648:   000000017a98e3e0 0000000000000000 

Instructions: (pc=0x00007fff9c6db4dd)
0x00007fff9c6db4bd:   44 00 00 48 85 ff 2e 74 62 40 f6 c7 01 2e 75 66
0x00007fff9c6db4cd:   49 bb f8 ff ff ff ff 7f 00 00 4c 23 1f 49 89 f2
0x00007fff9c6db4dd:   45 23 53 18 49 c1 e2 04 4d 03 53 10 49 3b 32 75
0x00007fff9c6db4ed:   04 41 ff 62 08 49 83 3a 01 76 0d 49 83 c2 10 49 

Register to memory mapping:

RAX=0x00007f926eb35400 is an unknown value
RBX=0x00000001728fe450: Java_jogamp_nativewindow_macosx_OSXUtil_GetScreenRefreshRate0+0x1cf0 in /private/var/folders/6q/r8y5zkh55h99sgy_lbth35yr0000gn/T/jogamp_0000/file_cache/jln5705053855010819151/jln7320563722883840005/libnativewindow_macosx.jnilib at 0x00000001728f7000
RCX=0x000000011cc2d8c0 is an unknown value
RDX=0x000000011ca6ff20 is an unknown value
RSP=0x00007fff5d2af458 is pointing into the stack for thread: 0x00007f926a0a7800
RBP=0x00007fff5d2af510 is pointing into the stack for thread: 0x00007f926a0a7800
RSI=0x00007fff96890cbe is an unknown value
RDI=0x00007f926eb291b0 is an unknown value
R8 =0x0000000000000000 is an unknown value
R9 =0x00000000000008b0 is an unknown value
R10=0x00007fff96890cbe is an unknown value
R11=0x0000000000000000 is an unknown value
R12=0x0000000000000000 is an unknown value
R13={method} {0x0000000176cfcb10} 'UnsetJAWTRootSurfaceLayer0' '(JJ)V' in 'jogamp/nativewindow/jawt/macosx/MacOSXJAWTWindow'
R14=0x00000001728fe440: Java_jogamp_nativewindow_macosx_OSXUtil_GetScreenRefreshRate0+0x1ce0 in /private/var/folders/6q/r8y5zkh55h99sgy_lbth35yr0000gn/T/jogamp_0000/file_cache/jln5705053855010819151/jln7320563722883840005/libnativewindow_macosx.jnilib at 0x00000001728f7000
R15=0x00007f926a0a7800 is a thread


Stack: [0x00007fff5cab4000,0x00007fff5d2b4000],  sp=0x00007fff5d2af458,  free space=8173k
Native frames: (J=compiled Java code, j=interpreted, Vv=VM code, C=native code)
C  [libobjc.A.dylib+0x14dd]  objc_msgSend+0x1d
j  jogamp.nativewindow.jawt.macosx.MacOSXJAWTWindow.UnsetJAWTRootSurfaceLayer0(JJ)V+0
j  jogamp.nativewindow.jawt.macosx.MacOSXJAWTWindow.access$200(JJ)V+2
j  jogamp.nativewindow.jawt.macosx.MacOSXJAWTWindow$1.run()V+38
j  com.jogamp.common.util.RunnableTask.run()V+24
v  ~StubRoutines::call_stub
V  [libjvm.dylib+0x2ea39e]
V  [libjvm.dylib+0x3214a7]
V  [libjvm.dylib+0x313c7b]
C  [libnativewindow_macosx.jnilib+0x5326]  Java_jogamp_nativewindow_jawt_macosx_MacOSXJAWTWindow_UnsetJAWTRootSurfaceLayer0+0x2b6
C  [Foundation+0x76fde]  __NSThreadPerformPerform+0x117
C  [CoreFoundation+0xaa881]  __CFRUNLOOP_IS_CALLING_OUT_TO_A_SOURCE0_PERFORM_FUNCTION__+0x11
C  [CoreFoundation+0x89fbc]  __CFRunLoopDoSources0+0x22c
C  [CoreFoundation+0x894df]  __CFRunLoopRun+0x39f
C  [CoreFoundation+0x88ed8]  CFRunLoopRunSpecific+0x128
C  [HIToolbox+0x30935]  RunCurrentEventLoopInMode+0xeb
C  [HIToolbox+0x30677]  ReceiveNextEventCommon+0xb8
C  [HIToolbox+0x305af]  _BlockUntilNextEventMatchingListInModeWithFilter+0x47
C  [AppKit+0x48df6]  _DPSNextEvent+0x42b
C  [AppKit+0x48226]  -[NSApplication _nextEventMatchingEventMask:untilDate:inMode:dequeue:]+0x1c6
C  [libosxapp.dylib+0x23aa]  -[NSApplicationAWT nextEventMatchingMask:untilDate:inMode:dequeue:]+0x7c
C  [AppKit+0x3cd80]  -[NSApplication run]+0x2aa
C  [libosxapp.dylib+0x214d]  +[NSApplicationAWT runAWTLoopWithApp:]+0x9c
C  [libawt_lwawt.dylib+0x4455b]  -[AWTStarter starter:]+0x389
C  [Foundation+0x76fde]  __NSThreadPerformPerform+0x117
C  [CoreFoundation+0xaa881]  __CFRUNLOOP_IS_CALLING_OUT_TO_A_SOURCE0_PERFORM_FUNCTION__+0x11
C  [CoreFoundation+0x89fbc]  __CFRunLoopDoSources0+0x22c
C  [CoreFoundation+0x894df]  __CFRunLoopRun+0x39f
C  [CoreFoundation+0x88ed8]  CFRunLoopRunSpecific+0x128
C  [java+0x6463]  CreateExecutionEnvironment+0x367
C  [java+0x21ac]  JLI_Launch+0x7a0
C  [java+0x84c0]  main+0x65
C  [java+0x1a04]  start+0x34
C  0x0000000000000007

Java frames: (J=compiled Java code, j=interpreted, Vv=VM code)
j  jogamp.nativewindow.jawt.macosx.MacOSXJAWTWindow.UnsetJAWTRootSurfaceLayer0(JJ)V+0
j  jogamp.nativewindow.jawt.macosx.MacOSXJAWTWindow.access$200(JJ)V+2
j  jogamp.nativewindow.jawt.macosx.MacOSXJAWTWindow$1.run()V+38
j  com.jogamp.common.util.RunnableTask.run()V+24
v  ~StubRoutines::call_stub

---------------  P R O C E S S  ---------------

Java Threads: ( => current thread )
  0x00007f926f964800 JavaThread "Thread-42" [_thread_blocked, id=67875, stack(0x000070000104a000,0x000070000114a000)]
  0x00007f926b643000 JavaThread "Image Fetcher 2" daemon [_thread_blocked, id=73219, stack(0x0000700002186000,0x0000700002286000)]
  0x00007f926ad96000 JavaThread "Image Fetcher 1" daemon [_thread_blocked, id=72707, stack(0x0000700002083000,0x0000700002183000)]
  0x00007f926ad94000 JavaThread "Image Fetcher 0" daemon [_thread_blocked, id=72195, stack(0x0000700001f80000,0x0000700002080000)]
  0x00007f926ac55000 JavaThread "Keep-Alive-Timer" daemon [_thread_blocked, id=71695, stack(0x0000700001e7d000,0x0000700001f7d000)]
  0x00007f926a2c2800 JavaThread "AWT-EventQueue-1" [_thread_in_native, id=65067, stack(0x00007000018eb000,0x00007000019eb000)]
  0x00007f926a00c800 JavaThread "DestroyJavaVM" [_thread_blocked, id=4099, stack(0x0000700000084000,0x0000700000184000)]
  0x00007f926b1ac800 JavaThread "AWT-EventQueue-0" [_thread_blocked, id=56579, stack(0x00007000016e5000,0x00007000017e5000)]
  0x00007f926a803000 JavaThread "Java2D Disposer" daemon [_thread_blocked, id=52487, stack(0x000070000145c000,0x000070000155c000)]
  0x00007f926a0eb800 JavaThread "Java2D Queue Flusher" daemon [_thread_blocked, id=50439, stack(0x0000700001359000,0x0000700001459000)]
  0x00007f926a0b2000 JavaThread "AWT-Shutdown" [_thread_blocked, id=30227, stack(0x00007000011d3000,0x00007000012d3000)]
=>0x00007f926a0a7800 JavaThread "AWT-AppKit" daemon [_thread_in_native, id=2571, stack(0x00007fff5cab4000,0x00007fff5d2b4000)]
  0x00007f926b825000 JavaThread "Service Thread" daemon [_thread_blocked, id=18691, stack(0x0000700000e44000,0x0000700000f44000)]
  0x00007f926a03b000 JavaThread "C1 CompilerThread2" daemon [_thread_blocked, id=18179, stack(0x0000700000d41000,0x0000700000e41000)]
  0x00007f926b818800 JavaThread "C2 CompilerThread1" daemon [_thread_blocked, id=17667, stack(0x0000700000c3e000,0x0000700000d3e000)]
  0x00007f926b02a800 JavaThread "C2 CompilerThread0" daemon [_thread_blocked, id=17155, stack(0x0000700000b3b000,0x0000700000c3b000)]
  0x00007f926a00a000 JavaThread "Signal Dispatcher" daemon [_thread_blocked, id=12815, stack(0x0000700000a38000,0x0000700000b38000)]
  0x00007f926b809000 JavaThread "Finalizer" daemon [_thread_blocked, id=11779, stack(0x000070000082f000,0x000070000092f000)]
  0x00007f926b806000 JavaThread "Reference Handler" daemon [_thread_blocked, id=11267, stack(0x000070000072c000,0x000070000082c000)]

Other Threads:
  0x00007f926b04e000 VMThread [stack: 0x0000700000629000,0x0000700000729000] [id=10755]
  0x00007f926a80f800 WatcherThread [stack: 0x0000700000f47000,0x0000700001047000] [id=19203]

VM state:not at safepoint (normal execution)

VM Mutex/Monitor currently owned by a thread: None

Heap:
 PSYoungGen      total 388096K, used 345103K [0x0000000795580000, 0x00000007afa00000, 0x00000007c0000000)
  eden space 387584K, 89% used [0x0000000795580000,0x00000007aa663f58,0x00000007ad000000)
  from space 512K, 25% used [0x00000007af980000,0x00000007af9a0000,0x00000007afa00000)
  to   space 12288K, 0% used [0x00000007ae200000,0x00000007ae200000,0x00000007aee00000)
 ParOldGen       total 87552K, used 25792K [0x0000000740000000, 0x0000000745580000, 0x0000000795580000)
  object space 87552K, 29% used [0x0000000740000000,0x00000007419303a0,0x0000000745580000)
 Metaspace       used 19518K, capacity 19747K, committed 19968K, reserved 1067008K
  class space    used 1921K, capacity 1988K, committed 2048K, reserved 1048576K

Card table byte_map: [0x0000000113800000,0x0000000113c01000] byte_map_base: 0x000000010fe00000

Marking Bits: (ParMarkBitMap*) 0x00000001034d2ea0
 Begin Bits: [0x0000000113eac000, 0x0000000115eac000)
 End Bits:   [0x0000000115eac000, 0x0000000117eac000)

Polling page: 0x0000000103bc1000

CodeCache: size=245760Kb used=7383Kb max_used=7886Kb free=238376Kb
 bounds [0x0000000103bd4000, 0x00000001043a4000, 0x0000000112bd4000]
 total_blobs=2917 nmethods=2039 adapters=791
 compilation: enabled

Compilation events (10 events):
Event: 9.807 Thread 0x00007f926a03b000 2466       3       java.lang.Float::floatValue (5 bytes)
Event: 9.808 Thread 0x00007f926a03b000 nmethod 2466 0x0000000103f3f310 code [0x0000000103f3f460, 0x0000000103f3f5b0]
Event: 9.809 Thread 0x00007f926a03b000 2467   !   3       sun.lwawt.LWComponentPeer::isShowing (49 bytes)
Event: 9.810 Thread 0x00007f926a03b000 nmethod 2467 0x000000010438a990 code [0x000000010438ab40, 0x000000010438b428]
Event: 9.853 Thread 0x00007f926a03b000 2468       3       java.util.HashSet::<init> (16 bytes)
Event: 9.854 Thread 0x00007f926a03b000 nmethod 2468 0x0000000103f3eb90 code [0x0000000103f3ed20, 0x0000000103f3f130]
Event: 9.854 Thread 0x00007f926a03b000 2469   !   3       sun.awt.AWTAutoShutdown::notifyThreadBusy (88 bytes)
Event: 9.855 Thread 0x00007f926a03b000 nmethod 2469 0x00000001042fe750 code [0x00000001042fe920, 0x00000001042ff0b8]
Event: 9.870 Thread 0x00007f926a03b000 2470       3       java.util.HashSet::remove (20 bytes)
Event: 9.871 Thread 0x00007f926a03b000 nmethod 2470 0x00000001042fde50 code [0x00000001042fe000, 0x00000001042fe578]

GC Heap History (10 events):
Event: 5.137 GC heap before
{Heap before GC invocations=8 (full 0):
 PSYoungGen      total 144896K, used 135232K [0x0000000795580000, 0x00000007a7180000, 0x00000007c0000000)
  eden space 133120K, 100% used [0x0000000795580000,0x000000079d780000,0x000000079d780000)
  from space 11776K, 17% used [0x000000079d780000,0x000000079d9900b0,0x000000079e300000)
  to   space 12288K, 0% used [0x00000007a6580000,0x00000007a6580000,0x00000007a7180000)
 ParOldGen       total 87552K, used 14704K [0x0000000740000000, 0x0000000745580000, 0x0000000795580000)
  object space 87552K, 16% used [0x0000000740000000,0x0000000740e5c000,0x0000000745580000)
 Metaspace       used 19127K, capacity 19353K, committed 19456K, reserved 1067008K
  class space    used 1913K, capacity 1987K, committed 2048K, reserved 1048576K
Event: 5.139 GC heap after
Heap after GC invocations=8 (full 0):
 PSYoungGen      total 278016K, used 1344K [0x0000000795580000, 0x00000007a7280000, 0x00000007c0000000)
  eden space 265728K, 0% used [0x0000000795580000,0x0000000795580000,0x00000007a5900000)
  from space 12288K, 10% used [0x00000007a6580000,0x00000007a66d0060,0x00000007a7180000)
  to   space 12800K, 0% used [0x00000007a5900000,0x00000007a5900000,0x00000007a6580000)
 ParOldGen       total 87552K, used 15472K [0x0000000740000000, 0x0000000745580000, 0x0000000795580000)
  object space 87552K, 17% used [0x0000000740000000,0x0000000740f1c050,0x0000000745580000)
 Metaspace       used 19127K, capacity 19353K, committed 19456K, reserved 1067008K
  class space    used 1913K, capacity 1987K, committed 2048K, reserved 1048576K
}
Event: 5.916 GC heap before
{Heap before GC invocations=9 (full 0):
 PSYoungGen      total 278016K, used 267072K [0x0000000795580000, 0x00000007a7280000, 0x00000007c0000000)
  eden space 265728K, 100% used [0x0000000795580000,0x00000007a5900000,0x00000007a5900000)
  from space 12288K, 10% used [0x00000007a6580000,0x00000007a66d0060,0x00000007a7180000)
  to   space 12800K, 0% used [0x00000007a5900000,0x00000007a5900000,0x00000007a6580000)
 ParOldGen       total 87552K, used 15472K [0x0000000740000000, 0x0000000745580000, 0x0000000795580000)
  object space 87552K, 17% used [0x0000000740000000,0x0000000740f1c050,0x0000000745580000)
 Metaspace       used 19236K, capacity 19491K, committed 19712K, reserved 1067008K
  class space    used 1914K, capacity 1988K, committed 2048K, reserved 1048576K
Event: 5.917 GC heap after
Heap after GC invocations=9 (full 0):
 PSYoungGen      total 278528K, used 416K [0x0000000795580000, 0x00000007b0e00000, 0x00000007c0000000)
  eden space 265728K, 0% used [0x0000000795580000,0x0000000795580000,0x00000007a5900000)
  from space 12800K, 3% used [0x00000007a5900000,0x00000007a5968010,0x00000007a6580000)
  to   space 12800K, 0% used [0x00000007b0180000,0x00000007b0180000,0x00000007b0e00000)
 ParOldGen       total 87552K, used 16440K [0x0000000740000000, 0x0000000745580000, 0x0000000795580000)
  object space 87552K, 18% used [0x0000000740000000,0x000000074100e150,0x0000000745580000)
 Metaspace       used 19236K, capacity 19491K, committed 19712K, reserved 1067008K
  class space    used 1914K, capacity 1988K, committed 2048K, reserved 1048576K
}
Event: 6.643 GC heap before
{Heap before GC invocations=10 (full 0):
 PSYoungGen      total 278528K, used 266144K [0x0000000795580000, 0x00000007b0e00000, 0x00000007c0000000)
  eden space 265728K, 100% used [0x0000000795580000,0x00000007a5900000,0x00000007a5900000)
  from space 12800K, 3% used [0x00000007a5900000,0x00000007a5968010,0x00000007a6580000)
  to   space 12800K, 0% used [0x00000007b0180000,0x00000007b0180000,0x00000007b0e00000)
 ParOldGen       total 87552K, used 16440K [0x0000000740000000, 0x0000000745580000, 0x0000000795580000)
  object space 87552K, 18% used [0x0000000740000000,0x000000074100e150,0x0000000745580000)
 Metaspace       used 19291K, capacity 19555K, committed 19712K, reserved 1067008K
  class space    used 1915K, capacity 1988K, committed 2048K, reserved 1048576K
Event: 6.647 GC heap after
Heap after GC invocations=10 (full 0):
 PSYoungGen      total 437248K, used 6080K [0x0000000795580000, 0x00000007b0d00000, 0x00000007c0000000)
  eden space 425472K, 0% used [0x0000000795580000,0x0000000795580000,0x00000007af500000)
  from space 11776K, 51% used [0x00000007b0180000,0x00000007b0770170,0x00000007b0d00000)
  to   space 12288K, 0% used [0x00000007af500000,0x00000007af500000,0x00000007b0100000)
 ParOldGen       total 87552K, used 16728K [0x0000000740000000, 0x0000000745580000, 0x0000000795580000)
  object space 87552K, 19% used [0x0000000740000000,0x0000000741056160,0x0000000745580000)
 Metaspace       used 19291K, capacity 19555K, committed 19712K, reserved 1067008K
  class space    used 1915K, capacity 1988K, committed 2048K, reserved 1048576K
}
Event: 7.772 GC heap before
{Heap before GC invocations=11 (full 0):
 PSYoungGen      total 437248K, used 431552K [0x0000000795580000, 0x00000007b0d00000, 0x00000007c0000000)
  eden space 425472K, 100% used [0x0000000795580000,0x00000007af500000,0x00000007af500000)
  from space 11776K, 51% used [0x00000007b0180000,0x00000007b0770170,0x00000007b0d00000)
  to   space 12288K, 0% used [0x00000007af500000,0x00000007af500000,0x00000007b0100000)
 ParOldGen       total 87552K, used 16728K [0x0000000740000000, 0x0000000745580000, 0x0000000795580000)
  object space 87552K, 19% used [0x0000000740000000,0x0000000741056160,0x0000000745580000)
 Metaspace       used 19389K, capacity 19619K, committed 19712K, reserved 1067008K
  class space    used 1915K, capacity 1988K, committed 2048K, reserved 1048576K
Event: 7.777 GC heap after
Heap after GC invocations=11 (full 0):
 PSYoungGen      total 410624K, used 4288K [0x0000000795580000, 0x00000007b0200000, 0x00000007c0000000)
  eden space 406016K, 0% used [0x0000000795580000,0x0000000795580000,0x00000007ae200000)
  from space 4608K, 93% used [0x00000007af500000,0x00000007af930100,0x00000007af980000)
  to   space 8704K, 0% used [0x00000007af980000,0x00000007af980000,0x00000007b0200000)
 ParOldGen       total 87552K, used 21656K [0x0000000740000000, 0x0000000745580000, 0x0000000795580000)
  object space 87552K, 24% used [0x0000000740000000,0x00000007415262a0,0x0000000745580000)
 Metaspace       used 19389K, capacity 19619K, committed 19712K, reserved 1067008K
  class space    used 1915K, capacity 1988K, committed 2048K, reserved 1048576K
}
Event: 8.910 GC heap before
{Heap before GC invocations=12 (full 0):
 PSYoungGen      total 410624K, used 410304K [0x0000000795580000, 0x00000007b0200000, 0x00000007c0000000)
  eden space 406016K, 100% used [0x0000000795580000,0x00000007ae200000,0x00000007ae200000)
  from space 4608K, 93% used [0x00000007af500000,0x00000007af930100,0x00000007af980000)
  to   space 8704K, 0% used [0x00000007af980000,0x00000007af980000,0x00000007b0200000)
 ParOldGen       total 87552K, used 21656K [0x0000000740000000, 0x0000000745580000, 0x0000000795580000)
  object space 87552K, 24% used [0x0000000740000000,0x00000007415262a0,0x0000000745580000)
 Metaspace       used 19467K, capacity 19747K, committed 19968K, reserved 1067008K
  class space    used 1915K, capacity 1988K, committed 2048K, reserved 1048576K
Event: 8.913 GC heap after
Heap after GC invocations=12 (full 0):
 PSYoungGen      total 388096K, used 128K [0x0000000795580000, 0x00000007afa00000, 0x00000007c0000000)
  eden space 387584K, 0% used [0x0000000795580000,0x0000000795580000,0x00000007ad000000)
  from space 512K, 25% used [0x00000007af980000,0x00000007af9a0000,0x00000007afa00000)
  to   space 12288K, 0% used [0x00000007ae200000,0x00000007ae200000,0x00000007aee00000)
 ParOldGen       total 87552K, used 25792K [0x0000000740000000, 0x0000000745580000, 0x0000000795580000)
  object space 87552K, 29% used [0x0000000740000000,0x00000007419303a0,0x0000000745580000)
 Metaspace       used 19467K, capacity 19747K, committed 19968K, reserved 1067008K
  class space    used 1915K, capacity 1988K, committed 2048K, reserved 1048576K
}

Deoptimization events (10 events):
Event: 3.004 Thread 0x00007f926a2c2800 Uncommon trap: reason=unstable_if action=reinterpret pc=0x0000000103ff68bc method=com.jogamp.common.util.IntIntHashMap.get(I)I @ 28
Event: 3.203 Thread 0x00007f926a2c2800 Uncommon trap: reason=unstable_if action=reinterpret pc=0x00000001040521f0 method=jogamp.opengl.glu.tessellator.Geom.EdgeSign(Ljogamp/opengl/glu/tessellator/GLUvertex;Ljogamp/opengl/glu/tessellator/GLUvertex;Ljogamp/opengl/glu/tessellator/GLUvertex;)D @ 5
Event: 3.303 Thread 0x00007f926a2c2800 Uncommon trap: reason=unstable_if action=reinterpret pc=0x0000000103fae2d0 method=java.lang.String.trim()Ljava/lang/String; @ 23
Event: 3.411 Thread 0x00007f926a2c2800 Uncommon trap: reason=unstable_if action=reinterpret pc=0x00000001040c2bcc method=jogamp.opengl.glu.tessellator.GLUtessellatorImpl.gluTessVertex([DILjava/lang/Object;)V @ 17
Event: 4.207 Thread 0x00007f926a674800 Uncommon trap: reason=unstable_if action=reinterpret pc=0x0000000103fb1188 method=java.lang.String.regionMatches(ZILjava/lang/String;II)Z @ 123
Event: 4.219 Thread 0x00007f926a674800 Uncommon trap: reason=class_check action=maybe_recompile pc=0x0000000103fe69d0 method=java.util.Arrays.copyOf([Ljava/lang/Object;ILjava/lang/Class;)[Ljava/lang/Object; @ 24
Event: 6.159 Thread 0x00007f926a2c2800 Uncommon trap: reason=unstable_if action=reinterpret pc=0x00000001043529b8 method=java.text.DecimalFormat.subformat(Ljava/lang/StringBuffer;Ljava/text/Format$FieldDelegate;ZZIIII)Ljava/lang/StringBuffer; @ 753
Event: 9.803 Thread 0x00007f926a2c2800 Uncommon trap: reason=unstable_if action=reinterpret pc=0x00000001040e0328 method=com.jogamp.common.util.VersionNumber.compareTo(Lcom/jogamp/common/util/VersionNumber;)I @ 21
Event: 9.805 Thread 0x00007f926b1ac800 Uncommon trap: reason=class_check action=maybe_recompile pc=0x0000000103fe69d0 method=java.util.Arrays.copyOf([Ljava/lang/Object;ILjava/lang/Class;)[Ljava/lang/Object; @ 24
Event: 9.869 Thread 0x00007f926a2c2800 Uncommon trap: reason=unstable_if action=reinterpret pc=0x0000000103dd642c method=java.security.AccessControlContext.optimize()Ljava/security/AccessControlContext; @ 233

Internal exceptions (10 events):
Event: 0.224 Thread 0x00007f926a00c800 Exception <a 'java/lang/NoSuchFieldError': method resolution failed> (0x0000000795785e60) thrown at [/Users/java_re/workspace/8-2-build-macosx-x86_64/jdk8u77/6540/hotspot/src/share/vm/prims/methodHandles.cpp, line 1146]
Event: 0.227 Thread 0x00007f926a00c800 Exception <a 'java/lang/NoSuchFieldError': method resolution failed> (0x0000000795793630) thrown at [/Users/java_re/workspace/8-2-build-macosx-x86_64/jdk8u77/6540/hotspot/src/share/vm/prims/methodHandles.cpp, line 1146]
Event: 0.432 Thread 0x00007f926a00c800 Exception <a 'java/io/FileNotFoundException'> (0x000000079580f5f0) thrown at [/Users/java_re/workspace/8-2-build-macosx-x86_64/jdk8u77/6540/hotspot/src/share/vm/prims/jni.cpp, line 709]
Event: 0.433 Thread 0x00007f926a00c800 Exception <a 'java/io/FileNotFoundException'> (0x0000000795810118) thrown at [/Users/java_re/workspace/8-2-build-macosx-x86_64/jdk8u77/6540/hotspot/src/share/vm/prims/jni.cpp, line 709]
Event: 0.591 Thread 0x00007f926a00c800 Exception <a 'java/io/FileNotFoundException'> (0x000000079594bad0) thrown at [/Users/java_re/workspace/8-2-build-macosx-x86_64/jdk8u77/6540/hotspot/src/share/vm/prims/jni.cpp, line 709]
Event: 1.936 Thread 0x00007f926b353000 Exception <a 'java/lang/UnsatisfiedLinkError': com.jogamp.common.util.JarUtil.fixNativeLibAttribs(Ljava/lang/String;)Z> (0x0000000796b6e9c0) thrown at [/Users/java_re/workspace/8-2-build-macosx-x86_64/jdk8u77/6540/hotspot/src/share/vm/prims/nativeLookup.c
Event: 2.236 Thread 0x00007f926b809000 Exception <a 'java/lang/NullPointerException'> (0x00000007956a7960) thrown at [/Users/java_re/workspace/8-2-build-macosx-x86_64/jdk8u77/6540/hotspot/src/share/vm/interpreter/linkResolver.cpp, line 1178]
Event: 2.782 Thread 0x00007f926a2c2800 Exception <a 'java/io/FileNotFoundException'> (0x0000000795e6d5d8) thrown at [/Users/java_re/workspace/8-2-build-macosx-x86_64/jdk8u77/6540/hotspot/src/share/vm/prims/jni.cpp, line 709]
Event: 2.782 Thread 0x00007f926a2c2800 Exception <a 'java/io/FileNotFoundException'> (0x0000000795e73620) thrown at [/Users/java_re/workspace/8-2-build-macosx-x86_64/jdk8u77/6540/hotspot/src/share/vm/prims/jni.cpp, line 709]
Event: 2.782 Thread 0x00007f926a2c2800 Implicit null exception at 0x0000000103d85fb5 to 0x0000000103d86319

Events (10 events):
Event: 9.869 Thread 0x00007f926a2c2800 DEOPT UNPACKING pc=0x0000000103bd9229 sp=0x00007000019e8880 mode 2
Event: 9.869 loading class java/awt/LightweightDispatcher$2
Event: 9.869 loading class java/awt/LightweightDispatcher$2 done
Event: 9.869 loading class java/awt/event/AWTEventListenerProxy
Event: 9.869 loading class java/awt/event/AWTEventListenerProxy done
Event: 9.869 loading class java/awt/Toolkit$ToolkitEventMulticaster
Event: 9.869 loading class java/awt/Toolkit$ToolkitEventMulticaster done
Event: 9.870 Thread 0x00007f926a803800 Thread exited: 0x00007f926a803800
Event: 9.871 loading class java/awt/Window$1DisposeAction
Event: 9.871 loading class java/awt/Window$1DisposeAction done


Dynamic libraries:
0x0000000006b16000 	/System/Library/Frameworks/Cocoa.framework/Versions/A/Cocoa
0x0000000006b16000 	/System/Library/Frameworks/Security.framework/Versions/A/Security
0x0000000006b16000 	/System/Library/Frameworks/ApplicationServices.framework/Versions/A/ApplicationServices
0x0000000006b16000 	/usr/lib/libz.1.dylib
0x0000000006b16000 	/usr/lib/libSystem.B.dylib
0x0000000006b16000 	/usr/lib/libobjc.A.dylib
0x0000000006b16000 	/System/Library/Frameworks/CoreFoundation.framework/Versions/A/CoreFoundation
0x0000000006b16000 	/System/Library/Frameworks/Foundation.framework/Versions/C/Foundation
0x0000000006b16000 	/System/Library/Frameworks/AppKit.framework/Versions/C/AppKit
0x0000000006b16000 	/System/Library/Frameworks/CoreData.framework/Versions/A/CoreData
0x0000000006b16000 	/System/Library/PrivateFrameworks/RemoteViewServices.framework/Versions/A/RemoteViewServices
0x0000000006b16000 	/System/Library/PrivateFrameworks/UIFoundation.framework/Versions/A/UIFoundation
0x0000000006b16000 	/usr/lib/libScreenReader.dylib
0x0000000006b16000 	/System/Library/Frameworks/Accelerate.framework/Versions/A/Accelerate
0x0000000006b16000 	/System/Library/Frameworks/IOSurface.framework/Versions/A/IOSurface
0x0000000006b16000 	/System/Library/Frameworks/AudioToolbox.framework/Versions/A/AudioToolbox
0x0000000006b16000 	/System/Library/Frameworks/AudioUnit.framework/Versions/A/AudioUnit
0x0000000006b16000 	/System/Library/PrivateFrameworks/DataDetectorsCore.framework/Versions/A/DataDetectorsCore
0x0000000006b16000 	/System/Library/PrivateFrameworks/DesktopServicesPriv.framework/Versions/A/DesktopServicesPriv
0x0000000006b16000 	/System/Library/Frameworks/Carbon.framework/Versions/A/Frameworks/HIToolbox.framework/Versions/A/HIToolbox
0x0000000006b16000 	/System/Library/Frameworks/QuartzCore.framework/Versions/A/QuartzCore
0x0000000006b16000 	/System/Library/Frameworks/Carbon.framework/Versions/A/Frameworks/SpeechRecognition.framework/Versions/A/SpeechRecognition
0x0000000006b16000 	/usr/lib/libauto.dylib
0x0000000006b16000 	/usr/lib/libicucore.A.dylib
0x0000000006b16000 	/usr/lib/libxml2.2.dylib
0x0000000006b16000 	/System/Library/PrivateFrameworks/CoreUI.framework/Versions/A/CoreUI
0x0000000006b16000 	/System/Library/Frameworks/CoreAudio.framework/Versions/A/CoreAudio
0x0000000006b16000 	/System/Library/Frameworks/DiskArbitration.framework/Versions/A/DiskArbitration
0x0000000006b16000 	/usr/lib/liblangid.dylib
0x0000000006b16000 	/System/Library/PrivateFrameworks/MultitouchSupport.framework/Versions/A/MultitouchSupport
0x0000000006b16000 	/System/Library/Frameworks/IOKit.framework/Versions/A/IOKit
0x0000000006b16000 	/usr/lib/libDiagnosticMessagesClient.dylib
0x0000000006b16000 	/System/Library/Frameworks/CoreServices.framework/Versions/A/CoreServices
0x0000000006b16000 	/System/Library/PrivateFrameworks/PerformanceAnalysis.framework/Versions/A/PerformanceAnalysis
0x0000000006b16000 	/System/Library/PrivateFrameworks/GenerationalStorage.framework/Versions/A/GenerationalStorage
0x0000000006b16000 	/System/Library/Frameworks/OpenGL.framework/Versions/A/OpenGL
0x0000000006b16000 	/System/Library/PrivateFrameworks/Sharing.framework/Versions/A/Sharing
0x0000000006b16000 	/System/Library/Frameworks/CoreGraphics.framework/Versions/A/CoreGraphics
0x0000000006b16000 	/System/Library/Frameworks/CoreImage.framework/Versions/A/CoreImage
0x0000000006b16000 	/System/Library/Frameworks/CoreText.framework/Versions/A/CoreText
0x0000000006b16000 	/System/Library/Frameworks/ImageIO.framework/Versions/A/ImageIO
0x0000000006b16000 	/System/Library/PrivateFrameworks/Backup.framework/Versions/A/Backup
0x0000000006b16000 	/usr/lib/libextension.dylib
0x0000000006b16000 	/usr/lib/libarchive.2.dylib
0x0000000006b16000 	/System/Library/Frameworks/CFNetwork.framework/Versions/A/CFNetwork
0x0000000006b16000 	/System/Library/Frameworks/SystemConfiguration.framework/Versions/A/SystemConfiguration
0x0000000006b16000 	/usr/lib/libCRFSuite.dylib
0x0000000006b16000 	/usr/lib/libc++.1.dylib
0x0000000006b16000 	/usr/lib/libc++abi.dylib
0x0000000006b16000 	/usr/lib/system/libcache.dylib
0x0000000006b16000 	/usr/lib/system/libcommonCrypto.dylib
0x0000000006b16000 	/usr/lib/system/libcompiler_rt.dylib
0x0000000006b16000 	/usr/lib/system/libcopyfile.dylib
0x0000000006b16000 	/usr/lib/system/libcorecrypto.dylib
0x0000000006b16000 	/usr/lib/system/libdispatch.dylib
0x0000000006b16000 	/usr/lib/system/libdyld.dylib
0x0000000006b16000 	/usr/lib/system/libkeymgr.dylib
0x0000000006b16000 	/usr/lib/system/liblaunch.dylib
0x0000000006b16000 	/usr/lib/system/libmacho.dylib
0x0000000006b16000 	/usr/lib/system/libquarantine.dylib
0x0000000006b16000 	/usr/lib/system/libremovefile.dylib
0x0000000006b16000 	/usr/lib/system/libsystem_asl.dylib
0x0000000006b16000 	/usr/lib/system/libsystem_blocks.dylib
0x0000000006b16000 	/usr/lib/system/libsystem_c.dylib
0x0000000006b16000 	/usr/lib/system/libsystem_configuration.dylib
0x0000000006b16000 	/usr/lib/system/libsystem_coreservices.dylib
0x0000000006b16000 	/usr/lib/system/libsystem_coretls.dylib
0x0000000006b16000 	/usr/lib/system/libsystem_dnssd.dylib
0x0000000006b16000 	/usr/lib/system/libsystem_info.dylib
0x0000000006b16000 	/usr/lib/system/libsystem_kernel.dylib
0x0000000006b16000 	/usr/lib/system/libsystem_m.dylib
0x0000000006b16000 	/usr/lib/system/libsystem_malloc.dylib
0x0000000006b16000 	/usr/lib/system/libsystem_network.dylib
0x0000000006b16000 	/usr/lib/system/libsystem_networkextension.dylib
0x0000000006b16000 	/usr/lib/system/libsystem_notify.dylib
0x0000000006b16000 	/usr/lib/system/libsystem_platform.dylib
0x0000000006b16000 	/usr/lib/system/libsystem_pthread.dylib
0x0000000006b16000 	/usr/lib/system/libsystem_sandbox.dylib
0x0000000006b16000 	/usr/lib/system/libsystem_secinit.dylib
0x0000000006b16000 	/usr/lib/system/libsystem_trace.dylib
0x0000000006b16000 	/usr/lib/system/libunc.dylib
0x0000000006b16000 	/usr/lib/system/libunwind.dylib
0x0000000006b16000 	/usr/lib/system/libxpc.dylib
0x0000000006b16000 	/usr/lib/libenergytrace.dylib
0x0000000006b16000 	/usr/lib/libbsm.0.dylib
0x0000000006b16000 	/usr/lib/system/libkxld.dylib
0x0000000006b16000 	/usr/lib/libxar.1.dylib
0x0000000006b16000 	/usr/lib/libsqlite3.dylib
0x0000000006b16000 	/usr/lib/libpam.2.dylib
0x0000000006b16000 	/usr/lib/libOpenScriptingUtil.dylib
0x0000000006b16000 	/usr/lib/libbz2.1.0.dylib
0x0000000006b16000 	/usr/lib/liblzma.5.dylib
0x0000000006b16000 	/System/Library/Frameworks/CoreServices.framework/Versions/A/Frameworks/FSEvents.framework/Versions/A/FSEvents
0x0000000006b16000 	/System/Library/Frameworks/CoreServices.framework/Versions/A/Frameworks/CarbonCore.framework/Versions/A/CarbonCore
0x0000000006b16000 	/System/Library/Frameworks/CoreServices.framework/Versions/A/Frameworks/Metadata.framework/Versions/A/Metadata
0x0000000006b16000 	/System/Library/Frameworks/CoreServices.framework/Versions/A/Frameworks/OSServices.framework/Versions/A/OSServices
0x0000000006b16000 	/System/Library/Frameworks/CoreServices.framework/Versions/A/Frameworks/SearchKit.framework/Versions/A/SearchKit
0x0000000006b16000 	/System/Library/Frameworks/CoreServices.framework/Versions/A/Frameworks/AE.framework/Versions/A/AE
0x0000000006b16000 	/System/Library/Frameworks/CoreServices.framework/Versions/A/Frameworks/LaunchServices.framework/Versions/A/LaunchServices
0x0000000006b16000 	/System/Library/Frameworks/CoreServices.framework/Versions/A/Frameworks/DictionaryServices.framework/Versions/A/DictionaryServices
0x0000000006b16000 	/System/Library/Frameworks/CoreServices.framework/Versions/A/Frameworks/SharedFileList.framework/Versions/A/SharedFileList
0x0000000006b16000 	/System/Library/Frameworks/NetFS.framework/Versions/A/NetFS
0x0000000006b16000 	/System/Library/PrivateFrameworks/NetAuth.framework/Versions/A/NetAuth
0x0000000006b16000 	/System/Library/PrivateFrameworks/login.framework/Versions/A/Frameworks/loginsupport.framework/Versions/A/loginsupport
0x0000000006b16000 	/System/Library/PrivateFrameworks/TCC.framework/Versions/A/TCC
0x0000000006b16000 	/usr/lib/libmecabra.dylib
0x0000000006b16000 	/System/Library/Frameworks/ApplicationServices.framework/Versions/A/Frameworks/ATS.framework/Versions/A/ATS
0x0000000006b16000 	/System/Library/Frameworks/ApplicationServices.framework/Versions/A/Frameworks/ColorSync.framework/Versions/A/ColorSync
0x0000000006b16000 	/System/Library/Frameworks/ApplicationServices.framework/Versions/A/Frameworks/HIServices.framework/Versions/A/HIServices
0x0000000006b16000 	/System/Library/Frameworks/ApplicationServices.framework/Versions/A/Frameworks/LangAnalysis.framework/Versions/A/LangAnalysis
0x0000000006b16000 	/System/Library/Frameworks/ApplicationServices.framework/Versions/A/Frameworks/PrintCore.framework/Versions/A/PrintCore
0x0000000006b16000 	/System/Library/Frameworks/ApplicationServices.framework/Versions/A/Frameworks/QD.framework/Versions/A/QD
0x0000000006b16000 	/System/Library/Frameworks/ApplicationServices.framework/Versions/A/Frameworks/SpeechSynthesis.framework/Versions/A/SpeechSynthesis
0x0000000006b16000 	/System/Library/Frameworks/Metal.framework/Versions/A/Metal
0x0000000006b16000 	/System/Library/Frameworks/Accelerate.framework/Versions/A/Frameworks/vImage.framework/Versions/A/vImage
0x0000000006b16000 	/System/Library/Frameworks/Accelerate.framework/Versions/A/Frameworks/vecLib.framework/Versions/A/vecLib
0x0000000006b16000 	/System/Library/Frameworks/Accelerate.framework/Versions/A/Frameworks/vecLib.framework/Versions/A/libvDSP.dylib
0x0000000006b16000 	/System/Library/Frameworks/Accelerate.framework/Versions/A/Frameworks/vecLib.framework/Versions/A/libvMisc.dylib
0x0000000006b16000 	/System/Library/Frameworks/Accelerate.framework/Versions/A/Frameworks/vecLib.framework/Versions/A/libLAPACK.dylib
0x0000000006b16000 	/System/Library/Frameworks/Accelerate.framework/Versions/A/Frameworks/vecLib.framework/Versions/A/libBLAS.dylib
0x0000000006b16000 	/System/Library/Frameworks/Accelerate.framework/Versions/A/Frameworks/vecLib.framework/Versions/A/libLinearAlgebra.dylib
0x0000000006b16000 	/System/Library/Frameworks/Accelerate.framework/Versions/A/Frameworks/vecLib.framework/Versions/A/libSparseBLAS.dylib
0x0000000006b16000 	/System/Library/PrivateFrameworks/GPUCompiler.framework/libmetal_timestamp.dylib
0x0000000006b16000 	/System/Library/Frameworks/OpenGL.framework/Versions/A/Libraries/libCoreFSCache.dylib
0x0000000006b16000 	/System/Library/PrivateFrameworks/IOAccelerator.framework/Versions/A/IOAccelerator
0x0000000006b16000 	/System/Library/Frameworks/ApplicationServices.framework/Versions/A/Frameworks/ATS.framework/Versions/A/Resources/libFontParser.dylib
0x0000000006b16000 	/System/Library/Frameworks/ApplicationServices.framework/Versions/A/Frameworks/ATS.framework/Versions/A/Resources/libFontRegistry.dylib
0x0000000006b16000 	/System/Library/PrivateFrameworks/AppleVPA.framework/Versions/A/AppleVPA
0x0000000006b16000 	/System/Library/PrivateFrameworks/AppleJPEG.framework/Versions/A/AppleJPEG
0x0000000006b16000 	/System/Library/Frameworks/ImageIO.framework/Versions/A/Resources/libJPEG.dylib
0x0000000006b16000 	/System/Library/Frameworks/ImageIO.framework/Versions/A/Resources/libTIFF.dylib
0x0000000006b16000 	/System/Library/Frameworks/ImageIO.framework/Versions/A/Resources/libPng.dylib
0x0000000006b16000 	/System/Library/Frameworks/ImageIO.framework/Versions/A/Resources/libGIF.dylib
0x0000000006b16000 	/System/Library/Frameworks/ImageIO.framework/Versions/A/Resources/libJP2.dylib
0x0000000006b16000 	/System/Library/Frameworks/ImageIO.framework/Versions/A/Resources/libRadiance.dylib
0x0000000006b16000 	/System/Library/Frameworks/CoreVideo.framework/Versions/A/CoreVideo
0x0000000006b16000 	/System/Library/Frameworks/OpenGL.framework/Versions/A/Libraries/libGLU.dylib
0x0000000006b16000 	/System/Library/Frameworks/OpenGL.framework/Versions/A/Libraries/libGFXShared.dylib
0x0000000006b16000 	/System/Library/Frameworks/OpenGL.framework/Versions/A/Libraries/libGL.dylib
0x0000000006b16000 	/System/Library/Frameworks/OpenGL.framework/Versions/A/Libraries/libGLImage.dylib
0x0000000006b16000 	/System/Library/Frameworks/OpenGL.framework/Versions/A/Libraries/libCVMSPluginSupport.dylib
0x0000000006b16000 	/System/Library/Frameworks/OpenGL.framework/Versions/A/Libraries/libCoreVMClient.dylib
0x0000000006b16000 	/usr/lib/libcompression.dylib
0x0000000006b16000 	/usr/lib/libcups.2.dylib
0x0000000006b16000 	/System/Library/Frameworks/Kerberos.framework/Versions/A/Kerberos
0x0000000006b16000 	/System/Library/Frameworks/GSS.framework/Versions/A/GSS
0x0000000006b16000 	/usr/lib/libresolv.9.dylib
0x0000000006b16000 	/usr/lib/libiconv.2.dylib
0x0000000006b16000 	/System/Library/PrivateFrameworks/Heimdal.framework/Versions/A/Heimdal
0x0000000006b16000 	/usr/lib/libheimdal-asn1.dylib
0x0000000006b16000 	/System/Library/Frameworks/OpenDirectory.framework/Versions/A/OpenDirectory
0x0000000006b16000 	/System/Library/PrivateFrameworks/CommonAuth.framework/Versions/A/CommonAuth
0x0000000006b16000 	/System/Library/Frameworks/OpenDirectory.framework/Versions/A/Frameworks/CFOpenDirectory.framework/Versions/A/CFOpenDirectory
0x0000000006b16000 	/System/Library/Frameworks/SecurityFoundation.framework/Versions/A/SecurityFoundation
0x0000000006b16000 	/System/Library/PrivateFrameworks/LanguageModeling.framework/Versions/A/LanguageModeling
0x0000000006b16000 	/usr/lib/libmarisa.dylib
0x0000000006b16000 	/usr/lib/libChineseTokenizer.dylib
0x0000000006b16000 	/usr/lib/libcmph.dylib
0x0000000006b16000 	/System/Library/Frameworks/ServiceManagement.framework/Versions/A/ServiceManagement
0x0000000006b16000 	/usr/lib/libxslt.1.dylib
0x0000000006b16000 	/System/Library/Frameworks/Carbon.framework/Versions/A/Frameworks/Ink.framework/Versions/A/Ink
0x0000000006b16000 	/usr/lib/libFosl_dynamic.dylib
0x0000000006b16000 	/System/Library/PrivateFrameworks/FaceCore.framework/Versions/A/FaceCore
0x0000000006b16000 	/System/Library/Frameworks/OpenCL.framework/Versions/A/OpenCL
0x0000000006b16000 	/System/Library/PrivateFrameworks/CrashReporterSupport.framework/Versions/A/CrashReporterSupport
0x0000000006b16000 	/System/Library/PrivateFrameworks/IconServices.framework/Versions/A/IconServices
0x0000000006b16000 	/System/Library/PrivateFrameworks/Apple80211.framework/Versions/A/Apple80211
0x0000000006b16000 	/System/Library/Frameworks/CoreWLAN.framework/Versions/A/CoreWLAN
0x0000000006b16000 	/System/Library/Frameworks/IOBluetooth.framework/Versions/A/IOBluetooth
0x0000000006b16000 	/System/Library/PrivateFrameworks/CoreWiFi.framework/Versions/A/CoreWiFi
0x0000000006b16000 	/System/Library/Frameworks/CoreBluetooth.framework/Versions/A/CoreBluetooth
0x0000000006b16000 	/System/Library/PrivateFrameworks/ChunkingLibrary.framework/Versions/A/ChunkingLibrary
0x0000000006b16000 	/System/Library/PrivateFrameworks/DebugSymbols.framework/Versions/A/DebugSymbols
0x0000000006b16000 	/System/Library/PrivateFrameworks/CoreSymbolication.framework/Versions/A/CoreSymbolication
0x0000000006b16000 	/System/Library/PrivateFrameworks/Symbolication.framework/Versions/A/Symbolication
0x0000000006b16000 	/System/Library/PrivateFrameworks/SpeechRecognitionCore.framework/Versions/A/SpeechRecognitionCore
0x0000000048098000 	/System/Library/CoreServices/Encodings/libKoreanConverter.dylib
0x0000000102bef000 	/Library/Java/JavaVirtualMachines/jdk1.8.0_77.jdk/Contents/Home/jre/lib/server/libjvm.dylib
0x0000000006b16000 	/usr/lib/libstdc++.6.dylib
0x0000000103b7e000 	/Library/Java/JavaVirtualMachines/jdk1.8.0_77.jdk/Contents/Home/jre/lib/libverify.dylib
0x0000000103b8c000 	/Library/Java/JavaVirtualMachines/jdk1.8.0_77.jdk/Contents/Home/jre/lib/libjava.dylib
0x0000000103bcb000 	/Library/Java/JavaVirtualMachines/jdk1.8.0_77.jdk/Contents/Home/jre/lib/libzip.dylib
0x0000000119d52000 	/System/Library/Frameworks/JavaVM.framework/Frameworks/JavaRuntimeSupport.framework/JavaRuntimeSupport
0x0000000112fe9000 	/System/Library/Frameworks/JavaVM.framework/Versions/A/Frameworks/JavaNativeFoundation.framework/Versions/A/JavaNativeFoundation
0x0000000119d6d000 	/System/Library/Frameworks/JavaVM.framework/Versions/A/JavaVM
0x0000000006b16000 	/System/Library/Frameworks/Carbon.framework/Versions/A/Carbon
0x0000000119d7a000 	/System/Library/PrivateFrameworks/JavaLaunching.framework/Versions/A/JavaLaunching
0x0000000006b16000 	/System/Library/Frameworks/Carbon.framework/Versions/A/Frameworks/CommonPanels.framework/Versions/A/CommonPanels
0x0000000006b16000 	/System/Library/Frameworks/Carbon.framework/Versions/A/Frameworks/Help.framework/Versions/A/Help
0x0000000006b16000 	/System/Library/Frameworks/Carbon.framework/Versions/A/Frameworks/ImageCapture.framework/Versions/A/ImageCapture
0x0000000006b16000 	/System/Library/Frameworks/Carbon.framework/Versions/A/Frameworks/OpenScripting.framework/Versions/A/OpenScripting
0x0000000006b16000 	/System/Library/Frameworks/Carbon.framework/Versions/A/Frameworks/Print.framework/Versions/A/Print
0x0000000006b16000 	/System/Library/Frameworks/Carbon.framework/Versions/A/Frameworks/SecurityHI.framework/Versions/A/SecurityHI
0x000000011b69d000 	/Library/Java/JavaVirtualMachines/jdk1.8.0_77.jdk/Contents/Home/jre/lib/libawt.dylib
0x000000011b745000 	/Library/Java/JavaVirtualMachines/jdk1.8.0_77.jdk/Contents/Home/jre/lib/./libmlib_image.dylib
0x000000011b811000 	/Library/Java/JavaVirtualMachines/jdk1.8.0_77.jdk/Contents/Home/jre/lib/libawt_lwawt.dylib
0x000000011b8c6000 	/Library/Java/JavaVirtualMachines/jdk1.8.0_77.jdk/Contents/Home/jre/lib/./libosxapp.dylib
0x0000000006b16000 	/System/Library/Frameworks/ExceptionHandling.framework/Versions/A/ExceptionHandling
0x0000000006b16000 	/System/Library/PrivateFrameworks/CoreServicesInternal.framework/Versions/A/CoreServicesInternal
0x000000011c851000 	/System/Library/Frameworks/CoreGraphics.framework/Versions/A/Resources/libRIP.A.dylib
0x0000000006b16000 	/System/Library/Frameworks/Accelerate.framework/Versions/A/Frameworks/vImage.framework/Versions/A/Libraries/libCGInterfaces.dylib
0x000000011cbad000 	/System/Library/Frameworks/CoreGraphics.framework/Versions/A/Resources/libCGXType.A.dylib
0x0000000006b16000 	/System/Library/Frameworks/OpenCL.framework/Versions/A/Libraries/libcldcpuengine.dylib
0x0000000006b16000 	/System/Library/PrivateFrameworks/DiskImages.framework/Versions/A/DiskImages
0x0000000006b16000 	/System/Library/Frameworks/DiscRecording.framework/Versions/A/DiscRecording
0x0000000006b16000 	/usr/lib/libcsfde.dylib
0x0000000006b16000 	/usr/lib/libcurl.4.dylib
0x0000000006b16000 	/System/Library/PrivateFrameworks/MediaKit.framework/Versions/A/MediaKit
0x0000000006b16000 	/System/Library/PrivateFrameworks/ProtectedCloudStorage.framework/Versions/A/ProtectedCloudStorage
0x0000000006b16000 	/usr/lib/libCoreStorage.dylib
0x0000000006b16000 	/System/Library/PrivateFrameworks/EFILogin.framework/Versions/A/EFILogin
0x0000000006b16000 	/usr/lib/libutil.dylib
0x0000000006b16000 	/System/Library/PrivateFrameworks/FindMyDevice.framework/Versions/A/FindMyDevice
0x0000000006b16000 	/System/Library/Frameworks/LDAP.framework/Versions/A/LDAP
0x0000000006b16000 	/usr/lib/libsasl2.2.dylib
0x0000000006b16000 	/System/Library/PrivateFrameworks/CoreDaemon.framework/Versions/B/CoreDaemon
0x0000000006b16000 	/usr/lib/libcrypto.0.9.8.dylib
0x0000000006b16000 	/System/Library/PrivateFrameworks/AppleSRP.framework/Versions/A/AppleSRP
0x0000000006b16000 	/System/Library/PrivateFrameworks/TrustEvaluationAgent.framework/Versions/A/TrustEvaluationAgent
0x000000011d677000 	cl_kernels
0x0000000006b16000 	/System/Library/Frameworks/OpenCL.framework/Versions/A/Libraries/ImageFormats/unorm8_bgra.dylib
0x0000000006b16000 	/System/Library/Frameworks/OpenCL.framework/Versions/A/Libraries/ImageFormats/unorm8_rgba.dylib
0x0000000006b16000 	/System/Library/PrivateFrameworks/FamilyControls.framework/Versions/A/FamilyControls
0x0000000006b16000 	/System/Library/PrivateFrameworks/CommerceKit.framework/Versions/A/Frameworks/CommerceCore.framework/Versions/A/CommerceCore
0x0000000006b16000 	/System/Library/PrivateFrameworks/SystemAdministration.framework/Versions/A/SystemAdministration
0x0000000006b16000 	/System/Library/PrivateFrameworks/AppContainer.framework/Versions/A/AppContainer
0x0000000006b16000 	/System/Library/PrivateFrameworks/SecCodeWrapper.framework/Versions/A/SecCodeWrapper
0x0000000006b16000 	/System/Library/Frameworks/DirectoryService.framework/Versions/A/DirectoryService
0x0000000006b16000 	/System/Library/PrivateFrameworks/LoginUIKit.framework/Versions/A/Frameworks/LoginUICore.framework/Versions/A/LoginUICore
0x0000000006b16000 	/usr/lib/libodfde.dylib
0x0000000006b16000 	/System/Library/Frameworks/OpenGL.framework/Versions/A/Resources/GLEngine.bundle/GLEngine
0x0000000006b16000 	/System/Library/Frameworks/OpenGL.framework/Versions/A/Libraries/libGLProgrammability.dylib
0x000000011e775000 	/System/Library/Extensions/AppleIntelBDWGraphicsGLDriver.bundle/Contents/MacOS/AppleIntelBDWGraphicsGLDriver
0x0000000006b16000 	/System/Library/PrivateFrameworks/GPUSupport.framework/Versions/A/Libraries/libGPUSupportMercury.dylib
0x0000000006b16000 	/System/Library/Frameworks/OpenGL.framework/Versions/A/Resources/GLRendererFloat.bundle/GLRendererFloat
0x000000011f6fd000 	/Library/Java/JavaVirtualMachines/jdk1.8.0_77.jdk/Contents/Home/jre/lib/libfontmanager.dylib
0x0000000122ff2000 	/Library/Java/JavaVirtualMachines/jdk1.8.0_77.jdk/Contents/Home/jre/lib/libosxui.dylib
0x0000000123cd6000 	/Library/Java/JavaVirtualMachines/jdk1.8.0_77.jdk/Contents/Home/jre/lib/libnet.dylib
0x0000000123ae9000 	/Library/Java/JavaVirtualMachines/jdk1.8.0_77.jdk/Contents/Home/jre/lib/libnio.dylib
0x0000000006b16000 	/System/Library/Frameworks/ApplicationServices.framework/Versions/A/Frameworks/ATS.framework/Versions/A/Resources/libTrueTypeScaler.dylib
0x0000000172a07000 	/System/Library/Extensions/AppleIntelBDWGraphicsMTLDriver.bundle/Contents/MacOS/AppleIntelBDWGraphicsMTLDriver
0x0000000122feb000 	/private/var/folders/6q/r8y5zkh55h99sgy_lbth35yr0000gn/T/jogamp_0000/file_cache/jln5705053855010819151/jln7320563722883840005/libgluegen-rt.jnilib
0x0000000122fef000 	/private/var/folders/6q/r8y5zkh55h99sgy_lbth35yr0000gn/T/jogamp_0000/file_cache/jln5705053855010819151/jln7320563722883840005/libnativewindow_awt.jnilib
0x00000001728f4000 	/Library/Java/JavaVirtualMachines/jdk1.8.0_77.jdk/Contents/Home/jre/lib/libjawt.dylib
0x00000001728f7000 	/private/var/folders/6q/r8y5zkh55h99sgy_lbth35yr0000gn/T/jogamp_0000/file_cache/jln5705053855010819151/jln7320563722883840005/libnativewindow_macosx.jnilib
0x0000000173047000 	/private/var/folders/6q/r8y5zkh55h99sgy_lbth35yr0000gn/T/jogamp_0000/file_cache/jln5705053855010819151/jln7320563722883840005/libjogl_desktop.jnilib

VM Arguments:
jvm_args: -Djava.security.policy=java.policy.applet -Dfile.encoding=UTF-8 
java_command: sun.applet.AppletViewer demos.LifeExpectancy1473419459185.html
java_class_path (initial): /Users/mj/Documents/workspace/UCSDUnfoldingMaps/build:/Users/mj/Documents/workspace/UCSDUnfoldingMaps/lib/core.jar:/Users/mj/Documents/workspace/UCSDUnfoldingMaps/lib/gluegen-rt.jar:/Users/mj/Documents/workspace/UCSDUnfoldingMaps/lib/jogl-all.jar:/Users/mj/Documents/workspace/UCSDUnfoldingMaps/lib/log4j-1.2.15.jar:/Users/mj/Documents/workspace/UCSDUnfoldingMaps/lib/sqlite-jdbc-3.7.2.jar:/Users/mj/Documents/workspace/UCSDUnfoldingMaps/lib/json4processing.jar:/Users/mj/Documents/workspace/UCSDUnfoldingMaps/lib/libTUIO.jar:/Users/mj/Documents/workspace/UCSDUnfoldingMaps/lib/unfolding.0.9.7-uscd.jar
Launcher Type: SUN_STANDARD

Environment Variables:
PATH=/usr/bin:/bin:/usr/sbin:/sbin
SHELL=/bin/bash
DISPLAY=/private/tmp/com.apple.launchd.IbTwJJzC13/org.macosforge.xquartz:0

Signal Handlers:
SIGSEGV: [libjvm.dylib+0x5a6855], sa_mask[0]=11111111011111110111111111111111, sa_flags=SA_ONSTACK|SA_RESTART|SA_SIGINFO
SIGBUS: [libjvm.dylib+0x5a6855], sa_mask[0]=11111111011111110111111111111111, sa_flags=SA_RESTART|SA_SIGINFO
SIGFPE: [libjvm.dylib+0x4804ec], sa_mask[0]=11111111011111110111111111111111, sa_flags=SA_RESTART|SA_SIGINFO
SIGPIPE: [libjvm.dylib+0x4804ec], sa_mask[0]=11111111011111110111111111111111, sa_flags=SA_RESTART|SA_SIGINFO
SIGXFSZ: [libjvm.dylib+0x4804ec], sa_mask[0]=11111111011111110111111111111111, sa_flags=SA_RESTART|SA_SIGINFO
SIGILL: [libjvm.dylib+0x4804ec], sa_mask[0]=11111111011111110111111111111111, sa_flags=SA_RESTART|SA_SIGINFO
SIGUSR1: SIG_DFL, sa_mask[0]=00000000000000000000000000000000, sa_flags=none
SIGUSR2: [libjvm.dylib+0x48000a], sa_mask[0]=00100000000000000000000000000000, sa_flags=SA_RESTART|SA_SIGINFO
SIGHUP: [libjvm.dylib+0x47e5e1], sa_mask[0]=11111111011111110111111111111111, sa_flags=SA_RESTART|SA_SIGINFO
SIGINT: [libjvm.dylib+0x47e5e1], sa_mask[0]=11111111011111110111111111111111, sa_flags=SA_RESTART|SA_SIGINFO
SIGTERM: [libjvm.dylib+0x47e5e1], sa_mask[0]=11111111011111110111111111111111, sa_flags=SA_RESTART|SA_SIGINFO
SIGQUIT: [libjvm.dylib+0x47e5e1], sa_mask[0]=11111111011111110111111111111111, sa_flags=SA_RESTART|SA_SIGINFO


---------------  S Y S T E M  ---------------

OS:Bsduname:Darwin 15.6.0 Darwin Kernel Version 15.6.0: Mon Aug 29 20:21:34 PDT 2016; root:xnu-3248.60.11~1/RELEASE_X86_64 x86_64
rlimit: STACK 8192k, CORE 0k, NPROC 709, NOFILE 10240, AS infinity
load average:2.11 1.70 1.73

CPU:total 4 (2 cores per cpu, 2 threads per core) family 6 model 61 stepping 4, cmov, cx8, fxsr, mmx, sse, sse2, sse3, ssse3, sse4.1, sse4.2, popcnt, avx, avx2, aes, clmul, erms, 3dnowpref, lzcnt, ht, tsc, tscinvbit, bmi1, bmi2, adx

Memory: 4k page, physical 8388608k(480960k free)

/proc/meminfo:


vm_info: Java HotSpot(TM) 64-Bit Server VM (25.77-b03) for bsd-amd64 JRE (1.8.0_77-b03), built on Mar 20 2016 22:14:03 by "java_re" with gcc 4.2.1 (Based on Apple Inc. build 5658) (LLVM build 2336.11.00)

time: Fri Sep  9 20:11:09 2016
elapsed time: 9 seconds (0d 0h 0m 9s)

