#
# A fatal error has been detected by the Java Runtime Environment:
#
#  SIGSEGV (0xb) at pc=0x00007fff913564dd, pid=882, tid=2571
#
# JRE version: Java(TM) SE Runtime Environment (8.0_77-b03) (build 1.8.0_77-b03)
# Java VM: Java HotSpot(TM) 64-Bit Server VM (25.77-b03 mixed mode bsd-amd64 compressed oops)
# Problematic frame:
# C  [libobjc.A.dylib+0x14dd]  objc_msgSend+0x1d
#
# Failed to write core dump. Core dumps have been disabled. To enable core dumping, try "ulimit -c unlimited" before starting Java again
#
# If you would like to submit a bug report, please visit:
#   http://bugreport.java.com/bugreport/crash.jsp
# The crash happened outside the Java Virtual Machine in native code.
# See problematic frame for where to report the bug.
#

---------------  T H R E A D  ---------------

Current thread (0x00007fcb6c086800):  JavaThread "AWT-AppKit" daemon [_thread_in_native, id=2571, stack(0x00007fff5b8ec000,0x00007fff5c0ec000)]

siginfo: si_signo: 11 (SIGSEGV), si_code: 1 (SEGV_MAPERR), si_addr: 0x0000000000000018

Registers:
RAX=0x00007fcb6dfbe480, RBX=0x00000001739b2450, RCX=0x000000011dae2240, RDX=0x000000011dc97680
RSP=0x00007fff5c0e74a8, RBP=0x00007fff5c0e7560, RSI=0x00007fff9993fcde, RDI=0x00007fcb701dae20
R8 =0x0000000000000000, R9 =0x00000000000008b0, R10=0x00007fff9993fcde, R11=0x0000000000000000
R12=0x0000000000000000, R13=0x0000000177d7eef0, R14=0x00000001739b2440, R15=0x00007fcb6c086800
RIP=0x00007fff913564dd, EFLAGS=0x0000000000010246, ERR=0x0000000000000004
  TRAPNO=0x000000000000000e

Top of Stack: (sp=0x00007fff5c0e74a8)
0x00007fff5c0e74a8:   00000001739b0157 00007fff5c0e7500
0x00007fff5c0e74b8:   0000000000000003 00007fff5c0e74e0
0x00007fff5c0e74c8:   0000000103fa7b02 0000000177d7eef0
0x00007fff5c0e74d8:   0000000177d7eef0 00007fcb6dfbe480
0x00007fff5c0e74e8:   00000001739b26a0 00000001739b2710
0x00007fff5c0e74f8:   00007fff779c2770 00007fff789e7500
0x00007fff5c0e7508:   00000001739b2450 00000001739b2690
0x00007fff5c0e7518:   00007fcb6dfbe480 00007fcb701dae20
0x00007fff5c0e7528:   00007fcb6b516ee0 00007fcb6dfbe480
0x00007fff5c0e7538:   00007fcb701dae20 00007fff5c0e75e0
0x00007fff5c0e7548:   00007fcb6c0869f8 0000000177d7eef0
0x00007fff5c0e7558:   00007fff5c0e7608 00007fff5c0e75d0
0x00007fff5c0e7568:   0000000105615954 00007fff5c0e75d0
0x00007fff5c0e7578:   00000001056156d9 0000000105621823
0x00007fff5c0e7588:   00000001056156a2 00007fff5c0e7590
0x00007fff5c0e7598:   0000000177d7eef0 00007fff5c0e7608
0x00007fff5c0e75a8:   0000000177d81b28 0000000000000000
0x00007fff5c0e75b8:   0000000177d7eef0 0000000000000000
0x00007fff5c0e75c8:   00007fff5c0e75f0 00007fff5c0e7650
0x00007fff5c0e75d8:   0000000105607c4d 0000000740dade48
0x00007fff5c0e75e8:   000000010560f578 00007fcb6dfbe480
0x00007fff5c0e75f8:   0000000105610db9 00007fcb701dae20
0x00007fff5c0e7608:   0000000105610d82 00007fff5c0e7610
0x00007fff5c0e7618:   0000000177d7f0ba 00007fff5c0e7678
0x00007fff5c0e7628:   0000000177d81b28 0000000000000000
0x00007fff5c0e7638:   0000000177d7f0c8 00007fff5c0e75f0
0x00007fff5c0e7648:   00007fff5c0e7660 00007fff5c0e76c0
0x00007fff5c0e7658:   0000000105607c4d 00007fcb6dfbe480
0x00007fff5c0e7668:   0000000799ea09b0 00007fcb701dae20
0x00007fff5c0e7678:   0000000799ea09b0 00007fff5c0e7680
0x00007fff5c0e7688:   0000000179feb666 00007fff5c0e76d0
0x00007fff5c0e7698:   0000000179feb720 0000000000000000 

Instructions: (pc=0x00007fff913564dd)
0x00007fff913564bd:   44 00 00 48 85 ff 2e 74 62 40 f6 c7 01 2e 75 66
0x00007fff913564cd:   49 bb f8 ff ff ff ff 7f 00 00 4c 23 1f 49 89 f2
0x00007fff913564dd:   45 23 53 18 49 c1 e2 04 4d 03 53 10 49 3b 32 75
0x00007fff913564ed:   04 41 ff 62 08 49 83 3a 01 76 0d 49 83 c2 10 49 

Register to memory mapping:

RAX=0x00007fcb6dfbe480 is an unknown value
RBX=0x00000001739b2450: Java_jogamp_nativewindow_macosx_OSXUtil_GetScreenRefreshRate0+0x1cf0 in /private/var/folders/6q/r8y5zkh55h99sgy_lbth35yr0000gn/T/jogamp_0000/file_cache/jln9204513964309115032/jln8512142073475795256/libnativewindow_macosx.jnilib at 0x00000001739ab000
RCX=0x000000011dae2240 is an unknown value
RDX=0x000000011dc97680 is an unknown value
RSP=0x00007fff5c0e74a8 is pointing into the stack for thread: 0x00007fcb6c086800
RBP=0x00007fff5c0e7560 is pointing into the stack for thread: 0x00007fcb6c086800
RSI=0x00007fff9993fcde is an unknown value
RDI=0x00007fcb701dae20 is an unknown value
R8 =0x0000000000000000 is an unknown value
R9 =0x00000000000008b0 is an unknown value
R10=0x00007fff9993fcde is an unknown value
R11=0x0000000000000000 is an unknown value
R12=0x0000000000000000 is an unknown value
R13={method} {0x0000000177d7eef0} 'UnsetJAWTRootSurfaceLayer0' '(JJ)V' in 'jogamp/nativewindow/jawt/macosx/MacOSXJAWTWindow'
R14=0x00000001739b2440: Java_jogamp_nativewindow_macosx_OSXUtil_GetScreenRefreshRate0+0x1ce0 in /private/var/folders/6q/r8y5zkh55h99sgy_lbth35yr0000gn/T/jogamp_0000/file_cache/jln9204513964309115032/jln8512142073475795256/libnativewindow_macosx.jnilib at 0x00000001739ab000
R15=0x00007fcb6c086800 is a thread


Stack: [0x00007fff5b8ec000,0x00007fff5c0ec000],  sp=0x00007fff5c0e74a8,  free space=8173k
Native frames: (J=compiled Java code, j=interpreted, Vv=VM code, C=native code)
C  [libobjc.A.dylib+0x14dd]  objc_msgSend+0x1d
j  jogamp.nativewindow.jawt.macosx.MacOSXJAWTWindow.UnsetJAWTRootSurfaceLayer0(JJ)V+0
j  jogamp.nativewindow.jawt.macosx.MacOSXJAWTWindow.access$200(JJ)V+2
j  jogamp.nativewindow.jawt.macosx.MacOSXJAWTWindow$1.run()V+38
j  com.jogamp.common.util.RunnableTask.run()V+24
v  ~StubRoutines::call_stub
V  [libjvm.dylib+0x2ea39e]  JavaCalls::call_helper(JavaValue*, methodHandle*, JavaCallArguments*, Thread*)+0x6ae
V  [libjvm.dylib+0x3214a7]  jni_invoke_nonstatic(JNIEnv_*, JavaValue*, _jobject*, JNICallType, _jmethodID*, JNI_ArgumentPusher*, Thread*)+0x2ec
V  [libjvm.dylib+0x313c7b]  jni_CallVoidMethod+0x16b
C  [libnativewindow_macosx.jnilib+0x5326]  Java_jogamp_nativewindow_jawt_macosx_MacOSXJAWTWindow_UnsetJAWTRootSurfaceLayer0+0x2b6
C  [Foundation+0x76fde]  __NSThreadPerformPerform+0x117
C  [CoreFoundation+0xaa881]  __CFRUNLOOP_IS_CALLING_OUT_TO_A_SOURCE0_PERFORM_FUNCTION__+0x11
C  [CoreFoundation+0x89fbc]  __CFRunLoopDoSources0+0x22c
C  [CoreFoundation+0x894df]  __CFRunLoopRun+0x39f
C  [CoreFoundation+0x88ed8]  CFRunLoopRunSpecific+0x128
C  [HIToolbox+0x30935]  RunCurrentEventLoopInMode+0xeb
C  [HIToolbox+0x30677]  ReceiveNextEventCommon+0xb8
C  [HIToolbox+0x305af]  _BlockUntilNextEventMatchingListInModeWithFilter+0x47
C  [AppKit+0x48df6]  _DPSNextEvent+0x42b
C  [AppKit+0x48226]  -[NSApplication _nextEventMatchingEventMask:untilDate:inMode:dequeue:]+0x1c6
C  [libosxapp.dylib+0x23aa]  -[NSApplicationAWT nextEventMatchingMask:untilDate:inMode:dequeue:]+0x7c
C  [AppKit+0x3cd80]  -[NSApplication run]+0x2aa
C  [libosxapp.dylib+0x214d]  +[NSApplicationAWT runAWTLoopWithApp:]+0x9c
C  [libawt_lwawt.dylib+0x4455b]  -[AWTStarter starter:]+0x389
C  [Foundation+0x76fde]  __NSThreadPerformPerform+0x117
C  [CoreFoundation+0xaa881]  __CFRUNLOOP_IS_CALLING_OUT_TO_A_SOURCE0_PERFORM_FUNCTION__+0x11
C  [CoreFoundation+0x89fbc]  __CFRunLoopDoSources0+0x22c
C  [CoreFoundation+0x894df]  __CFRunLoopRun+0x39f
C  [CoreFoundation+0x88ed8]  CFRunLoopRunSpecific+0x128
C  [java+0x6463]  CreateExecutionEnvironment+0x367
C  [java+0x21ac]  JLI_Launch+0x7a0
C  [java+0x84c0]  main+0x65
C  [java+0x1a04]  start+0x34
C  0x0000000000000007

Java frames: (J=compiled Java code, j=interpreted, Vv=VM code)
j  jogamp.nativewindow.jawt.macosx.MacOSXJAWTWindow.UnsetJAWTRootSurfaceLayer0(JJ)V+0
j  jogamp.nativewindow.jawt.macosx.MacOSXJAWTWindow.access$200(JJ)V+2
j  jogamp.nativewindow.jawt.macosx.MacOSXJAWTWindow$1.run()V+38
j  com.jogamp.common.util.RunnableTask.run()V+24
v  ~StubRoutines::call_stub

---------------  P R O C E S S  ---------------

Java Threads: ( => current thread )
  0x00007fcb6d6e4800 JavaThread "Thread-48" [_thread_blocked, id=68635, stack(0x0000700001a71000,0x0000700001b71000)]
  0x00007fcb6bbdd000 JavaThread "Image Fetcher 3" daemon [_thread_blocked, id=74499, stack(0x0000700002695000,0x0000700002795000)]
  0x00007fcb6ca5a000 JavaThread "Image Fetcher 2" daemon [_thread_blocked, id=73987, stack(0x0000700002592000,0x0000700002692000)]
  0x00007fcb6bbdc000 JavaThread "Image Fetcher 1" daemon [_thread_blocked, id=73475, stack(0x000070000248f000,0x000070000258f000)]
  0x00007fcb6bbdb800 JavaThread "Image Fetcher 0" daemon [_thread_blocked, id=72963, stack(0x000070000238c000,0x000070000248c000)]
  0x00007fcb6c3e1000 JavaThread "Keep-Alive-Timer" daemon [_thread_blocked, id=72523, stack(0x0000700002289000,0x0000700002389000)]
  0x00007fcb6d18c800 JavaThread "Animation Thread" [_thread_blocked, id=61739, stack(0x0000700001765000,0x0000700001865000)]
  0x00007fcb6c2ca800 JavaThread "AWT-EventQueue-1" [_thread_in_native, id=63507, stack(0x0000700001868000,0x0000700001968000)]
  0x00007fcb6ba16800 JavaThread "DestroyJavaVM" [_thread_blocked, id=4099, stack(0x0000700000084000,0x0000700000184000)]
  0x00007fcb6d21e800 JavaThread "AWT-EventQueue-0" [_thread_blocked, id=53519, stack(0x0000700001662000,0x0000700001762000)]
  0x00007fcb6b98f800 JavaThread "Java2D Disposer" daemon [_thread_blocked, id=52739, stack(0x00007000013d9000,0x00007000014d9000)]
  0x00007fcb6c803800 JavaThread "Java2D Queue Flusher" daemon [_thread_blocked, id=49419, stack(0x00007000012d6000,0x00007000013d6000)]
  0x00007fcb6b936000 JavaThread "AWT-Shutdown" [_thread_blocked, id=28947, stack(0x00007000010cd000,0x00007000011cd000)]
=>0x00007fcb6c086800 JavaThread "AWT-AppKit" daemon [_thread_in_native, id=2571, stack(0x00007fff5b8ec000,0x00007fff5c0ec000)]
  0x00007fcb6d054000 JavaThread "Service Thread" daemon [_thread_blocked, id=18947, stack(0x0000700000ec7000,0x0000700000fc7000)]
  0x00007fcb6b83a800 JavaThread "C1 CompilerThread2" daemon [_thread_blocked, id=18435, stack(0x0000700000dc4000,0x0000700000ec4000)]
  0x00007fcb6b83a000 JavaThread "C2 CompilerThread1" daemon [_thread_blocked, id=17923, stack(0x0000700000cc1000,0x0000700000dc1000)]
  0x00007fcb6c829800 JavaThread "C2 CompilerThread0" daemon [_thread_blocked, id=17411, stack(0x0000700000bbe000,0x0000700000cbe000)]
  0x00007fcb6d052000 JavaThread "Signal Dispatcher" daemon [_thread_blocked, id=16659, stack(0x0000700000abb000,0x0000700000bbb000)]
  0x00007fcb6d03f800 JavaThread "Finalizer" daemon [_thread_blocked, id=12291, stack(0x000070000082f000,0x000070000092f000)]
  0x00007fcb6d03c800 JavaThread "Reference Handler" daemon [_thread_blocked, id=11779, stack(0x000070000072c000,0x000070000082c000)]

Other Threads:
  0x00007fcb6b833800 VMThread [stack: 0x0000700000629000,0x0000700000729000] [id=11267]
  0x00007fcb6d051800 WatcherThread [stack: 0x0000700000fca000,0x00007000010ca000] [id=19459]

VM state:not at safepoint (normal execution)

VM Mutex/Monitor currently owned by a thread: None

Heap:
 PSYoungGen      total 71680K, used 41862K [0x0000000795580000, 0x000000079a080000, 0x00000007c0000000)
  eden space 66560K, 55% used [0x0000000795580000,0x0000000797978ed8,0x0000000799680000)
  from space 5120K, 98% used [0x0000000799b80000,0x000000079a068ca0,0x000000079a080000)
  to   space 5120K, 0% used [0x0000000799680000,0x0000000799680000,0x0000000799b80000)
 ParOldGen       total 87552K, used 19765K [0x0000000740000000, 0x0000000745580000, 0x0000000795580000)
  object space 87552K, 22% used [0x0000000740000000,0x000000074134d700,0x0000000745580000)
 Metaspace       used 19026K, capacity 19271K, committed 19456K, reserved 1067008K
  class space    used 1867K, capacity 1922K, committed 2048K, reserved 1048576K

Card table byte_map: [0x00000001149c0000,0x0000000114dc1000] byte_map_base: 0x0000000110fc0000

Marking Bits: (ParMarkBitMap*) 0x000000010469aea0
 Begin Bits: [0x000000011506c000, 0x000000011706c000)
 End Bits:   [0x000000011706c000, 0x000000011906c000)

Polling page: 0x0000000104d8d000

CodeCache: size=245760Kb used=7047Kb max_used=7061Kb free=238712Kb
 bounds [0x0000000105600000, 0x0000000105cf0000, 0x0000000114600000]
 total_blobs=2922 nmethods=2049 adapters=787
 compilation: enabled

Compilation events (10 events):
Event: 8.524 Thread 0x00007fcb6b83a800 nmethod 2044 0x0000000105ce3250 code [0x0000000105ce33c0, 0x0000000105ce3628]
Event: 8.527 Thread 0x00007fcb6b83a800 2045       3       java.awt.event.ComponentEvent::<init> (7 bytes)
Event: 8.527 Thread 0x00007fcb6c829800 2046       4       java.lang.Math::floor (5 bytes)
Event: 8.527 Thread 0x00007fcb6b83a800 nmethod 2045 0x0000000105ce2350 code [0x0000000105ce24c0, 0x0000000105ce2648]
Event: 8.527 Thread 0x00007fcb6b83a800 2048       3       sun.java2d.pipe.RenderBuffer::putFloat (26 bytes)
Event: 8.527 Thread 0x00007fcb6b83a800 nmethod 2048 0x0000000105ce5e90 code [0x0000000105ce6000, 0x0000000105ce6190]
Event: 8.527 Thread 0x00007fcb6b83a800 2047       1       sun.java2d.SurfaceData::isValid (5 bytes)
Event: 8.527 Thread 0x00007fcb6b83a800 nmethod 2047 0x0000000105cdc990 code [0x0000000105cdcae0, 0x0000000105cdcbf0]
Event: 8.529 Thread 0x00007fcb6c829800 nmethod 2046 0x0000000105ce5590 code [0x0000000105ce5700, 0x0000000105ce5838]
Event: 8.529 Thread 0x00007fcb6c829800 2049   !   4       sun.awt.AppContext::get (123 bytes)

GC Heap History (8 events):
Event: 2.521 GC heap before
{Heap before GC invocations=1 (full 0):
 PSYoungGen      total 38400K, used 33280K [0x0000000795580000, 0x0000000798000000, 0x00000007c0000000)
  eden space 33280K, 100% used [0x0000000795580000,0x0000000797600000,0x0000000797600000)
  from space 5120K, 0% used [0x0000000797b00000,0x0000000797b00000,0x0000000798000000)
  to   space 5120K, 0% used [0x0000000797600000,0x0000000797600000,0x0000000797b00000)
 ParOldGen       total 87552K, used 0K [0x0000000740000000, 0x0000000745580000, 0x0000000795580000)
  object space 87552K, 0% used [0x0000000740000000,0x0000000740000000,0x0000000745580000)
 Metaspace       used 16172K, capacity 16407K, committed 16640K, reserved 1064960K
  class space    used 1629K, capacity 1696K, committed 1792K, reserved 1048576K
Event: 2.530 GC heap after
Heap after GC invocations=1 (full 0):
 PSYoungGen      total 38400K, used 5095K [0x0000000795580000, 0x0000000798000000, 0x00000007c0000000)
  eden space 33280K, 0% used [0x0000000795580000,0x0000000795580000,0x0000000797600000)
  from space 5120K, 99% used [0x0000000797600000,0x0000000797af9ef0,0x0000000797b00000)
  to   space 5120K, 0% used [0x0000000797b00000,0x0000000797b00000,0x0000000798000000)
 ParOldGen       total 87552K, used 32K [0x0000000740000000, 0x0000000745580000, 0x0000000795580000)
  object space 87552K, 0% used [0x0000000740000000,0x0000000740008390,0x0000000745580000)
 Metaspace       used 16172K, capacity 16407K, committed 16640K, reserved 1064960K
  class space    used 1629K, capacity 1696K, committed 1792K, reserved 1048576K
}
Event: 3.479 GC heap before
{Heap before GC invocations=2 (full 0):
 PSYoungGen      total 38400K, used 38375K [0x0000000795580000, 0x0000000798000000, 0x00000007c0000000)
  eden space 33280K, 100% used [0x0000000795580000,0x0000000797600000,0x0000000797600000)
  from space 5120K, 99% used [0x0000000797600000,0x0000000797af9ef0,0x0000000797b00000)
  to   space 5120K, 0% used [0x0000000797b00000,0x0000000797b00000,0x0000000798000000)
 ParOldGen       total 87552K, used 32K [0x0000000740000000, 0x0000000745580000, 0x0000000795580000)
  object space 87552K, 0% used [0x0000000740000000,0x0000000740008390,0x0000000745580000)
 Metaspace       used 18351K, capacity 18615K, committed 18816K, reserved 1067008K
  class space    used 1855K, capacity 1920K, committed 1920K, reserved 1048576K
Event: 3.494 GC heap after
Heap after GC invocations=2 (full 0):
 PSYoungGen      total 38400K, used 5107K [0x0000000795580000, 0x0000000798000000, 0x00000007c0000000)
  eden space 33280K, 0% used [0x0000000795580000,0x0000000795580000,0x0000000797600000)
  from space 5120K, 99% used [0x0000000797b00000,0x0000000797ffcc80,0x0000000798000000)
  to   space 5120K, 0% used [0x0000000797600000,0x0000000797600000,0x0000000797b00000)
 ParOldGen       total 87552K, used 8575K [0x0000000740000000, 0x0000000745580000, 0x0000000795580000)
  object space 87552K, 9% used [0x0000000740000000,0x000000074085fd70,0x0000000745580000)
 Metaspace       used 18351K, capacity 18615K, committed 18816K, reserved 1067008K
  class space    used 1855K, capacity 1920K, committed 1920K, reserved 1048576K
}
Event: 3.758 GC heap before
{Heap before GC invocations=3 (full 0):
 PSYoungGen      total 38400K, used 38179K [0x0000000795580000, 0x0000000798000000, 0x00000007c0000000)
  eden space 33280K, 99% used [0x0000000795580000,0x00000007975cc018,0x0000000797600000)
  from space 5120K, 99% used [0x0000000797b00000,0x0000000797ffcc80,0x0000000798000000)
  to   space 5120K, 0% used [0x0000000797600000,0x0000000797600000,0x0000000797b00000)
 ParOldGen       total 87552K, used 8575K [0x0000000740000000, 0x0000000745580000, 0x0000000795580000)
  object space 87552K, 9% used [0x0000000740000000,0x000000074085fd70,0x0000000745580000)
 Metaspace       used 18419K, capacity 18685K, committed 18944K, reserved 1067008K
  class space    used 1856K, capacity 1921K, committed 2048K, reserved 1048576K
Event: 3.767 GC heap after
Heap after GC invocations=3 (full 0):
 PSYoungGen      total 38400K, used 5091K [0x0000000795580000, 0x000000079a080000, 0x00000007c0000000)
  eden space 33280K, 0% used [0x0000000795580000,0x0000000795580000,0x0000000797600000)
  from space 5120K, 99% used [0x0000000797600000,0x0000000797af8cb0,0x0000000797b00000)
  to   space 5120K, 0% used [0x0000000799b80000,0x0000000799b80000,0x000000079a080000)
 ParOldGen       total 87552K, used 14645K [0x0000000740000000, 0x0000000745580000, 0x0000000795580000)
  object space 87552K, 16% used [0x0000000740000000,0x0000000740e4d5c0,0x0000000745580000)
 Metaspace       used 18419K, capacity 18685K, committed 18944K, reserved 1067008K
  class space    used 1856K, capacity 1921K, committed 2048K, reserved 1048576K
}
Event: 4.095 GC heap before
{Heap before GC invocations=4 (full 0):
 PSYoungGen      total 38400K, used 38124K [0x0000000795580000, 0x000000079a080000, 0x00000007c0000000)
  eden space 33280K, 99% used [0x0000000795580000,0x00000007975c25b8,0x0000000797600000)
  from space 5120K, 99% used [0x0000000797600000,0x0000000797af8cb0,0x0000000797b00000)
  to   space 5120K, 0% used [0x0000000799b80000,0x0000000799b80000,0x000000079a080000)
 ParOldGen       total 87552K, used 14645K [0x0000000740000000, 0x0000000745580000, 0x0000000795580000)
  object space 87552K, 16% used [0x0000000740000000,0x0000000740e4d5c0,0x0000000745580000)
 Metaspace       used 18598K, capacity 18813K, committed 19200K, reserved 1067008K
  class space    used 1856K, capacity 1921K, committed 2048K, reserved 1048576K
Event: 4.103 GC heap after
Heap after GC invocations=4 (full 0):
 PSYoungGen      total 71680K, used 5027K [0x0000000795580000, 0x000000079a080000, 0x00000007c0000000)
  eden space 66560K, 0% used [0x0000000795580000,0x0000000795580000,0x0000000799680000)
  from space 5120K, 98% used [0x0000000799b80000,0x000000079a068ca0,0x000000079a080000)
  to   space 5120K, 0% used [0x0000000799680000,0x0000000799680000,0x0000000799b80000)
 ParOldGen       total 87552K, used 19765K [0x0000000740000000, 0x0000000745580000, 0x0000000795580000)
  object space 87552K, 22% used [0x0000000740000000,0x000000074134d700,0x0000000745580000)
 Metaspace       used 18598K, capacity 18813K, committed 19200K, reserved 1067008K
  class space    used 1856K, capacity 1921K, committed 2048K, reserved 1048576K
}

Deoptimization events (10 events):
Event: 1.894 Thread 0x00007fcb6d18c800 Uncommon trap: reason=unstable_if action=reinterpret pc=0x00000001057e2a80 method=java.lang.String.toLowerCase(Ljava/util/Locale;)Ljava/lang/String; @ 85
Event: 2.179 Thread 0x00007fcb6d18c800 Uncommon trap: reason=unstable_if action=reinterpret pc=0x0000000105884ed4 method=java.lang.String.indexOf([CII[CIII)I @ 3
Event: 2.179 Thread 0x00007fcb6d18c800 Uncommon trap: reason=unstable_if action=reinterpret pc=0x00000001057cf188 method=java.lang.String.indexOf([CII[CIII)I @ 3
Event: 3.112 Thread 0x00007fcb6c2ca800 Uncommon trap: reason=unstable_if action=reinterpret pc=0x00000001057b3f6c method=java.lang.AbstractStringBuilder.append(Ljava/lang/String;)Ljava/lang/AbstractStringBuilder; @ 1
Event: 8.496 Thread 0x00007fcb6c2ca800 Uncommon trap: reason=unstable_if action=reinterpret pc=0x0000000105ae52e8 method=com.jogamp.common.util.VersionNumber.compareTo(Lcom/jogamp/common/util/VersionNumber;)I @ 21
Event: 8.507 Thread 0x00007fcb6d1db800 Uncommon trap: reason=class_check action=maybe_recompile pc=0x0000000105b17d38 method=java.util.HashMap.putVal(ILjava/lang/Object;Ljava/lang/Object;ZZ)Ljava/lang/Object; @ 91
Event: 8.508 Thread 0x00007fcb6d1db800 Uncommon trap: reason=class_check action=maybe_recompile pc=0x0000000105b17d38 method=java.util.HashMap.putVal(ILjava/lang/Object;Ljava/lang/Object;ZZ)Ljava/lang/Object; @ 91
Event: 8.508 Thread 0x00007fcb6d1db800 Uncommon trap: reason=class_check action=maybe_recompile pc=0x0000000105b17d38 method=java.util.HashMap.putVal(ILjava/lang/Object;Ljava/lang/Object;ZZ)Ljava/lang/Object; @ 91
Event: 8.508 Thread 0x00007fcb6d1db800 Uncommon trap: reason=class_check action=maybe_recompile pc=0x0000000105b17d38 method=java.util.HashMap.putVal(ILjava/lang/Object;Ljava/lang/Object;ZZ)Ljava/lang/Object; @ 91
Event: 8.525 Thread 0x00007fcb6c2ca800 Uncommon trap: reason=unstable_if action=reinterpret pc=0x0000000105ce01c8 method=java.security.AccessControlContext.optimize()Ljava/security/AccessControlContext; @ 233

Internal exceptions (10 events):
Event: 0.264 Thread 0x00007fcb6d00a000 Exception <a 'java/lang/NoSuchFieldError': method resolution failed> (0x0000000795785e60) thrown at [/Users/java_re/workspace/8-2-build-macosx-x86_64/jdk8u77/6540/hotspot/src/share/vm/prims/methodHandles.cpp, line 1146]
Event: 0.267 Thread 0x00007fcb6d00a000 Exception <a 'java/lang/NoSuchFieldError': method resolution failed> (0x0000000795793630) thrown at [/Users/java_re/workspace/8-2-build-macosx-x86_64/jdk8u77/6540/hotspot/src/share/vm/prims/methodHandles.cpp, line 1146]
Event: 0.515 Thread 0x00007fcb6d00a000 Exception <a 'java/io/FileNotFoundException'> (0x000000079580f428) thrown at [/Users/java_re/workspace/8-2-build-macosx-x86_64/jdk8u77/6540/hotspot/src/share/vm/prims/jni.cpp, line 709]
Event: 0.515 Thread 0x00007fcb6d00a000 Exception <a 'java/io/FileNotFoundException'> (0x000000079580ff50) thrown at [/Users/java_re/workspace/8-2-build-macosx-x86_64/jdk8u77/6540/hotspot/src/share/vm/prims/jni.cpp, line 709]
Event: 0.672 Thread 0x00007fcb6d00a000 Exception <a 'java/io/FileNotFoundException'> (0x000000079594bb10) thrown at [/Users/java_re/workspace/8-2-build-macosx-x86_64/jdk8u77/6540/hotspot/src/share/vm/prims/jni.cpp, line 709]
Event: 2.202 Thread 0x00007fcb6d18c800 Exception <a 'java/lang/UnsatisfiedLinkError': com.jogamp.common.util.JarUtil.fixNativeLibAttribs(Ljava/lang/String;)Z> (0x0000000796b5ea20) thrown at [/Users/java_re/workspace/8-2-build-macosx-x86_64/jdk8u77/6540/hotspot/src/share/vm/prims/nativeLookup.c
Event: 2.531 Thread 0x00007fcb6d03f800 Exception <a 'java/lang/NullPointerException'> (0x00000007956a7aa0) thrown at [/Users/java_re/workspace/8-2-build-macosx-x86_64/jdk8u77/6540/hotspot/src/share/vm/interpreter/linkResolver.cpp, line 1178]
Event: 3.112 Thread 0x00007fcb6c2ca800 Exception <a 'java/io/FileNotFoundException'> (0x0000000795e638f0) thrown at [/Users/java_re/workspace/8-2-build-macosx-x86_64/jdk8u77/6540/hotspot/src/share/vm/prims/jni.cpp, line 709]
Event: 3.112 Thread 0x00007fcb6c2ca800 Exception <a 'java/io/FileNotFoundException'> (0x0000000795e69938) thrown at [/Users/java_re/workspace/8-2-build-macosx-x86_64/jdk8u77/6540/hotspot/src/share/vm/prims/jni.cpp, line 709]
Event: 3.112 Thread 0x00007fcb6c2ca800 Implicit null exception at 0x00000001057b3bf5 to 0x00000001057b3f59

Events (10 events):
Event: 8.525 Thread 0x00007fcb6c2ca800 DEOPT UNPACKING pc=0x0000000105605229 sp=0x0000700001965880 mode 2
Event: 8.525 loading class java/awt/LightweightDispatcher$2
Event: 8.525 loading class java/awt/LightweightDispatcher$2 done
Event: 8.526 loading class java/awt/event/AWTEventListenerProxy
Event: 8.526 loading class java/awt/event/AWTEventListenerProxy done
Event: 8.526 loading class java/awt/Toolkit$ToolkitEventMulticaster
Event: 8.526 loading class java/awt/Toolkit$ToolkitEventMulticaster done
Event: 8.527 Thread 0x00007fcb6d1db800 Thread exited: 0x00007fcb6d1db800
Event: 8.528 loading class java/awt/Window$1DisposeAction
Event: 8.528 loading class java/awt/Window$1DisposeAction done


Dynamic libraries:
0x0000000007500000 	/System/Library/Frameworks/Cocoa.framework/Versions/A/Cocoa
0x0000000007500000 	/System/Library/Frameworks/Security.framework/Versions/A/Security
0x0000000007500000 	/System/Library/Frameworks/ApplicationServices.framework/Versions/A/ApplicationServices
0x0000000007500000 	/usr/lib/libz.1.dylib
0x0000000007500000 	/usr/lib/libSystem.B.dylib
0x0000000007500000 	/usr/lib/libobjc.A.dylib
0x0000000007500000 	/System/Library/Frameworks/CoreFoundation.framework/Versions/A/CoreFoundation
0x0000000007500000 	/System/Library/Frameworks/Foundation.framework/Versions/C/Foundation
0x0000000007500000 	/System/Library/Frameworks/AppKit.framework/Versions/C/AppKit
0x0000000007500000 	/System/Library/Frameworks/CoreData.framework/Versions/A/CoreData
0x0000000007500000 	/System/Library/PrivateFrameworks/RemoteViewServices.framework/Versions/A/RemoteViewServices
0x0000000007500000 	/System/Library/PrivateFrameworks/UIFoundation.framework/Versions/A/UIFoundation
0x0000000007500000 	/usr/lib/libScreenReader.dylib
0x0000000007500000 	/System/Library/Frameworks/Accelerate.framework/Versions/A/Accelerate
0x0000000007500000 	/System/Library/Frameworks/IOSurface.framework/Versions/A/IOSurface
0x0000000007500000 	/System/Library/Frameworks/AudioToolbox.framework/Versions/A/AudioToolbox
0x0000000007500000 	/System/Library/Frameworks/AudioUnit.framework/Versions/A/AudioUnit
0x0000000007500000 	/System/Library/PrivateFrameworks/DataDetectorsCore.framework/Versions/A/DataDetectorsCore
0x0000000007500000 	/System/Library/PrivateFrameworks/DesktopServicesPriv.framework/Versions/A/DesktopServicesPriv
0x0000000007500000 	/System/Library/Frameworks/Carbon.framework/Versions/A/Frameworks/HIToolbox.framework/Versions/A/HIToolbox
0x0000000007500000 	/System/Library/Frameworks/QuartzCore.framework/Versions/A/QuartzCore
0x0000000007500000 	/System/Library/Frameworks/Carbon.framework/Versions/A/Frameworks/SpeechRecognition.framework/Versions/A/SpeechRecognition
0x0000000007500000 	/usr/lib/libauto.dylib
0x0000000007500000 	/usr/lib/libicucore.A.dylib
0x0000000007500000 	/usr/lib/libxml2.2.dylib
0x0000000007500000 	/System/Library/PrivateFrameworks/CoreUI.framework/Versions/A/CoreUI
0x0000000007500000 	/System/Library/Frameworks/CoreAudio.framework/Versions/A/CoreAudio
0x0000000007500000 	/System/Library/Frameworks/DiskArbitration.framework/Versions/A/DiskArbitration
0x0000000007500000 	/usr/lib/liblangid.dylib
0x0000000007500000 	/System/Library/PrivateFrameworks/MultitouchSupport.framework/Versions/A/MultitouchSupport
0x0000000007500000 	/System/Library/Frameworks/IOKit.framework/Versions/A/IOKit
0x0000000007500000 	/usr/lib/libDiagnosticMessagesClient.dylib
0x0000000007500000 	/System/Library/Frameworks/CoreServices.framework/Versions/A/CoreServices
0x0000000007500000 	/System/Library/PrivateFrameworks/PerformanceAnalysis.framework/Versions/A/PerformanceAnalysis
0x0000000007500000 	/System/Library/PrivateFrameworks/GenerationalStorage.framework/Versions/A/GenerationalStorage
0x0000000007500000 	/System/Library/Frameworks/OpenGL.framework/Versions/A/OpenGL
0x0000000007500000 	/System/Library/PrivateFrameworks/Sharing.framework/Versions/A/Sharing
0x0000000007500000 	/System/Library/Frameworks/CoreGraphics.framework/Versions/A/CoreGraphics
0x0000000007500000 	/System/Library/Frameworks/CoreImage.framework/Versions/A/CoreImage
0x0000000007500000 	/System/Library/Frameworks/CoreText.framework/Versions/A/CoreText
0x0000000007500000 	/System/Library/Frameworks/ImageIO.framework/Versions/A/ImageIO
0x0000000007500000 	/System/Library/PrivateFrameworks/Backup.framework/Versions/A/Backup
0x0000000007500000 	/usr/lib/libextension.dylib
0x0000000007500000 	/usr/lib/libarchive.2.dylib
0x0000000007500000 	/System/Library/Frameworks/CFNetwork.framework/Versions/A/CFNetwork
0x0000000007500000 	/System/Library/Frameworks/SystemConfiguration.framework/Versions/A/SystemConfiguration
0x0000000007500000 	/usr/lib/libCRFSuite.dylib
0x0000000007500000 	/usr/lib/libc++.1.dylib
0x0000000007500000 	/usr/lib/libc++abi.dylib
0x0000000007500000 	/usr/lib/system/libcache.dylib
0x0000000007500000 	/usr/lib/system/libcommonCrypto.dylib
0x0000000007500000 	/usr/lib/system/libcompiler_rt.dylib
0x0000000007500000 	/usr/lib/system/libcopyfile.dylib
0x0000000007500000 	/usr/lib/system/libcorecrypto.dylib
0x0000000007500000 	/usr/lib/system/libdispatch.dylib
0x0000000007500000 	/usr/lib/system/libdyld.dylib
0x0000000007500000 	/usr/lib/system/libkeymgr.dylib
0x0000000007500000 	/usr/lib/system/liblaunch.dylib
0x0000000007500000 	/usr/lib/system/libmacho.dylib
0x0000000007500000 	/usr/lib/system/libquarantine.dylib
0x0000000007500000 	/usr/lib/system/libremovefile.dylib
0x0000000007500000 	/usr/lib/system/libsystem_asl.dylib
0x0000000007500000 	/usr/lib/system/libsystem_blocks.dylib
0x0000000007500000 	/usr/lib/system/libsystem_c.dylib
0x0000000007500000 	/usr/lib/system/libsystem_configuration.dylib
0x0000000007500000 	/usr/lib/system/libsystem_coreservices.dylib
0x0000000007500000 	/usr/lib/system/libsystem_coretls.dylib
0x0000000007500000 	/usr/lib/system/libsystem_dnssd.dylib
0x0000000007500000 	/usr/lib/system/libsystem_info.dylib
0x0000000007500000 	/usr/lib/system/libsystem_kernel.dylib
0x0000000007500000 	/usr/lib/system/libsystem_m.dylib
0x0000000007500000 	/usr/lib/system/libsystem_malloc.dylib
0x0000000007500000 	/usr/lib/system/libsystem_network.dylib
0x0000000007500000 	/usr/lib/system/libsystem_networkextension.dylib
0x0000000007500000 	/usr/lib/system/libsystem_notify.dylib
0x0000000007500000 	/usr/lib/system/libsystem_platform.dylib
0x0000000007500000 	/usr/lib/system/libsystem_pthread.dylib
0x0000000007500000 	/usr/lib/system/libsystem_sandbox.dylib
0x0000000007500000 	/usr/lib/system/libsystem_secinit.dylib
0x0000000007500000 	/usr/lib/system/libsystem_trace.dylib
0x0000000007500000 	/usr/lib/system/libunc.dylib
0x0000000007500000 	/usr/lib/system/libunwind.dylib
0x0000000007500000 	/usr/lib/system/libxpc.dylib
0x0000000007500000 	/usr/lib/libenergytrace.dylib
0x0000000007500000 	/usr/lib/libbsm.0.dylib
0x0000000007500000 	/usr/lib/system/libkxld.dylib
0x0000000007500000 	/usr/lib/libxar.1.dylib
0x0000000007500000 	/usr/lib/libsqlite3.dylib
0x0000000007500000 	/usr/lib/libpam.2.dylib
0x0000000007500000 	/usr/lib/libOpenScriptingUtil.dylib
0x0000000007500000 	/usr/lib/libbz2.1.0.dylib
0x0000000007500000 	/usr/lib/liblzma.5.dylib
0x0000000007500000 	/System/Library/Frameworks/CoreServices.framework/Versions/A/Frameworks/FSEvents.framework/Versions/A/FSEvents
0x0000000007500000 	/System/Library/Frameworks/CoreServices.framework/Versions/A/Frameworks/CarbonCore.framework/Versions/A/CarbonCore
0x0000000007500000 	/System/Library/Frameworks/CoreServices.framework/Versions/A/Frameworks/Metadata.framework/Versions/A/Metadata
0x0000000007500000 	/System/Library/Frameworks/CoreServices.framework/Versions/A/Frameworks/OSServices.framework/Versions/A/OSServices
0x0000000007500000 	/System/Library/Frameworks/CoreServices.framework/Versions/A/Frameworks/SearchKit.framework/Versions/A/SearchKit
0x0000000007500000 	/System/Library/Frameworks/CoreServices.framework/Versions/A/Frameworks/AE.framework/Versions/A/AE
0x0000000007500000 	/System/Library/Frameworks/CoreServices.framework/Versions/A/Frameworks/LaunchServices.framework/Versions/A/LaunchServices
0x0000000007500000 	/System/Library/Frameworks/CoreServices.framework/Versions/A/Frameworks/DictionaryServices.framework/Versions/A/DictionaryServices
0x0000000007500000 	/System/Library/Frameworks/CoreServices.framework/Versions/A/Frameworks/SharedFileList.framework/Versions/A/SharedFileList
0x0000000007500000 	/System/Library/Frameworks/NetFS.framework/Versions/A/NetFS
0x0000000007500000 	/System/Library/PrivateFrameworks/NetAuth.framework/Versions/A/NetAuth
0x0000000007500000 	/System/Library/PrivateFrameworks/login.framework/Versions/A/Frameworks/loginsupport.framework/Versions/A/loginsupport
0x0000000007500000 	/System/Library/PrivateFrameworks/TCC.framework/Versions/A/TCC
0x0000000007500000 	/usr/lib/libmecabra.dylib
0x0000000007500000 	/System/Library/Frameworks/ApplicationServices.framework/Versions/A/Frameworks/ATS.framework/Versions/A/ATS
0x0000000007500000 	/System/Library/Frameworks/ApplicationServices.framework/Versions/A/Frameworks/ColorSync.framework/Versions/A/ColorSync
0x0000000007500000 	/System/Library/Frameworks/ApplicationServices.framework/Versions/A/Frameworks/HIServices.framework/Versions/A/HIServices
0x0000000007500000 	/System/Library/Frameworks/ApplicationServices.framework/Versions/A/Frameworks/LangAnalysis.framework/Versions/A/LangAnalysis
0x0000000007500000 	/System/Library/Frameworks/ApplicationServices.framework/Versions/A/Frameworks/PrintCore.framework/Versions/A/PrintCore
0x0000000007500000 	/System/Library/Frameworks/ApplicationServices.framework/Versions/A/Frameworks/QD.framework/Versions/A/QD
0x0000000007500000 	/System/Library/Frameworks/ApplicationServices.framework/Versions/A/Frameworks/SpeechSynthesis.framework/Versions/A/SpeechSynthesis
0x0000000007500000 	/System/Library/Frameworks/Metal.framework/Versions/A/Metal
0x0000000007500000 	/System/Library/Frameworks/Accelerate.framework/Versions/A/Frameworks/vImage.framework/Versions/A/vImage
0x0000000007500000 	/System/Library/Frameworks/Accelerate.framework/Versions/A/Frameworks/vecLib.framework/Versions/A/vecLib
0x0000000007500000 	/System/Library/Frameworks/Accelerate.framework/Versions/A/Frameworks/vecLib.framework/Versions/A/libvDSP.dylib
0x0000000007500000 	/System/Library/Frameworks/Accelerate.framework/Versions/A/Frameworks/vecLib.framework/Versions/A/libvMisc.dylib
0x0000000007500000 	/System/Library/Frameworks/Accelerate.framework/Versions/A/Frameworks/vecLib.framework/Versions/A/libLAPACK.dylib
0x0000000007500000 	/System/Library/Frameworks/Accelerate.framework/Versions/A/Frameworks/vecLib.framework/Versions/A/libBLAS.dylib
0x0000000007500000 	/System/Library/Frameworks/Accelerate.framework/Versions/A/Frameworks/vecLib.framework/Versions/A/libLinearAlgebra.dylib
0x0000000007500000 	/System/Library/Frameworks/Accelerate.framework/Versions/A/Frameworks/vecLib.framework/Versions/A/libSparseBLAS.dylib
0x0000000007500000 	/System/Library/PrivateFrameworks/GPUCompiler.framework/libmetal_timestamp.dylib
0x0000000007500000 	/System/Library/Frameworks/OpenGL.framework/Versions/A/Libraries/libCoreFSCache.dylib
0x0000000007500000 	/System/Library/PrivateFrameworks/IOAccelerator.framework/Versions/A/IOAccelerator
0x0000000007500000 	/System/Library/Frameworks/ApplicationServices.framework/Versions/A/Frameworks/ATS.framework/Versions/A/Resources/libFontParser.dylib
0x0000000007500000 	/System/Library/Frameworks/ApplicationServices.framework/Versions/A/Frameworks/ATS.framework/Versions/A/Resources/libFontRegistry.dylib
0x0000000007500000 	/System/Library/PrivateFrameworks/AppleVPA.framework/Versions/A/AppleVPA
0x0000000007500000 	/System/Library/PrivateFrameworks/AppleJPEG.framework/Versions/A/AppleJPEG
0x0000000007500000 	/System/Library/Frameworks/ImageIO.framework/Versions/A/Resources/libJPEG.dylib
0x0000000007500000 	/System/Library/Frameworks/ImageIO.framework/Versions/A/Resources/libTIFF.dylib
0x0000000007500000 	/System/Library/Frameworks/ImageIO.framework/Versions/A/Resources/libPng.dylib
0x0000000007500000 	/System/Library/Frameworks/ImageIO.framework/Versions/A/Resources/libGIF.dylib
0x0000000007500000 	/System/Library/Frameworks/ImageIO.framework/Versions/A/Resources/libJP2.dylib
0x0000000007500000 	/System/Library/Frameworks/ImageIO.framework/Versions/A/Resources/libRadiance.dylib
0x0000000007500000 	/System/Library/Frameworks/CoreVideo.framework/Versions/A/CoreVideo
0x0000000007500000 	/System/Library/Frameworks/OpenGL.framework/Versions/A/Libraries/libGLU.dylib
0x0000000007500000 	/System/Library/Frameworks/OpenGL.framework/Versions/A/Libraries/libGFXShared.dylib
0x0000000007500000 	/System/Library/Frameworks/OpenGL.framework/Versions/A/Libraries/libGL.dylib
0x0000000007500000 	/System/Library/Frameworks/OpenGL.framework/Versions/A/Libraries/libGLImage.dylib
0x0000000007500000 	/System/Library/Frameworks/OpenGL.framework/Versions/A/Libraries/libCVMSPluginSupport.dylib
0x0000000007500000 	/System/Library/Frameworks/OpenGL.framework/Versions/A/Libraries/libCoreVMClient.dylib
0x0000000007500000 	/usr/lib/libcompression.dylib
0x0000000007500000 	/usr/lib/libcups.2.dylib
0x0000000007500000 	/System/Library/Frameworks/Kerberos.framework/Versions/A/Kerberos
0x0000000007500000 	/System/Library/Frameworks/GSS.framework/Versions/A/GSS
0x0000000007500000 	/usr/lib/libresolv.9.dylib
0x0000000007500000 	/usr/lib/libiconv.2.dylib
0x0000000007500000 	/System/Library/PrivateFrameworks/Heimdal.framework/Versions/A/Heimdal
0x0000000007500000 	/usr/lib/libheimdal-asn1.dylib
0x0000000007500000 	/System/Library/Frameworks/OpenDirectory.framework/Versions/A/OpenDirectory
0x0000000007500000 	/System/Library/PrivateFrameworks/CommonAuth.framework/Versions/A/CommonAuth
0x0000000007500000 	/System/Library/Frameworks/OpenDirectory.framework/Versions/A/Frameworks/CFOpenDirectory.framework/Versions/A/CFOpenDirectory
0x0000000007500000 	/System/Library/Frameworks/SecurityFoundation.framework/Versions/A/SecurityFoundation
0x0000000007500000 	/System/Library/PrivateFrameworks/LanguageModeling.framework/Versions/A/LanguageModeling
0x0000000007500000 	/usr/lib/libmarisa.dylib
0x0000000007500000 	/usr/lib/libChineseTokenizer.dylib
0x0000000007500000 	/usr/lib/libcmph.dylib
0x0000000007500000 	/System/Library/Frameworks/ServiceManagement.framework/Versions/A/ServiceManagement
0x0000000007500000 	/usr/lib/libxslt.1.dylib
0x0000000007500000 	/System/Library/Frameworks/Carbon.framework/Versions/A/Frameworks/Ink.framework/Versions/A/Ink
0x0000000007500000 	/usr/lib/libFosl_dynamic.dylib
0x0000000007500000 	/System/Library/PrivateFrameworks/FaceCore.framework/Versions/A/FaceCore
0x0000000007500000 	/System/Library/Frameworks/OpenCL.framework/Versions/A/OpenCL
0x0000000007500000 	/System/Library/PrivateFrameworks/CrashReporterSupport.framework/Versions/A/CrashReporterSupport
0x0000000007500000 	/System/Library/PrivateFrameworks/IconServices.framework/Versions/A/IconServices
0x0000000007500000 	/System/Library/PrivateFrameworks/Apple80211.framework/Versions/A/Apple80211
0x0000000007500000 	/System/Library/Frameworks/CoreWLAN.framework/Versions/A/CoreWLAN
0x0000000007500000 	/System/Library/Frameworks/IOBluetooth.framework/Versions/A/IOBluetooth
0x0000000007500000 	/System/Library/PrivateFrameworks/CoreWiFi.framework/Versions/A/CoreWiFi
0x0000000007500000 	/System/Library/Frameworks/CoreBluetooth.framework/Versions/A/CoreBluetooth
0x0000000007500000 	/System/Library/PrivateFrameworks/ChunkingLibrary.framework/Versions/A/ChunkingLibrary
0x0000000007500000 	/System/Library/PrivateFrameworks/DebugSymbols.framework/Versions/A/DebugSymbols
0x0000000007500000 	/System/Library/PrivateFrameworks/CoreSymbolication.framework/Versions/A/CoreSymbolication
0x0000000007500000 	/System/Library/PrivateFrameworks/Symbolication.framework/Versions/A/Symbolication
0x0000000007500000 	/System/Library/PrivateFrameworks/SpeechRecognitionCore.framework/Versions/A/SpeechRecognitionCore
0x0000000049260000 	/System/Library/CoreServices/Encodings/libKoreanConverter.dylib
0x0000000103db7000 	/Library/Java/JavaVirtualMachines/jdk1.8.0_77.jdk/Contents/Home/jre/lib/server/libjvm.dylib
0x0000000007500000 	/usr/lib/libstdc++.6.dylib
0x0000000104d4a000 	/Library/Java/JavaVirtualMachines/jdk1.8.0_77.jdk/Contents/Home/jre/lib/libverify.dylib
0x0000000104d58000 	/Library/Java/JavaVirtualMachines/jdk1.8.0_77.jdk/Contents/Home/jre/lib/libjava.dylib
0x0000000104d97000 	/Library/Java/JavaVirtualMachines/jdk1.8.0_77.jdk/Contents/Home/jre/lib/libzip.dylib
0x000000011af12000 	/System/Library/Frameworks/JavaVM.framework/Frameworks/JavaRuntimeSupport.framework/JavaRuntimeSupport
0x000000011af2d000 	/System/Library/Frameworks/JavaVM.framework/Versions/A/Frameworks/JavaNativeFoundation.framework/Versions/A/JavaNativeFoundation
0x0000000104df1000 	/System/Library/Frameworks/JavaVM.framework/Versions/A/JavaVM
0x0000000007500000 	/System/Library/Frameworks/Carbon.framework/Versions/A/Carbon
0x000000011af42000 	/System/Library/PrivateFrameworks/JavaLaunching.framework/Versions/A/JavaLaunching
0x0000000007500000 	/System/Library/Frameworks/Carbon.framework/Versions/A/Frameworks/CommonPanels.framework/Versions/A/CommonPanels
0x0000000007500000 	/System/Library/Frameworks/Carbon.framework/Versions/A/Frameworks/Help.framework/Versions/A/Help
0x0000000007500000 	/System/Library/Frameworks/Carbon.framework/Versions/A/Frameworks/ImageCapture.framework/Versions/A/ImageCapture
0x0000000007500000 	/System/Library/Frameworks/Carbon.framework/Versions/A/Frameworks/OpenScripting.framework/Versions/A/OpenScripting
0x0000000007500000 	/System/Library/Frameworks/Carbon.framework/Versions/A/Frameworks/Print.framework/Versions/A/Print
0x0000000007500000 	/System/Library/Frameworks/Carbon.framework/Versions/A/Frameworks/SecurityHI.framework/Versions/A/SecurityHI
0x000000011c864000 	/Library/Java/JavaVirtualMachines/jdk1.8.0_77.jdk/Contents/Home/jre/lib/libawt.dylib
0x000000011c90c000 	/Library/Java/JavaVirtualMachines/jdk1.8.0_77.jdk/Contents/Home/jre/lib/./libmlib_image.dylib
0x000000011c9d8000 	/Library/Java/JavaVirtualMachines/jdk1.8.0_77.jdk/Contents/Home/jre/lib/libawt_lwawt.dylib
0x000000011ca8d000 	/Library/Java/JavaVirtualMachines/jdk1.8.0_77.jdk/Contents/Home/jre/lib/./libosxapp.dylib
0x0000000007500000 	/System/Library/Frameworks/ExceptionHandling.framework/Versions/A/ExceptionHandling
0x0000000007500000 	/System/Library/PrivateFrameworks/CoreServicesInternal.framework/Versions/A/CoreServicesInternal
0x0000000007500000 	/System/Library/Frameworks/CoreGraphics.framework/Versions/A/Resources/libRIP.A.dylib
0x0000000007500000 	/System/Library/Frameworks/Accelerate.framework/Versions/A/Frameworks/vImage.framework/Versions/A/Libraries/libCGInterfaces.dylib
0x0000000007500000 	/System/Library/Frameworks/CoreGraphics.framework/Versions/A/Resources/libCGXType.A.dylib
0x0000000007500000 	/System/Library/Frameworks/OpenCL.framework/Versions/A/Libraries/libcldcpuengine.dylib
0x0000000007500000 	/System/Library/PrivateFrameworks/DiskImages.framework/Versions/A/DiskImages
0x0000000007500000 	/System/Library/Frameworks/DiscRecording.framework/Versions/A/DiscRecording
0x0000000007500000 	/usr/lib/libcsfde.dylib
0x0000000007500000 	/usr/lib/libcurl.4.dylib
0x0000000007500000 	/System/Library/PrivateFrameworks/MediaKit.framework/Versions/A/MediaKit
0x0000000007500000 	/System/Library/PrivateFrameworks/ProtectedCloudStorage.framework/Versions/A/ProtectedCloudStorage
0x0000000007500000 	/usr/lib/libCoreStorage.dylib
0x0000000007500000 	/System/Library/PrivateFrameworks/EFILogin.framework/Versions/A/EFILogin
0x0000000007500000 	/usr/lib/libutil.dylib
0x0000000007500000 	/System/Library/PrivateFrameworks/FindMyDevice.framework/Versions/A/FindMyDevice
0x0000000007500000 	/System/Library/Frameworks/LDAP.framework/Versions/A/LDAP
0x0000000007500000 	/usr/lib/libsasl2.2.dylib
0x0000000007500000 	/System/Library/PrivateFrameworks/CoreDaemon.framework/Versions/B/CoreDaemon
0x0000000007500000 	/usr/lib/libcrypto.0.9.8.dylib
0x0000000007500000 	/System/Library/PrivateFrameworks/AppleSRP.framework/Versions/A/AppleSRP
0x0000000007500000 	/System/Library/PrivateFrameworks/TrustEvaluationAgent.framework/Versions/A/TrustEvaluationAgent
0x000000011e6e2000 	cl_kernels
0x0000000007500000 	/System/Library/Frameworks/OpenCL.framework/Versions/A/Libraries/ImageFormats/unorm8_bgra.dylib
0x0000000007500000 	/System/Library/Frameworks/OpenCL.framework/Versions/A/Libraries/ImageFormats/unorm8_rgba.dylib
0x0000000007500000 	/System/Library/PrivateFrameworks/FamilyControls.framework/Versions/A/FamilyControls
0x0000000007500000 	/System/Library/PrivateFrameworks/CommerceKit.framework/Versions/A/Frameworks/CommerceCore.framework/Versions/A/CommerceCore
0x0000000007500000 	/System/Library/PrivateFrameworks/SystemAdministration.framework/Versions/A/SystemAdministration
0x0000000007500000 	/System/Library/PrivateFrameworks/AppContainer.framework/Versions/A/AppContainer
0x0000000007500000 	/System/Library/PrivateFrameworks/SecCodeWrapper.framework/Versions/A/SecCodeWrapper
0x0000000007500000 	/System/Library/Frameworks/DirectoryService.framework/Versions/A/DirectoryService
0x0000000007500000 	/System/Library/PrivateFrameworks/LoginUIKit.framework/Versions/A/Frameworks/LoginUICore.framework/Versions/A/LoginUICore
0x0000000007500000 	/usr/lib/libodfde.dylib
0x0000000007500000 	/System/Library/Frameworks/OpenGL.framework/Versions/A/Resources/GLEngine.bundle/GLEngine
0x0000000007500000 	/System/Library/Frameworks/OpenGL.framework/Versions/A/Libraries/libGLProgrammability.dylib
0x000000011f7e0000 	/System/Library/Extensions/AppleIntelBDWGraphicsGLDriver.bundle/Contents/MacOS/AppleIntelBDWGraphicsGLDriver
0x0000000007500000 	/System/Library/PrivateFrameworks/GPUSupport.framework/Versions/A/Libraries/libGPUSupportMercury.dylib
0x0000000007500000 	/System/Library/Frameworks/OpenGL.framework/Versions/A/Resources/GLRendererFloat.bundle/GLRendererFloat
0x0000000120768000 	/Library/Java/JavaVirtualMachines/jdk1.8.0_77.jdk/Contents/Home/jre/lib/libfontmanager.dylib
0x000000012405d000 	/Library/Java/JavaVirtualMachines/jdk1.8.0_77.jdk/Contents/Home/jre/lib/libosxui.dylib
0x0000000124d3f000 	/Library/Java/JavaVirtualMachines/jdk1.8.0_77.jdk/Contents/Home/jre/lib/libnet.dylib
0x0000000124b52000 	/Library/Java/JavaVirtualMachines/jdk1.8.0_77.jdk/Contents/Home/jre/lib/libnio.dylib
0x0000000007500000 	/System/Library/Frameworks/ApplicationServices.framework/Versions/A/Frameworks/ATS.framework/Versions/A/Resources/libTrueTypeScaler.dylib
0x0000000173a7b000 	/System/Library/Extensions/AppleIntelBDWGraphicsMTLDriver.bundle/Contents/MacOS/AppleIntelBDWGraphicsMTLDriver
0x0000000124056000 	/private/var/folders/6q/r8y5zkh55h99sgy_lbth35yr0000gn/T/jogamp_0000/file_cache/jln9204513964309115032/jln8512142073475795256/libgluegen-rt.jnilib
0x000000012405a000 	/private/var/folders/6q/r8y5zkh55h99sgy_lbth35yr0000gn/T/jogamp_0000/file_cache/jln9204513964309115032/jln8512142073475795256/libnativewindow_awt.jnilib
0x00000001739a8000 	/Library/Java/JavaVirtualMachines/jdk1.8.0_77.jdk/Contents/Home/jre/lib/libjawt.dylib
0x00000001739ab000 	/private/var/folders/6q/r8y5zkh55h99sgy_lbth35yr0000gn/T/jogamp_0000/file_cache/jln9204513964309115032/jln8512142073475795256/libnativewindow_macosx.jnilib
0x0000000174164000 	/private/var/folders/6q/r8y5zkh55h99sgy_lbth35yr0000gn/T/jogamp_0000/file_cache/jln9204513964309115032/jln8512142073475795256/libjogl_desktop.jnilib
0x000000017b4bb000 	/Library/Java/JavaVirtualMachines/jdk1.8.0_77.jdk/Contents/Home/jre/lib/libjpeg.dylib

VM Arguments:
jvm_args: -Djava.security.policy=java.policy.applet -Dfile.encoding=UTF-8 
java_command: sun.applet.AppletViewer module1.HelloWorld1468845397227.html
java_class_path (initial): /Users/mj/Documents/workspace/UCSDUnfoldingMaps/build:/Users/mj/Documents/workspace/UCSDUnfoldingMaps/lib/core.jar:/Users/mj/Documents/workspace/UCSDUnfoldingMaps/lib/gluegen-rt.jar:/Users/mj/Documents/workspace/UCSDUnfoldingMaps/lib/jogl-all.jar:/Users/mj/Documents/workspace/UCSDUnfoldingMaps/lib/log4j-1.2.15.jar:/Users/mj/Documents/workspace/UCSDUnfoldingMaps/lib/sqlite-jdbc-3.7.2.jar:/Users/mj/Documents/workspace/UCSDUnfoldingMaps/lib/json4processing.jar:/Users/mj/Documents/workspace/UCSDUnfoldingMaps/lib/libTUIO.jar:/Users/mj/Documents/workspace/UCSDUnfoldingMaps/lib/unfolding.0.9.7-uscd.jar
Launcher Type: SUN_STANDARD

Environment Variables:
PATH=/usr/bin:/bin:/usr/sbin:/sbin
SHELL=/bin/bash

Signal Handlers:
SIGSEGV: [libjvm.dylib+0x5a6855], sa_mask[0]=11111111011111110111111111111111, sa_flags=SA_ONSTACK|SA_RESTART|SA_SIGINFO
SIGBUS: [libjvm.dylib+0x5a6855], sa_mask[0]=11111111011111110111111111111111, sa_flags=SA_RESTART|SA_SIGINFO
SIGFPE: [libjvm.dylib+0x4804ec], sa_mask[0]=11111111011111110111111111111111, sa_flags=SA_RESTART|SA_SIGINFO
SIGPIPE: [libjvm.dylib+0x4804ec], sa_mask[0]=11111111011111110111111111111111, sa_flags=SA_RESTART|SA_SIGINFO
SIGXFSZ: [libjvm.dylib+0x4804ec], sa_mask[0]=11111111011111110111111111111111, sa_flags=SA_RESTART|SA_SIGINFO
SIGILL: [libjvm.dylib+0x4804ec], sa_mask[0]=11111111011111110111111111111111, sa_flags=SA_RESTART|SA_SIGINFO
SIGUSR1: SIG_DFL, sa_mask[0]=00000000000000000000000000000000, sa_flags=none
SIGUSR2: [libjvm.dylib+0x48000a], sa_mask[0]=00100000000000000000000000000000, sa_flags=SA_RESTART|SA_SIGINFO
SIGHUP: [libjvm.dylib+0x47e5e1], sa_mask[0]=11111111011111110111111111111111, sa_flags=SA_RESTART|SA_SIGINFO
SIGINT: [libjvm.dylib+0x47e5e1], sa_mask[0]=11111111011111110111111111111111, sa_flags=SA_RESTART|SA_SIGINFO
SIGTERM: [libjvm.dylib+0x47e5e1], sa_mask[0]=11111111011111110111111111111111, sa_flags=SA_RESTART|SA_SIGINFO
SIGQUIT: [libjvm.dylib+0x47e5e1], sa_mask[0]=11111111011111110111111111111111, sa_flags=SA_RESTART|SA_SIGINFO


---------------  S Y S T E M  ---------------

OS:Bsduname:Darwin 15.5.0 Darwin Kernel Version 15.5.0: Tue Apr 19 18:36:36 PDT 2016; root:xnu-3248.50.21~8/RELEASE_X86_64 x86_64
rlimit: STACK 8192k, CORE 0k, NPROC 709, NOFILE 10240, AS infinity
load average:2.29 2.03 1.90

CPU:total 4 (2 cores per cpu, 2 threads per core) family 6 model 61 stepping 4, cmov, cx8, fxsr, mmx, sse, sse2, sse3, ssse3, sse4.1, sse4.2, popcnt, avx, avx2, aes, clmul, erms, 3dnowpref, lzcnt, ht, tsc, tscinvbit, bmi1, bmi2, adx

Memory: 4k page, physical 8388608k(409200k free)

/proc/meminfo:


vm_info: Java HotSpot(TM) 64-Bit Server VM (25.77-b03) for bsd-amd64 JRE (1.8.0_77-b03), built on Mar 20 2016 22:14:03 by "java_re" with gcc 4.2.1 (Based on Apple Inc. build 5658) (LLVM build 2336.11.00)

time: Mon Jul 18 21:36:45 2016
elapsed time: 8 seconds (0d 0h 0m 8s)

