#
# A fatal error has been detected by the Java Runtime Environment:
#
#  SIGSEGV (0xb) at pc=0x00007fff908d64dd, pid=632, tid=2571
#
# JRE version: Java(TM) SE Runtime Environment (8.0_77-b03) (build 1.8.0_77-b03)
# Java VM: Java HotSpot(TM) 64-Bit Server VM (25.77-b03 mixed mode bsd-amd64 compressed oops)
# Problematic frame:
# C  [libobjc.A.dylib+0x14dd]  objc_msgSend+0x1d
#
# Failed to write core dump. Core dumps have been disabled. To enable core dumping, try "ulimit -c unlimited" before starting Java again
#
# If you would like to submit a bug report, please visit:
#   http://bugreport.java.com/bugreport/crash.jsp
# The crash happened outside the Java Virtual Machine in native code.
# See problematic frame for where to report the bug.
#

---------------  T H R E A D  ---------------

Current thread (0x00007ff178971800):  JavaThread "AWT-AppKit" daemon [_thread_in_native, id=2571, stack(0x00007fff50f6d000,0x00007fff5176d000)]

siginfo: si_signo: 11 (SIGSEGV), si_code: 1 (SEGV_MAPERR), si_addr: 0x0000000000000018

Registers:
RAX=0x00007ff17c19b290, RBX=0x000000017e2e6450, RCX=0x0000000128616aa0, RDX=0x0000000128616ba0
RSP=0x00007fff51768498, RBP=0x00007fff51768550, RSI=0x00007fff98ebfcde, RDI=0x00007ff17c094e50
R8 =0x0000000000000000, R9 =0x00000000000008b0, R10=0x00007fff98ebfcde, R11=0x0000000000000000
R12=0x0000000000000000, R13=0x00000001826a9cb8, R14=0x000000017e2e6440, R15=0x00007ff178971800
RIP=0x00007fff908d64dd, EFLAGS=0x0000000000010246, ERR=0x0000000000000004
  TRAPNO=0x000000000000000e

Top of Stack: (sp=0x00007fff51768498)
0x00007fff51768498:   000000017e2e4157 00007fff517684f0
0x00007fff517684a8:   0000000000000003 00007fff517684d0
0x00007fff517684b8:   000000010e926b02 00000001826a9cb8
0x00007fff517684c8:   00000001826a9cb8 00007ff17c19b290
0x00007fff517684d8:   000000017e2e66a0 000000017e2e6710
0x00007fff517684e8:   00007fff76f42770 00007fff77f67500
0x00007fff517684f8:   000000017e2e6450 000000017e2e6690
0x00007fff51768508:   00007ff17c19b290 00007ff17c094e50
0x00007fff51768518:   00007ff17852d650 00007ff17c19b290
0x00007fff51768528:   00007ff17c094e50 00007fff517685d8
0x00007fff51768538:   00007ff1789719f8 00000001826a9cb8
0x00007fff51768548:   00007fff51768600 00007fff517685c8
0x00007fff51768558:   000000010f730954 00000001826a9cb8
0x00007fff51768568:   00007fff51768600 00007fff517685c8
0x00007fff51768578:   000000010f7306e7 000000010f7306a2
0x00007fff51768588:   00007fff51768588 00000001826a9cb8
0x00007fff51768598:   00007fff51768600 00000001826ac8f0
0x00007fff517685a8:   0000000000000000 00000001826a9cb8
0x00007fff517685b8:   0000000000000000 00007fff517685e8
0x00007fff517685c8:   00007fff51768648 000000010f722c4d
0x00007fff517685d8:   0000000740d231e0 000000010f72a578
0x00007fff517685e8:   00007ff17c19b290 00007fff51768648
0x00007fff517685f8:   00007ff17c094e50 000000010f72bd82
0x00007fff51768608:   00007fff51768608 00000001826a9e82
0x00007fff51768618:   00007fff51768670 00000001826ac8f0
0x00007fff51768628:   0000000000000000 00000001826a9e90
0x00007fff51768638:   00007fff517685e8 00007fff51768658
0x00007fff51768648:   00007fff517686b8 000000010f722c4d
0x00007fff51768658:   00007ff17c19b290 0000000740724238
0x00007fff51768668:   00007ff17c094e50 0000000740724238
0x00007fff51768678:   00007fff51768678 00000001849a8906
0x00007fff51768688:   00007fff517686c8 00000001849a89c0 

Instructions: (pc=0x00007fff908d64dd)
0x00007fff908d64bd:   44 00 00 48 85 ff 2e 74 62 40 f6 c7 01 2e 75 66
0x00007fff908d64cd:   49 bb f8 ff ff ff ff 7f 00 00 4c 23 1f 49 89 f2
0x00007fff908d64dd:   45 23 53 18 49 c1 e2 04 4d 03 53 10 49 3b 32 75
0x00007fff908d64ed:   04 41 ff 62 08 49 83 3a 01 76 0d 49 83 c2 10 49 

Register to memory mapping:

RAX=0x00007ff17c19b290 is an unknown value
RBX=0x000000017e2e6450: Java_jogamp_nativewindow_macosx_OSXUtil_GetScreenRefreshRate0+0x1cf0 in /private/var/folders/6q/r8y5zkh55h99sgy_lbth35yr0000gn/T/jogamp_0000/file_cache/jln909749695026664485/jln6299688514064193825/libnativewindow_macosx.jnilib at 0x000000017e2df000
RCX=0x0000000128616aa0 is an unknown value
RDX=0x0000000128616ba0 is an unknown value
RSP=0x00007fff51768498 is pointing into the stack for thread: 0x00007ff178971800
RBP=0x00007fff51768550 is pointing into the stack for thread: 0x00007ff178971800
RSI=0x00007fff98ebfcde is an unknown value
RDI=0x00007ff17c094e50 is an unknown value
R8 =0x0000000000000000 is an unknown value
R9 =0x00000000000008b0 is an unknown value
R10=0x00007fff98ebfcde is an unknown value
R11=0x0000000000000000 is an unknown value
R12=0x0000000000000000 is an unknown value
R13={method} {0x00000001826a9cb8} 'UnsetJAWTRootSurfaceLayer0' '(JJ)V' in 'jogamp/nativewindow/jawt/macosx/MacOSXJAWTWindow'
R14=0x000000017e2e6440: Java_jogamp_nativewindow_macosx_OSXUtil_GetScreenRefreshRate0+0x1ce0 in /private/var/folders/6q/r8y5zkh55h99sgy_lbth35yr0000gn/T/jogamp_0000/file_cache/jln909749695026664485/jln6299688514064193825/libnativewindow_macosx.jnilib at 0x000000017e2df000
R15=0x00007ff178971800 is a thread


Stack: [0x00007fff50f6d000,0x00007fff5176d000],  sp=0x00007fff51768498,  free space=8173k
Native frames: (J=compiled Java code, j=interpreted, Vv=VM code, C=native code)
C  [libobjc.A.dylib+0x14dd]  objc_msgSend+0x1d
j  jogamp.nativewindow.jawt.macosx.MacOSXJAWTWindow.UnsetJAWTRootSurfaceLayer0(JJ)V+0
j  jogamp.nativewindow.jawt.macosx.MacOSXJAWTWindow.access$200(JJ)V+2
j  jogamp.nativewindow.jawt.macosx.MacOSXJAWTWindow$1.run()V+38
j  com.jogamp.common.util.RunnableTask.run()V+24
v  ~StubRoutines::call_stub
V  [libjvm.dylib+0x2ea39e]
V  [libjvm.dylib+0x3214a7]
V  [libjvm.dylib+0x313c7b]
C  [libnativewindow_macosx.jnilib+0x5326]  Java_jogamp_nativewindow_jawt_macosx_MacOSXJAWTWindow_UnsetJAWTRootSurfaceLayer0+0x2b6
C  [Foundation+0x76fde]  __NSThreadPerformPerform+0x117
C  [CoreFoundation+0xaa881]  __CFRUNLOOP_IS_CALLING_OUT_TO_A_SOURCE0_PERFORM_FUNCTION__+0x11
C  [CoreFoundation+0x89fbc]  __CFRunLoopDoSources0+0x22c
C  [CoreFoundation+0x894df]  __CFRunLoopRun+0x39f
C  [CoreFoundation+0x88ed8]  CFRunLoopRunSpecific+0x128
C  [HIToolbox+0x30935]  RunCurrentEventLoopInMode+0xeb
C  [HIToolbox+0x30677]  ReceiveNextEventCommon+0xb8
C  [HIToolbox+0x305af]  _BlockUntilNextEventMatchingListInModeWithFilter+0x47
C  [AppKit+0x48df6]  _DPSNextEvent+0x42b
C  [AppKit+0x48226]  -[NSApplication _nextEventMatchingEventMask:untilDate:inMode:dequeue:]+0x1c6
C  [libosxapp.dylib+0x23aa]  -[NSApplicationAWT nextEventMatchingMask:untilDate:inMode:dequeue:]+0x7c
C  [AppKit+0x3cd80]  -[NSApplication run]+0x2aa
C  [libosxapp.dylib+0x214d]  +[NSApplicationAWT runAWTLoopWithApp:]+0x9c
C  [libawt_lwawt.dylib+0x4455b]  -[AWTStarter starter:]+0x389
C  [Foundation+0x76fde]  __NSThreadPerformPerform+0x117
C  [CoreFoundation+0xaa881]  __CFRUNLOOP_IS_CALLING_OUT_TO_A_SOURCE0_PERFORM_FUNCTION__+0x11
C  [CoreFoundation+0x89fbc]  __CFRunLoopDoSources0+0x22c
C  [CoreFoundation+0x894df]  __CFRunLoopRun+0x39f
C  [CoreFoundation+0x88ed8]  CFRunLoopRunSpecific+0x128
C  [java+0x6463]  CreateExecutionEnvironment+0x367
C  [java+0x21ac]  JLI_Launch+0x7a0
C  [java+0x84c0]  main+0x65
C  [java+0x1a04]  start+0x34
C  0x0000000000000007

Java frames: (J=compiled Java code, j=interpreted, Vv=VM code)
j  jogamp.nativewindow.jawt.macosx.MacOSXJAWTWindow.UnsetJAWTRootSurfaceLayer0(JJ)V+0
j  jogamp.nativewindow.jawt.macosx.MacOSXJAWTWindow.access$200(JJ)V+2
j  jogamp.nativewindow.jawt.macosx.MacOSXJAWTWindow$1.run()V+38
j  com.jogamp.common.util.RunnableTask.run()V+24
v  ~StubRoutines::call_stub

---------------  P R O C E S S  ---------------

Java Threads: ( => current thread )
  0x00007ff1790be000 JavaThread "Thread-85" [_thread_blocked, id=26891, stack(0x000070000104a000,0x000070000114a000)]
  0x00007ff1793f4000 JavaThread "AWT-EventQueue-1" [_thread_in_native, id=59947, stack(0x00007000018eb000,0x00007000019eb000)]
  0x00007ff179802000 JavaThread "DestroyJavaVM" [_thread_blocked, id=4099, stack(0x0000700000084000,0x0000700000184000)]
  0x00007ff179155000 JavaThread "AWT-EventQueue-0" [_thread_blocked, id=56835, stack(0x00007000016e5000,0x00007000017e5000)]
  0x00007ff1790db800 JavaThread "Java2D Disposer" daemon [_thread_blocked, id=53507, stack(0x000070000145c000,0x000070000155c000)]
  0x00007ff1790d9800 JavaThread "Java2D Queue Flusher" daemon [_thread_blocked, id=50439, stack(0x0000700001359000,0x0000700001459000)]
  0x00007ff17a196000 JavaThread "AWT-Shutdown" [_thread_blocked, id=29207, stack(0x00007000011d3000,0x00007000012d3000)]
=>0x00007ff178971800 JavaThread "AWT-AppKit" daemon [_thread_in_native, id=2571, stack(0x00007fff50f6d000,0x00007fff5176d000)]
  0x00007ff17906b000 JavaThread "Service Thread" daemon [_thread_blocked, id=18691, stack(0x0000700000e44000,0x0000700000f44000)]
  0x00007ff17902a000 JavaThread "C1 CompilerThread2" daemon [_thread_blocked, id=18179, stack(0x0000700000d41000,0x0000700000e41000)]
  0x00007ff179029800 JavaThread "C2 CompilerThread1" daemon [_thread_blocked, id=17667, stack(0x0000700000c3e000,0x0000700000d3e000)]
  0x00007ff17a03f000 JavaThread "C2 CompilerThread0" daemon [_thread_blocked, id=17155, stack(0x0000700000b3b000,0x0000700000c3b000)]
  0x00007ff17a03e800 JavaThread "Signal Dispatcher" daemon [_thread_blocked, id=12815, stack(0x0000700000a38000,0x0000700000b38000)]
  0x00007ff17980a800 JavaThread "Finalizer" daemon [_thread_blocked, id=11779, stack(0x000070000082f000,0x000070000092f000)]
  0x00007ff17a033000 JavaThread "Reference Handler" daemon [_thread_blocked, id=11267, stack(0x000070000072c000,0x000070000082c000)]

Other Threads:
  0x00007ff17a032800 VMThread [stack: 0x0000700000629000,0x0000700000729000] [id=10755]
  0x00007ff178810000 WatcherThread [stack: 0x0000700000f47000,0x0000700001047000] [id=19203]

VM state:not at safepoint (normal execution)

VM Mutex/Monitor currently owned by a thread: None

Heap:
 PSYoungGen      total 22016K, used 3265K [0x0000000795580000, 0x0000000797680000, 0x00000007c0000000)
  eden space 21504K, 14% used [0x0000000795580000,0x00000007958986c0,0x0000000796a80000)
  from space 512K, 18% used [0x0000000796a80000,0x0000000796a98000,0x0000000796b00000)
  to   space 6144K, 0% used [0x0000000797080000,0x0000000797080000,0x0000000797680000)
 ParOldGen       total 87552K, used 32698K [0x0000000740000000, 0x0000000745580000, 0x0000000795580000)
  object space 87552K, 37% used [0x0000000740000000,0x0000000741fee918,0x0000000745580000)
 Metaspace       used 19615K, capacity 19895K, committed 20224K, reserved 1067008K
  class space    used 1901K, capacity 1954K, committed 2048K, reserved 1048576K

Card table byte_map: [0x000000011f400000,0x000000011f801000] byte_map_base: 0x000000011ba00000

Marking Bits: (ParMarkBitMap*) 0x000000010f019ea0
 Begin Bits: [0x000000011faac000, 0x0000000121aac000)
 End Bits:   [0x0000000121aac000, 0x0000000123aac000)

Polling page: 0x000000010f708000

CodeCache: size=245760Kb used=7444Kb max_used=7741Kb free=238315Kb
 bounds [0x000000010f71b000, 0x000000010feeb000, 0x000000011e71b000]
 total_blobs=3035 nmethods=2153 adapters=795
 compilation: enabled

Compilation events (10 events):
Event: 291.158 Thread 0x00007ff179029800 nmethod 2608 0x000000010fae4190 code [0x000000010fae4340, 0x000000010fae4520]
Event: 291.824 Thread 0x00007ff17a03f000 2609       4       processing.opengl.PGraphicsOpenGL$TessGeometry::addPolyVertices (1120 bytes)
Event: 291.851 Thread 0x00007ff17a03f000 nmethod 2609 0x000000010fbcc090 code [0x000000010fbcc300, 0x000000010fbcd800]
Event: 296.795 Thread 0x00007ff179029800 2610       4       java.security.AccessController::checkPermission (165 bytes)
Event: 296.796 Thread 0x00007ff179029800 nmethod 2610 0x000000010fc06550 code [0x000000010fc066c0, 0x000000010fc067e8]
Event: 299.926 Thread 0x00007ff17a03f000 2611       4       sun.java2d.SurfaceData::pixelFor (13 bytes)
Event: 299.927 Thread 0x00007ff179029800 2612       4       sun.awt.image.PixelConverter$ArgbPre::rgbToPixel (100 bytes)
Event: 299.927 Thread 0x00007ff17a03f000 nmethod 2611 0x000000010fc622d0 code [0x000000010fc62420, 0x000000010fc624f8]
Event: 299.927 Thread 0x00007ff179029800 nmethod 2612 0x000000010fcb8350 code [0x000000010fcb84a0, 0x000000010fcb8518]
Event: 299.968 Thread 0x00007ff17a03f000 2613  s!   4       sun.misc.URLClassPath::getLoader (197 bytes)

GC Heap History (10 events):
Event: 273.258 GC heap before
{Heap before GC invocations=39 (full 0):
 PSYoungGen      total 27136K, used 26048K [0x0000000795580000, 0x0000000797880000, 0x00000007c0000000)
  eden space 21504K, 100% used [0x0000000795580000,0x0000000796a80000,0x0000000796a80000)
  from space 5632K, 80% used [0x0000000797100000,0x0000000797570110,0x0000000797680000)
  to   space 6656K, 0% used [0x0000000796a80000,0x0000000796a80000,0x0000000797100000)
 ParOldGen       total 87552K, used 24071K [0x0000000740000000, 0x0000000745580000, 0x0000000795580000)
  object space 87552K, 27% used [0x0000000740000000,0x0000000741781ea0,0x0000000745580000)
 Metaspace       used 19500K, capacity 19767K, committed 19968K, reserved 1067008K
  class space    used 1893K, capacity 1954K, committed 2048K, reserved 1048576K
Event: 273.262 GC heap after
Heap after GC invocations=39 (full 0):
 PSYoungGen      total 28160K, used 3776K [0x0000000795580000, 0x0000000797880000, 0x00000007c0000000)
  eden space 21504K, 0% used [0x0000000795580000,0x0000000795580000,0x0000000796a80000)
  from space 6656K, 56% used [0x0000000796a80000,0x0000000796e300e0,0x0000000797100000)
  to   space 7168K, 0% used [0x0000000797180000,0x0000000797180000,0x0000000797880000)
 ParOldGen       total 87552K, used 27431K [0x0000000740000000, 0x0000000745580000, 0x0000000795580000)
  object space 87552K, 31% used [0x0000000740000000,0x0000000741ac9f70,0x0000000745580000)
 Metaspace       used 19500K, capacity 19767K, committed 19968K, reserved 1067008K
  class space    used 1893K, capacity 1954K, committed 2048K, reserved 1048576K
}
Event: 276.962 GC heap before
{Heap before GC invocations=40 (full 0):
 PSYoungGen      total 28160K, used 25139K [0x0000000795580000, 0x0000000797880000, 0x00000007c0000000)
  eden space 21504K, 99% used [0x0000000795580000,0x0000000796a5cb60,0x0000000796a80000)
  from space 6656K, 56% used [0x0000000796a80000,0x0000000796e300e0,0x0000000797100000)
  to   space 7168K, 0% used [0x0000000797180000,0x0000000797180000,0x0000000797880000)
 ParOldGen       total 87552K, used 27687K [0x0000000740000000, 0x0000000745580000, 0x0000000795580000)
  object space 87552K, 31% used [0x0000000740000000,0x0000000741b09f80,0x0000000745580000)
 Metaspace       used 19556K, capacity 19767K, committed 19968K, reserved 1067008K
  class space    used 1893K, capacity 1954K, committed 2048K, reserved 1048576K
Event: 276.965 GC heap after
Heap after GC invocations=40 (full 0):
 PSYoungGen      total 28672K, used 3296K [0x0000000795580000, 0x0000000797880000, 0x00000007c0000000)
  eden space 21504K, 0% used [0x0000000795580000,0x0000000795580000,0x0000000796a80000)
  from space 7168K, 45% used [0x0000000797180000,0x00000007974b80c0,0x0000000797880000)
  to   space 7168K, 0% used [0x0000000796a80000,0x0000000796a80000,0x0000000797180000)
 ParOldGen       total 87552K, used 30288K [0x0000000740000000, 0x0000000745580000, 0x0000000795580000)
  object space 87552K, 34% used [0x0000000740000000,0x0000000741d94020,0x0000000745580000)
 Metaspace       used 19556K, capacity 19767K, committed 19968K, reserved 1067008K
  class space    used 1893K, capacity 1954K, committed 2048K, reserved 1048576K
}
Event: 282.988 GC heap before
{Heap before GC invocations=41 (full 0):
 PSYoungGen      total 28672K, used 24800K [0x0000000795580000, 0x0000000797880000, 0x00000007c0000000)
  eden space 21504K, 100% used [0x0000000795580000,0x0000000796a80000,0x0000000796a80000)
  from space 7168K, 45% used [0x0000000797180000,0x00000007974b80c0,0x0000000797880000)
  to   space 7168K, 0% used [0x0000000796a80000,0x0000000796a80000,0x0000000797180000)
 ParOldGen       total 87552K, used 30290K [0x0000000740000000, 0x0000000745580000, 0x0000000795580000)
  object space 87552K, 34% used [0x0000000740000000,0x0000000741d94888,0x0000000745580000)
 Metaspace       used 19580K, capacity 19831K, committed 19968K, reserved 1067008K
  class space    used 1893K, capacity 1954K, committed 2048K, reserved 1048576K
Event: 282.990 GC heap after
Heap after GC invocations=41 (full 0):
 PSYoungGen      total 22528K, used 640K [0x0000000795580000, 0x0000000797780000, 0x00000007c0000000)
  eden space 21504K, 0% used [0x0000000795580000,0x0000000795580000,0x0000000796a80000)
  from space 1024K, 62% used [0x0000000796a80000,0x0000000796b20020,0x0000000796b80000)
  to   space 6656K, 0% used [0x0000000797100000,0x0000000797100000,0x0000000797780000)
 ParOldGen       total 87552K, used 32122K [0x0000000740000000, 0x0000000745580000, 0x0000000795580000)
  object space 87552K, 36% used [0x0000000740000000,0x0000000741f5e8f8,0x0000000745580000)
 Metaspace       used 19580K, capacity 19831K, committed 19968K, reserved 1067008K
  class space    used 1893K, capacity 1954K, committed 2048K, reserved 1048576K
}
Event: 291.561 GC heap before
{Heap before GC invocations=42 (full 0):
 PSYoungGen      total 22528K, used 22144K [0x0000000795580000, 0x0000000797780000, 0x00000007c0000000)
  eden space 21504K, 100% used [0x0000000795580000,0x0000000796a80000,0x0000000796a80000)
  from space 1024K, 62% used [0x0000000796a80000,0x0000000796b20020,0x0000000796b80000)
  to   space 6656K, 0% used [0x0000000797100000,0x0000000797100000,0x0000000797780000)
 ParOldGen       total 87552K, used 32122K [0x0000000740000000, 0x0000000745580000, 0x0000000795580000)
  object space 87552K, 36% used [0x0000000740000000,0x0000000741f5e8f8,0x0000000745580000)
 Metaspace       used 19580K, capacity 19831K, committed 19968K, reserved 1067008K
  class space    used 1893K, capacity 1954K, committed 2048K, reserved 1048576K
Event: 291.563 GC heap after
Heap after GC invocations=42 (full 0):
 PSYoungGen      total 28160K, used 96K [0x0000000795580000, 0x0000000797780000, 0x00000007c0000000)
  eden space 21504K, 0% used [0x0000000795580000,0x0000000795580000,0x0000000796a80000)
  from space 6656K, 1% used [0x0000000797100000,0x0000000797118000,0x0000000797780000)
  to   space 6656K, 0% used [0x0000000796a80000,0x0000000796a80000,0x0000000797100000)
 ParOldGen       total 87552K, used 32666K [0x0000000740000000, 0x0000000745580000, 0x0000000795580000)
  object space 87552K, 37% used [0x0000000740000000,0x0000000741fe6918,0x0000000745580000)
 Metaspace       used 19580K, capacity 19831K, committed 19968K, reserved 1067008K
  class space    used 1893K, capacity 1954K, committed 2048K, reserved 1048576K
}
Event: 298.975 GC heap before
{Heap before GC invocations=43 (full 0):
 PSYoungGen      total 28160K, used 21600K [0x0000000795580000, 0x0000000797780000, 0x00000007c0000000)
  eden space 21504K, 100% used [0x0000000795580000,0x0000000796a80000,0x0000000796a80000)
  from space 6656K, 1% used [0x0000000797100000,0x0000000797118000,0x0000000797780000)
  to   space 6656K, 0% used [0x0000000796a80000,0x0000000796a80000,0x0000000797100000)
 ParOldGen       total 87552K, used 32666K [0x0000000740000000, 0x0000000745580000, 0x0000000795580000)
  object space 87552K, 37% used [0x0000000740000000,0x0000000741fe6918,0x0000000745580000)
 Metaspace       used 19580K, capacity 19831K, committed 19968K, reserved 1067008K
  class space    used 1893K, capacity 1954K, committed 2048K, reserved 1048576K
Event: 298.977 GC heap after
Heap after GC invocations=43 (full 0):
 PSYoungGen      total 22016K, used 96K [0x0000000795580000, 0x0000000797680000, 0x00000007c0000000)
  eden space 21504K, 0% used [0x0000000795580000,0x0000000795580000,0x0000000796a80000)
  from space 512K, 18% used [0x0000000796a80000,0x0000000796a98000,0x0000000796b00000)
  to   space 6144K, 0% used [0x0000000797080000,0x0000000797080000,0x0000000797680000)
 ParOldGen       total 87552K, used 32698K [0x0000000740000000, 0x0000000745580000, 0x0000000795580000)
  object space 87552K, 37% used [0x0000000740000000,0x0000000741fee918,0x0000000745580000)
 Metaspace       used 19580K, capacity 19831K, committed 19968K, reserved 1067008K
  class space    used 1893K, capacity 1954K, committed 2048K, reserved 1048576K
}

Deoptimization events (10 events):
Event: 299.958 Thread 0x00007ff17a237000 Uncommon trap: reason=class_check action=maybe_recompile pc=0x000000010fac84f8 method=java.util.HashMap.putVal(ILjava/lang/Object;Ljava/lang/Object;ZZ)Ljava/lang/Object; @ 91
Event: 299.958 Thread 0x00007ff17a237000 Uncommon trap: reason=class_check action=maybe_recompile pc=0x000000010fac84f8 method=java.util.HashMap.putVal(ILjava/lang/Object;Ljava/lang/Object;ZZ)Ljava/lang/Object; @ 91
Event: 299.958 Thread 0x00007ff17a237000 Uncommon trap: reason=class_check action=maybe_recompile pc=0x000000010fac84f8 method=java.util.HashMap.putVal(ILjava/lang/Object;Ljava/lang/Object;ZZ)Ljava/lang/Object; @ 91
Event: 299.958 Thread 0x00007ff17a237000 Uncommon trap: reason=class_check action=maybe_recompile pc=0x000000010fac77b4 method=java.util.HashMap.putVal(ILjava/lang/Object;Ljava/lang/Object;ZZ)Ljava/lang/Object; @ 91
Event: 299.959 Thread 0x00007ff179155000 Uncommon trap: reason=class_check action=maybe_recompile pc=0x000000010f96f5b4 method=java.awt.event.InvocationEvent.dispatch()V @ 47
Event: 299.959 Thread 0x00007ff179155000 Uncommon trap: reason=class_check action=maybe_recompile pc=0x000000010fe90a70 method=java.awt.Component.getGraphics()Ljava/awt/Graphics; @ 114
Event: 299.960 Thread 0x00007ff178971800 Uncommon trap: reason=class_check action=maybe_recompile pc=0x000000010fe8e100 method=com.jogamp.common.util.RunnableTask.run()V @ 24
Event: 299.961 Thread 0x00007ff178971800 Uncommon trap: reason=unstable_if action=reinterpret pc=0x000000010fe81b3c method=jogamp.nativewindow.macosx.OSXUtil.RunOnMainThread(ZZLjava/lang/Runnable;)V @ 3
Event: 299.967 Thread 0x00007ff1793f4000 Uncommon trap: reason=unstable_if action=reinterpret pc=0x000000010fea3718 method=jogamp.opengl.GLContextImpl.release(Z)V @ 161
Event: 299.971 Thread 0x00007ff178971800 Uncommon trap: reason=class_check action=maybe_recompile pc=0x000000010fe8e100 method=com.jogamp.common.util.RunnableTask.run()V @ 24

Internal exceptions (10 events):
Event: 0.185 Thread 0x00007ff179802000 Exception <a 'java/lang/NoSuchFieldError': method resolution failed> (0x0000000795785e60) thrown at [/Users/java_re/workspace/8-2-build-macosx-x86_64/jdk8u77/6540/hotspot/src/share/vm/prims/methodHandles.cpp, line 1146]
Event: 0.188 Thread 0x00007ff179802000 Exception <a 'java/lang/NoSuchFieldError': method resolution failed> (0x0000000795793630) thrown at [/Users/java_re/workspace/8-2-build-macosx-x86_64/jdk8u77/6540/hotspot/src/share/vm/prims/methodHandles.cpp, line 1146]
Event: 0.663 Thread 0x00007ff179802000 Exception <a 'java/io/FileNotFoundException'> (0x000000079580f428) thrown at [/Users/java_re/workspace/8-2-build-macosx-x86_64/jdk8u77/6540/hotspot/src/share/vm/prims/jni.cpp, line 709]
Event: 0.663 Thread 0x00007ff179802000 Exception <a 'java/io/FileNotFoundException'> (0x000000079580ff50) thrown at [/Users/java_re/workspace/8-2-build-macosx-x86_64/jdk8u77/6540/hotspot/src/share/vm/prims/jni.cpp, line 709]
Event: 0.821 Thread 0x00007ff179802000 Exception <a 'java/io/FileNotFoundException'> (0x00000007959a4728) thrown at [/Users/java_re/workspace/8-2-build-macosx-x86_64/jdk8u77/6540/hotspot/src/share/vm/prims/jni.cpp, line 709]
Event: 2.444 Thread 0x00007ff17a3e0000 Exception <a 'java/lang/UnsatisfiedLinkError': com.jogamp.common.util.JarUtil.fixNativeLibAttribs(Ljava/lang/String;)Z> (0x0000000796be8028) thrown at [/Users/java_re/workspace/8-2-build-macosx-x86_64/jdk8u77/6540/hotspot/src/share/vm/prims/nativeLookup.c
Event: 2.719 Thread 0x00007ff17980a800 Exception <a 'java/lang/NullPointerException'> (0x00000007956a76d8) thrown at [/Users/java_re/workspace/8-2-build-macosx-x86_64/jdk8u77/6540/hotspot/src/share/vm/interpreter/linkResolver.cpp, line 1178]
Event: 3.265 Thread 0x00007ff1793f4000 Exception <a 'java/io/FileNotFoundException'> (0x0000000795f0e228) thrown at [/Users/java_re/workspace/8-2-build-macosx-x86_64/jdk8u77/6540/hotspot/src/share/vm/prims/jni.cpp, line 709]
Event: 3.265 Thread 0x00007ff1793f4000 Exception <a 'java/io/FileNotFoundException'> (0x0000000795f14268) thrown at [/Users/java_re/workspace/8-2-build-macosx-x86_64/jdk8u77/6540/hotspot/src/share/vm/prims/jni.cpp, line 709]
Event: 3.265 Thread 0x00007ff1793f4000 Implicit null exception at 0x000000010f8d3975 to 0x000000010f8d3cd9

Events (10 events):
Event: 299.970 loading class java/awt/LightweightDispatcher$2 done
Event: 299.970 loading class java/awt/event/AWTEventListenerProxy
Event: 299.970 loading class java/awt/event/AWTEventListenerProxy done
Event: 299.970 Executing VM operation: Deoptimize
Event: 299.971 Executing VM operation: Deoptimize done
Event: 299.971 Thread 0x00007ff178971800 Uncommon trap: trap_request=0xffffffde fr.pc=0x000000010fe8e100
Event: 299.971 Thread 0x00007ff178971800 DEOPT PACKING pc=0x000000010fe8e100 sp=0x00007fff51768710
Event: 299.971 Thread 0x00007ff178971800 DEOPT UNPACKING pc=0x000000010f720229 sp=0x00007fff517686b8 mode 2
Event: 299.971 loading class java/awt/Toolkit$ToolkitEventMulticaster
Event: 299.971 loading class java/awt/Toolkit$ToolkitEventMulticaster done


Dynamic libraries:
0x0000000006a80000 	/System/Library/Frameworks/Cocoa.framework/Versions/A/Cocoa
0x0000000006a80000 	/System/Library/Frameworks/Security.framework/Versions/A/Security
0x0000000006a80000 	/System/Library/Frameworks/ApplicationServices.framework/Versions/A/ApplicationServices
0x0000000006a80000 	/usr/lib/libz.1.dylib
0x0000000006a80000 	/usr/lib/libSystem.B.dylib
0x0000000006a80000 	/usr/lib/libobjc.A.dylib
0x0000000006a80000 	/System/Library/Frameworks/CoreFoundation.framework/Versions/A/CoreFoundation
0x0000000006a80000 	/System/Library/Frameworks/Foundation.framework/Versions/C/Foundation
0x0000000006a80000 	/System/Library/Frameworks/AppKit.framework/Versions/C/AppKit
0x0000000006a80000 	/System/Library/Frameworks/CoreData.framework/Versions/A/CoreData
0x0000000006a80000 	/System/Library/PrivateFrameworks/RemoteViewServices.framework/Versions/A/RemoteViewServices
0x0000000006a80000 	/System/Library/PrivateFrameworks/UIFoundation.framework/Versions/A/UIFoundation
0x0000000006a80000 	/usr/lib/libScreenReader.dylib
0x0000000006a80000 	/System/Library/Frameworks/Accelerate.framework/Versions/A/Accelerate
0x0000000006a80000 	/System/Library/Frameworks/IOSurface.framework/Versions/A/IOSurface
0x0000000006a80000 	/System/Library/Frameworks/AudioToolbox.framework/Versions/A/AudioToolbox
0x0000000006a80000 	/System/Library/Frameworks/AudioUnit.framework/Versions/A/AudioUnit
0x0000000006a80000 	/System/Library/PrivateFrameworks/DataDetectorsCore.framework/Versions/A/DataDetectorsCore
0x0000000006a80000 	/System/Library/PrivateFrameworks/DesktopServicesPriv.framework/Versions/A/DesktopServicesPriv
0x0000000006a80000 	/System/Library/Frameworks/Carbon.framework/Versions/A/Frameworks/HIToolbox.framework/Versions/A/HIToolbox
0x0000000006a80000 	/System/Library/Frameworks/QuartzCore.framework/Versions/A/QuartzCore
0x0000000006a80000 	/System/Library/Frameworks/Carbon.framework/Versions/A/Frameworks/SpeechRecognition.framework/Versions/A/SpeechRecognition
0x0000000006a80000 	/usr/lib/libauto.dylib
0x0000000006a80000 	/usr/lib/libicucore.A.dylib
0x0000000006a80000 	/usr/lib/libxml2.2.dylib
0x0000000006a80000 	/System/Library/PrivateFrameworks/CoreUI.framework/Versions/A/CoreUI
0x0000000006a80000 	/System/Library/Frameworks/CoreAudio.framework/Versions/A/CoreAudio
0x0000000006a80000 	/System/Library/Frameworks/DiskArbitration.framework/Versions/A/DiskArbitration
0x0000000006a80000 	/usr/lib/liblangid.dylib
0x0000000006a80000 	/System/Library/PrivateFrameworks/MultitouchSupport.framework/Versions/A/MultitouchSupport
0x0000000006a80000 	/System/Library/Frameworks/IOKit.framework/Versions/A/IOKit
0x0000000006a80000 	/usr/lib/libDiagnosticMessagesClient.dylib
0x0000000006a80000 	/System/Library/Frameworks/CoreServices.framework/Versions/A/CoreServices
0x0000000006a80000 	/System/Library/PrivateFrameworks/PerformanceAnalysis.framework/Versions/A/PerformanceAnalysis
0x0000000006a80000 	/System/Library/PrivateFrameworks/GenerationalStorage.framework/Versions/A/GenerationalStorage
0x0000000006a80000 	/System/Library/Frameworks/OpenGL.framework/Versions/A/OpenGL
0x0000000006a80000 	/System/Library/PrivateFrameworks/Sharing.framework/Versions/A/Sharing
0x0000000006a80000 	/System/Library/Frameworks/CoreGraphics.framework/Versions/A/CoreGraphics
0x0000000006a80000 	/System/Library/Frameworks/CoreImage.framework/Versions/A/CoreImage
0x0000000006a80000 	/System/Library/Frameworks/CoreText.framework/Versions/A/CoreText
0x0000000006a80000 	/System/Library/Frameworks/ImageIO.framework/Versions/A/ImageIO
0x0000000006a80000 	/System/Library/PrivateFrameworks/Backup.framework/Versions/A/Backup
0x0000000006a80000 	/usr/lib/libextension.dylib
0x0000000006a80000 	/usr/lib/libarchive.2.dylib
0x0000000006a80000 	/System/Library/Frameworks/CFNetwork.framework/Versions/A/CFNetwork
0x0000000006a80000 	/System/Library/Frameworks/SystemConfiguration.framework/Versions/A/SystemConfiguration
0x0000000006a80000 	/usr/lib/libCRFSuite.dylib
0x0000000006a80000 	/usr/lib/libc++.1.dylib
0x0000000006a80000 	/usr/lib/libc++abi.dylib
0x0000000006a80000 	/usr/lib/system/libcache.dylib
0x0000000006a80000 	/usr/lib/system/libcommonCrypto.dylib
0x0000000006a80000 	/usr/lib/system/libcompiler_rt.dylib
0x0000000006a80000 	/usr/lib/system/libcopyfile.dylib
0x0000000006a80000 	/usr/lib/system/libcorecrypto.dylib
0x0000000006a80000 	/usr/lib/system/libdispatch.dylib
0x0000000006a80000 	/usr/lib/system/libdyld.dylib
0x0000000006a80000 	/usr/lib/system/libkeymgr.dylib
0x0000000006a80000 	/usr/lib/system/liblaunch.dylib
0x0000000006a80000 	/usr/lib/system/libmacho.dylib
0x0000000006a80000 	/usr/lib/system/libquarantine.dylib
0x0000000006a80000 	/usr/lib/system/libremovefile.dylib
0x0000000006a80000 	/usr/lib/system/libsystem_asl.dylib
0x0000000006a80000 	/usr/lib/system/libsystem_blocks.dylib
0x0000000006a80000 	/usr/lib/system/libsystem_c.dylib
0x0000000006a80000 	/usr/lib/system/libsystem_configuration.dylib
0x0000000006a80000 	/usr/lib/system/libsystem_coreservices.dylib
0x0000000006a80000 	/usr/lib/system/libsystem_coretls.dylib
0x0000000006a80000 	/usr/lib/system/libsystem_dnssd.dylib
0x0000000006a80000 	/usr/lib/system/libsystem_info.dylib
0x0000000006a80000 	/usr/lib/system/libsystem_kernel.dylib
0x0000000006a80000 	/usr/lib/system/libsystem_m.dylib
0x0000000006a80000 	/usr/lib/system/libsystem_malloc.dylib
0x0000000006a80000 	/usr/lib/system/libsystem_network.dylib
0x0000000006a80000 	/usr/lib/system/libsystem_networkextension.dylib
0x0000000006a80000 	/usr/lib/system/libsystem_notify.dylib
0x0000000006a80000 	/usr/lib/system/libsystem_platform.dylib
0x0000000006a80000 	/usr/lib/system/libsystem_pthread.dylib
0x0000000006a80000 	/usr/lib/system/libsystem_sandbox.dylib
0x0000000006a80000 	/usr/lib/system/libsystem_secinit.dylib
0x0000000006a80000 	/usr/lib/system/libsystem_trace.dylib
0x0000000006a80000 	/usr/lib/system/libunc.dylib
0x0000000006a80000 	/usr/lib/system/libunwind.dylib
0x0000000006a80000 	/usr/lib/system/libxpc.dylib
0x0000000006a80000 	/usr/lib/libenergytrace.dylib
0x0000000006a80000 	/usr/lib/libbsm.0.dylib
0x0000000006a80000 	/usr/lib/system/libkxld.dylib
0x0000000006a80000 	/usr/lib/libxar.1.dylib
0x0000000006a80000 	/usr/lib/libsqlite3.dylib
0x0000000006a80000 	/usr/lib/libpam.2.dylib
0x0000000006a80000 	/usr/lib/libOpenScriptingUtil.dylib
0x0000000006a80000 	/usr/lib/libbz2.1.0.dylib
0x0000000006a80000 	/usr/lib/liblzma.5.dylib
0x0000000006a80000 	/System/Library/Frameworks/CoreServices.framework/Versions/A/Frameworks/FSEvents.framework/Versions/A/FSEvents
0x0000000006a80000 	/System/Library/Frameworks/CoreServices.framework/Versions/A/Frameworks/CarbonCore.framework/Versions/A/CarbonCore
0x0000000006a80000 	/System/Library/Frameworks/CoreServices.framework/Versions/A/Frameworks/Metadata.framework/Versions/A/Metadata
0x0000000006a80000 	/System/Library/Frameworks/CoreServices.framework/Versions/A/Frameworks/OSServices.framework/Versions/A/OSServices
0x0000000006a80000 	/System/Library/Frameworks/CoreServices.framework/Versions/A/Frameworks/SearchKit.framework/Versions/A/SearchKit
0x0000000006a80000 	/System/Library/Frameworks/CoreServices.framework/Versions/A/Frameworks/AE.framework/Versions/A/AE
0x0000000006a80000 	/System/Library/Frameworks/CoreServices.framework/Versions/A/Frameworks/LaunchServices.framework/Versions/A/LaunchServices
0x0000000006a80000 	/System/Library/Frameworks/CoreServices.framework/Versions/A/Frameworks/DictionaryServices.framework/Versions/A/DictionaryServices
0x0000000006a80000 	/System/Library/Frameworks/CoreServices.framework/Versions/A/Frameworks/SharedFileList.framework/Versions/A/SharedFileList
0x0000000006a80000 	/System/Library/Frameworks/NetFS.framework/Versions/A/NetFS
0x0000000006a80000 	/System/Library/PrivateFrameworks/NetAuth.framework/Versions/A/NetAuth
0x0000000006a80000 	/System/Library/PrivateFrameworks/login.framework/Versions/A/Frameworks/loginsupport.framework/Versions/A/loginsupport
0x0000000006a80000 	/System/Library/PrivateFrameworks/TCC.framework/Versions/A/TCC
0x0000000006a80000 	/usr/lib/libmecabra.dylib
0x0000000006a80000 	/System/Library/Frameworks/ApplicationServices.framework/Versions/A/Frameworks/ATS.framework/Versions/A/ATS
0x0000000006a80000 	/System/Library/Frameworks/ApplicationServices.framework/Versions/A/Frameworks/ColorSync.framework/Versions/A/ColorSync
0x0000000006a80000 	/System/Library/Frameworks/ApplicationServices.framework/Versions/A/Frameworks/HIServices.framework/Versions/A/HIServices
0x0000000006a80000 	/System/Library/Frameworks/ApplicationServices.framework/Versions/A/Frameworks/LangAnalysis.framework/Versions/A/LangAnalysis
0x0000000006a80000 	/System/Library/Frameworks/ApplicationServices.framework/Versions/A/Frameworks/PrintCore.framework/Versions/A/PrintCore
0x0000000006a80000 	/System/Library/Frameworks/ApplicationServices.framework/Versions/A/Frameworks/QD.framework/Versions/A/QD
0x0000000006a80000 	/System/Library/Frameworks/ApplicationServices.framework/Versions/A/Frameworks/SpeechSynthesis.framework/Versions/A/SpeechSynthesis
0x0000000006a80000 	/System/Library/Frameworks/Metal.framework/Versions/A/Metal
0x0000000006a80000 	/System/Library/Frameworks/Accelerate.framework/Versions/A/Frameworks/vImage.framework/Versions/A/vImage
0x0000000006a80000 	/System/Library/Frameworks/Accelerate.framework/Versions/A/Frameworks/vecLib.framework/Versions/A/vecLib
0x0000000006a80000 	/System/Library/Frameworks/Accelerate.framework/Versions/A/Frameworks/vecLib.framework/Versions/A/libvDSP.dylib
0x0000000006a80000 	/System/Library/Frameworks/Accelerate.framework/Versions/A/Frameworks/vecLib.framework/Versions/A/libvMisc.dylib
0x0000000006a80000 	/System/Library/Frameworks/Accelerate.framework/Versions/A/Frameworks/vecLib.framework/Versions/A/libLAPACK.dylib
0x0000000006a80000 	/System/Library/Frameworks/Accelerate.framework/Versions/A/Frameworks/vecLib.framework/Versions/A/libBLAS.dylib
0x0000000006a80000 	/System/Library/Frameworks/Accelerate.framework/Versions/A/Frameworks/vecLib.framework/Versions/A/libLinearAlgebra.dylib
0x0000000006a80000 	/System/Library/Frameworks/Accelerate.framework/Versions/A/Frameworks/vecLib.framework/Versions/A/libSparseBLAS.dylib
0x0000000006a80000 	/System/Library/PrivateFrameworks/GPUCompiler.framework/libmetal_timestamp.dylib
0x0000000006a80000 	/System/Library/Frameworks/OpenGL.framework/Versions/A/Libraries/libCoreFSCache.dylib
0x0000000006a80000 	/System/Library/PrivateFrameworks/IOAccelerator.framework/Versions/A/IOAccelerator
0x0000000006a80000 	/System/Library/Frameworks/ApplicationServices.framework/Versions/A/Frameworks/ATS.framework/Versions/A/Resources/libFontParser.dylib
0x0000000006a80000 	/System/Library/Frameworks/ApplicationServices.framework/Versions/A/Frameworks/ATS.framework/Versions/A/Resources/libFontRegistry.dylib
0x0000000006a80000 	/System/Library/PrivateFrameworks/AppleVPA.framework/Versions/A/AppleVPA
0x0000000006a80000 	/System/Library/PrivateFrameworks/AppleJPEG.framework/Versions/A/AppleJPEG
0x0000000006a80000 	/System/Library/Frameworks/ImageIO.framework/Versions/A/Resources/libJPEG.dylib
0x0000000006a80000 	/System/Library/Frameworks/ImageIO.framework/Versions/A/Resources/libTIFF.dylib
0x0000000006a80000 	/System/Library/Frameworks/ImageIO.framework/Versions/A/Resources/libPng.dylib
0x0000000006a80000 	/System/Library/Frameworks/ImageIO.framework/Versions/A/Resources/libGIF.dylib
0x0000000006a80000 	/System/Library/Frameworks/ImageIO.framework/Versions/A/Resources/libJP2.dylib
0x0000000006a80000 	/System/Library/Frameworks/ImageIO.framework/Versions/A/Resources/libRadiance.dylib
0x0000000006a80000 	/System/Library/Frameworks/CoreVideo.framework/Versions/A/CoreVideo
0x0000000006a80000 	/System/Library/Frameworks/OpenGL.framework/Versions/A/Libraries/libGLU.dylib
0x0000000006a80000 	/System/Library/Frameworks/OpenGL.framework/Versions/A/Libraries/libGFXShared.dylib
0x0000000006a80000 	/System/Library/Frameworks/OpenGL.framework/Versions/A/Libraries/libGL.dylib
0x0000000006a80000 	/System/Library/Frameworks/OpenGL.framework/Versions/A/Libraries/libGLImage.dylib
0x0000000006a80000 	/System/Library/Frameworks/OpenGL.framework/Versions/A/Libraries/libCVMSPluginSupport.dylib
0x0000000006a80000 	/System/Library/Frameworks/OpenGL.framework/Versions/A/Libraries/libCoreVMClient.dylib
0x0000000006a80000 	/usr/lib/libcompression.dylib
0x0000000006a80000 	/usr/lib/libcups.2.dylib
0x0000000006a80000 	/System/Library/Frameworks/Kerberos.framework/Versions/A/Kerberos
0x0000000006a80000 	/System/Library/Frameworks/GSS.framework/Versions/A/GSS
0x0000000006a80000 	/usr/lib/libresolv.9.dylib
0x0000000006a80000 	/usr/lib/libiconv.2.dylib
0x0000000006a80000 	/System/Library/PrivateFrameworks/Heimdal.framework/Versions/A/Heimdal
0x0000000006a80000 	/usr/lib/libheimdal-asn1.dylib
0x0000000006a80000 	/System/Library/Frameworks/OpenDirectory.framework/Versions/A/OpenDirectory
0x0000000006a80000 	/System/Library/PrivateFrameworks/CommonAuth.framework/Versions/A/CommonAuth
0x0000000006a80000 	/System/Library/Frameworks/OpenDirectory.framework/Versions/A/Frameworks/CFOpenDirectory.framework/Versions/A/CFOpenDirectory
0x0000000006a80000 	/System/Library/Frameworks/SecurityFoundation.framework/Versions/A/SecurityFoundation
0x0000000006a80000 	/System/Library/PrivateFrameworks/LanguageModeling.framework/Versions/A/LanguageModeling
0x0000000006a80000 	/usr/lib/libmarisa.dylib
0x0000000006a80000 	/usr/lib/libChineseTokenizer.dylib
0x0000000006a80000 	/usr/lib/libcmph.dylib
0x0000000006a80000 	/System/Library/Frameworks/ServiceManagement.framework/Versions/A/ServiceManagement
0x0000000006a80000 	/usr/lib/libxslt.1.dylib
0x0000000006a80000 	/System/Library/Frameworks/Carbon.framework/Versions/A/Frameworks/Ink.framework/Versions/A/Ink
0x0000000006a80000 	/usr/lib/libFosl_dynamic.dylib
0x0000000006a80000 	/System/Library/PrivateFrameworks/FaceCore.framework/Versions/A/FaceCore
0x0000000006a80000 	/System/Library/Frameworks/OpenCL.framework/Versions/A/OpenCL
0x0000000006a80000 	/System/Library/PrivateFrameworks/CrashReporterSupport.framework/Versions/A/CrashReporterSupport
0x0000000006a80000 	/System/Library/PrivateFrameworks/IconServices.framework/Versions/A/IconServices
0x0000000006a80000 	/System/Library/PrivateFrameworks/Apple80211.framework/Versions/A/Apple80211
0x0000000006a80000 	/System/Library/Frameworks/CoreWLAN.framework/Versions/A/CoreWLAN
0x0000000006a80000 	/System/Library/Frameworks/IOBluetooth.framework/Versions/A/IOBluetooth
0x0000000006a80000 	/System/Library/PrivateFrameworks/CoreWiFi.framework/Versions/A/CoreWiFi
0x0000000006a80000 	/System/Library/Frameworks/CoreBluetooth.framework/Versions/A/CoreBluetooth
0x0000000006a80000 	/System/Library/PrivateFrameworks/ChunkingLibrary.framework/Versions/A/ChunkingLibrary
0x0000000006a80000 	/System/Library/PrivateFrameworks/DebugSymbols.framework/Versions/A/DebugSymbols
0x0000000006a80000 	/System/Library/PrivateFrameworks/CoreSymbolication.framework/Versions/A/CoreSymbolication
0x0000000006a80000 	/System/Library/PrivateFrameworks/Symbolication.framework/Versions/A/Symbolication
0x0000000006a80000 	/System/Library/PrivateFrameworks/SpeechRecognitionCore.framework/Versions/A/SpeechRecognitionCore
0x0000000053bdf000 	/System/Library/CoreServices/Encodings/libKoreanConverter.dylib
0x000000010e736000 	/Library/Java/JavaVirtualMachines/jdk1.8.0_77.jdk/Contents/Home/jre/lib/server/libjvm.dylib
0x0000000006a80000 	/usr/lib/libstdc++.6.dylib
0x000000010f6c5000 	/Library/Java/JavaVirtualMachines/jdk1.8.0_77.jdk/Contents/Home/jre/lib/libverify.dylib
0x000000010f6d3000 	/Library/Java/JavaVirtualMachines/jdk1.8.0_77.jdk/Contents/Home/jre/lib/libjava.dylib
0x000000010f712000 	/Library/Java/JavaVirtualMachines/jdk1.8.0_77.jdk/Contents/Home/jre/lib/libzip.dylib
0x0000000125886000 	/System/Library/Frameworks/JavaVM.framework/Frameworks/JavaRuntimeSupport.framework/JavaRuntimeSupport
0x00000001258a1000 	/System/Library/Frameworks/JavaVM.framework/Versions/A/Frameworks/JavaNativeFoundation.framework/Versions/A/JavaNativeFoundation
0x00000001258b6000 	/System/Library/Frameworks/JavaVM.framework/Versions/A/JavaVM
0x0000000006a80000 	/System/Library/Frameworks/Carbon.framework/Versions/A/Carbon
0x00000001258c3000 	/System/Library/PrivateFrameworks/JavaLaunching.framework/Versions/A/JavaLaunching
0x0000000006a80000 	/System/Library/Frameworks/Carbon.framework/Versions/A/Frameworks/CommonPanels.framework/Versions/A/CommonPanels
0x0000000006a80000 	/System/Library/Frameworks/Carbon.framework/Versions/A/Frameworks/Help.framework/Versions/A/Help
0x0000000006a80000 	/System/Library/Frameworks/Carbon.framework/Versions/A/Frameworks/ImageCapture.framework/Versions/A/ImageCapture
0x0000000006a80000 	/System/Library/Frameworks/Carbon.framework/Versions/A/Frameworks/OpenScripting.framework/Versions/A/OpenScripting
0x0000000006a80000 	/System/Library/Frameworks/Carbon.framework/Versions/A/Frameworks/Print.framework/Versions/A/Print
0x0000000006a80000 	/System/Library/Frameworks/Carbon.framework/Versions/A/Frameworks/SecurityHI.framework/Versions/A/SecurityHI
0x00000001271e3000 	/Library/Java/JavaVirtualMachines/jdk1.8.0_77.jdk/Contents/Home/jre/lib/libawt.dylib
0x000000012728b000 	/Library/Java/JavaVirtualMachines/jdk1.8.0_77.jdk/Contents/Home/jre/lib/./libmlib_image.dylib
0x0000000127357000 	/Library/Java/JavaVirtualMachines/jdk1.8.0_77.jdk/Contents/Home/jre/lib/libawt_lwawt.dylib
0x000000012740c000 	/Library/Java/JavaVirtualMachines/jdk1.8.0_77.jdk/Contents/Home/jre/lib/./libosxapp.dylib
0x0000000006a80000 	/System/Library/Frameworks/ExceptionHandling.framework/Versions/A/ExceptionHandling
0x0000000006a80000 	/System/Library/PrivateFrameworks/CoreServicesInternal.framework/Versions/A/CoreServicesInternal
0x0000000006a80000 	/System/Library/Frameworks/CoreGraphics.framework/Versions/A/Resources/libRIP.A.dylib
0x0000000006a80000 	/System/Library/Frameworks/Accelerate.framework/Versions/A/Frameworks/vImage.framework/Versions/A/Libraries/libCGInterfaces.dylib
0x0000000006a80000 	/System/Library/Frameworks/CoreGraphics.framework/Versions/A/Resources/libCGXType.A.dylib
0x0000000006a80000 	/System/Library/Frameworks/OpenCL.framework/Versions/A/Libraries/libcldcpuengine.dylib
0x0000000006a80000 	/System/Library/PrivateFrameworks/DiskImages.framework/Versions/A/DiskImages
0x0000000006a80000 	/System/Library/Frameworks/DiscRecording.framework/Versions/A/DiscRecording
0x0000000006a80000 	/usr/lib/libcsfde.dylib
0x0000000006a80000 	/usr/lib/libcurl.4.dylib
0x0000000006a80000 	/System/Library/PrivateFrameworks/MediaKit.framework/Versions/A/MediaKit
0x0000000006a80000 	/System/Library/PrivateFrameworks/ProtectedCloudStorage.framework/Versions/A/ProtectedCloudStorage
0x0000000006a80000 	/usr/lib/libCoreStorage.dylib
0x0000000006a80000 	/System/Library/PrivateFrameworks/EFILogin.framework/Versions/A/EFILogin
0x0000000006a80000 	/usr/lib/libutil.dylib
0x0000000006a80000 	/System/Library/PrivateFrameworks/FindMyDevice.framework/Versions/A/FindMyDevice
0x0000000006a80000 	/System/Library/Frameworks/LDAP.framework/Versions/A/LDAP
0x0000000006a80000 	/usr/lib/libsasl2.2.dylib
0x0000000006a80000 	/System/Library/PrivateFrameworks/CoreDaemon.framework/Versions/B/CoreDaemon
0x0000000006a80000 	/usr/lib/libcrypto.0.9.8.dylib
0x0000000006a80000 	/System/Library/PrivateFrameworks/AppleSRP.framework/Versions/A/AppleSRP
0x0000000006a80000 	/System/Library/PrivateFrameworks/TrustEvaluationAgent.framework/Versions/A/TrustEvaluationAgent
0x000000012905f000 	cl_kernels
0x0000000006a80000 	/System/Library/Frameworks/OpenCL.framework/Versions/A/Libraries/ImageFormats/unorm8_bgra.dylib
0x0000000006a80000 	/System/Library/Frameworks/OpenCL.framework/Versions/A/Libraries/ImageFormats/unorm8_rgba.dylib
0x0000000006a80000 	/System/Library/PrivateFrameworks/FamilyControls.framework/Versions/A/FamilyControls
0x0000000006a80000 	/System/Library/PrivateFrameworks/CommerceKit.framework/Versions/A/Frameworks/CommerceCore.framework/Versions/A/CommerceCore
0x0000000006a80000 	/System/Library/PrivateFrameworks/SystemAdministration.framework/Versions/A/SystemAdministration
0x0000000006a80000 	/System/Library/PrivateFrameworks/AppContainer.framework/Versions/A/AppContainer
0x0000000006a80000 	/System/Library/PrivateFrameworks/SecCodeWrapper.framework/Versions/A/SecCodeWrapper
0x0000000006a80000 	/System/Library/Frameworks/DirectoryService.framework/Versions/A/DirectoryService
0x0000000006a80000 	/System/Library/PrivateFrameworks/LoginUIKit.framework/Versions/A/Frameworks/LoginUICore.framework/Versions/A/LoginUICore
0x0000000006a80000 	/usr/lib/libodfde.dylib
0x0000000006a80000 	/System/Library/Frameworks/OpenGL.framework/Versions/A/Resources/GLEngine.bundle/GLEngine
0x0000000006a80000 	/System/Library/Frameworks/OpenGL.framework/Versions/A/Libraries/libGLProgrammability.dylib
0x000000012a15d000 	/System/Library/Extensions/AppleIntelBDWGraphicsGLDriver.bundle/Contents/MacOS/AppleIntelBDWGraphicsGLDriver
0x0000000006a80000 	/System/Library/PrivateFrameworks/GPUSupport.framework/Versions/A/Libraries/libGPUSupportMercury.dylib
0x0000000006a80000 	/System/Library/Frameworks/OpenGL.framework/Versions/A/Resources/GLRendererFloat.bundle/GLRendererFloat
0x000000012b0e5000 	/Library/Java/JavaVirtualMachines/jdk1.8.0_77.jdk/Contents/Home/jre/lib/libfontmanager.dylib
0x000000012e9da000 	/Library/Java/JavaVirtualMachines/jdk1.8.0_77.jdk/Contents/Home/jre/lib/libosxui.dylib
0x000000012f6bb000 	/Library/Java/JavaVirtualMachines/jdk1.8.0_77.jdk/Contents/Home/jre/lib/libnet.dylib
0x000000012f4ce000 	/Library/Java/JavaVirtualMachines/jdk1.8.0_77.jdk/Contents/Home/jre/lib/libnio.dylib
0x0000000006a80000 	/System/Library/Frameworks/ApplicationServices.framework/Versions/A/Frameworks/ATS.framework/Versions/A/Resources/libTrueTypeScaler.dylib
0x000000017e3ef000 	/System/Library/Extensions/AppleIntelBDWGraphicsMTLDriver.bundle/Contents/MacOS/AppleIntelBDWGraphicsMTLDriver
0x000000012c334000 	/private/var/folders/6q/r8y5zkh55h99sgy_lbth35yr0000gn/T/jogamp_0000/file_cache/jln909749695026664485/jln6299688514064193825/libgluegen-rt.jnilib
0x000000012c338000 	/private/var/folders/6q/r8y5zkh55h99sgy_lbth35yr0000gn/T/jogamp_0000/file_cache/jln909749695026664485/jln6299688514064193825/libnativewindow_awt.jnilib
0x000000017e2dc000 	/Library/Java/JavaVirtualMachines/jdk1.8.0_77.jdk/Contents/Home/jre/lib/libjawt.dylib
0x000000017e2df000 	/private/var/folders/6q/r8y5zkh55h99sgy_lbth35yr0000gn/T/jogamp_0000/file_cache/jln909749695026664485/jln6299688514064193825/libnativewindow_macosx.jnilib
0x000000017ea2f000 	/private/var/folders/6q/r8y5zkh55h99sgy_lbth35yr0000gn/T/jogamp_0000/file_cache/jln909749695026664485/jln6299688514064193825/libjogl_desktop.jnilib
0x00000001857d9000 	/Library/Java/JavaVirtualMachines/jdk1.8.0_77.jdk/Contents/Home/jre/lib/libjpeg.dylib

VM Arguments:
jvm_args: -Djava.security.policy=java.policy.applet -Dfile.encoding=UTF-8 
java_command: sun.applet.AppletViewer module1.HelloWorld1468732997164.html
java_class_path (initial): /Users/mj/Documents/workspace/UCSDUnfoldingMaps/build:/Users/mj/Documents/workspace/UCSDUnfoldingMaps/lib/core.jar:/Users/mj/Documents/workspace/UCSDUnfoldingMaps/lib/gluegen-rt.jar:/Users/mj/Documents/workspace/UCSDUnfoldingMaps/lib/jogl-all.jar:/Users/mj/Documents/workspace/UCSDUnfoldingMaps/lib/log4j-1.2.15.jar:/Users/mj/Documents/workspace/UCSDUnfoldingMaps/lib/sqlite-jdbc-3.7.2.jar:/Users/mj/Documents/workspace/UCSDUnfoldingMaps/lib/json4processing.jar:/Users/mj/Documents/workspace/UCSDUnfoldingMaps/lib/libTUIO.jar:/Users/mj/Documents/workspace/UCSDUnfoldingMaps/lib/unfolding.0.9.7-uscd.jar
Launcher Type: SUN_STANDARD

Environment Variables:
PATH=/usr/bin:/bin:/usr/sbin:/sbin
SHELL=/bin/bash

Signal Handlers:
SIGSEGV: [libjvm.dylib+0x5a6855], sa_mask[0]=11111111011111110111111111111111, sa_flags=SA_ONSTACK|SA_RESTART|SA_SIGINFO
SIGBUS: [libjvm.dylib+0x5a6855], sa_mask[0]=11111111011111110111111111111111, sa_flags=SA_RESTART|SA_SIGINFO
SIGFPE: [libjvm.dylib+0x4804ec], sa_mask[0]=11111111011111110111111111111111, sa_flags=SA_RESTART|SA_SIGINFO
SIGPIPE: [libjvm.dylib+0x4804ec], sa_mask[0]=11111111011111110111111111111111, sa_flags=SA_RESTART|SA_SIGINFO
SIGXFSZ: [libjvm.dylib+0x4804ec], sa_mask[0]=11111111011111110111111111111111, sa_flags=SA_RESTART|SA_SIGINFO
SIGILL: [libjvm.dylib+0x4804ec], sa_mask[0]=11111111011111110111111111111111, sa_flags=SA_RESTART|SA_SIGINFO
SIGUSR1: SIG_DFL, sa_mask[0]=00000000000000000000000000000000, sa_flags=none
SIGUSR2: [libjvm.dylib+0x48000a], sa_mask[0]=00100000000000000000000000000000, sa_flags=SA_RESTART|SA_SIGINFO
SIGHUP: [libjvm.dylib+0x47e5e1], sa_mask[0]=11111111011111110111111111111111, sa_flags=SA_RESTART|SA_SIGINFO
SIGINT: [libjvm.dylib+0x47e5e1], sa_mask[0]=11111111011111110111111111111111, sa_flags=SA_RESTART|SA_SIGINFO
SIGTERM: [libjvm.dylib+0x47e5e1], sa_mask[0]=11111111011111110111111111111111, sa_flags=SA_RESTART|SA_SIGINFO
SIGQUIT: [libjvm.dylib+0x47e5e1], sa_mask[0]=11111111011111110111111111111111, sa_flags=SA_RESTART|SA_SIGINFO


---------------  S Y S T E M  ---------------

OS:Bsduname:Darwin 15.5.0 Darwin Kernel Version 15.5.0: Tue Apr 19 18:36:36 PDT 2016; root:xnu-3248.50.21~8/RELEASE_X86_64 x86_64
rlimit: STACK 8192k, CORE 0k, NPROC 709, NOFILE 10240, AS infinity
load average:2.42 2.31 2.00

CPU:total 4 (2 cores per cpu, 2 threads per core) family 6 model 61 stepping 4, cmov, cx8, fxsr, mmx, sse, sse2, sse3, ssse3, sse4.1, sse4.2, popcnt, avx, avx2, aes, clmul, erms, 3dnowpref, lzcnt, ht, tsc, tscinvbit, bmi1, bmi2, adx

Memory: 4k page, physical 8388608k(322672k free)

/proc/meminfo:


vm_info: Java HotSpot(TM) 64-Bit Server VM (25.77-b03) for bsd-amd64 JRE (1.8.0_77-b03), built on Mar 20 2016 22:14:03 by "java_re" with gcc 4.2.1 (Based on Apple Inc. build 5658) (LLVM build 2336.11.00)

time: Sun Jul 17 14:28:17 2016
elapsed time: 299 seconds (0d 0h 4m 59s)

