#
# A fatal error has been detected by the Java Runtime Environment:
#
#  SIGSEGV (0xb) at pc=0x00007fff913564dd, pid=893, tid=2571
#
# JRE version: Java(TM) SE Runtime Environment (8.0_77-b03) (build 1.8.0_77-b03)
# Java VM: Java HotSpot(TM) 64-Bit Server VM (25.77-b03 mixed mode bsd-amd64 compressed oops)
# Problematic frame:
# C  [libobjc.A.dylib+0x14dd]  objc_msgSend+0x1d
#
# Failed to write core dump. Core dumps have been disabled. To enable core dumping, try "ulimit -c unlimited" before starting Java again
#
# If you would like to submit a bug report, please visit:
#   http://bugreport.java.com/bugreport/crash.jsp
# The crash happened outside the Java Virtual Machine in native code.
# See problematic frame for where to report the bug.
#

---------------  T H R E A D  ---------------

Current thread (0x00007fd939089000):  JavaThread "AWT-AppKit" daemon [_thread_in_native, id=2571, stack(0x00007fff59618000,0x00007fff59e18000)]

siginfo: si_signo: 11 (SIGSEGV), si_code: 1 (SEGV_MAPERR), si_addr: 0x0000000000000018

Registers:
RAX=0x00007fd93cb35d60, RBX=0x0000000175c31450, RCX=0x000000011ff7cca0, RDX=0x000000011ff7c620
RSP=0x00007fff59e13498, RBP=0x00007fff59e13550, RSI=0x00007fff9993fcde, RDI=0x00007fd93cc1cf30
R8 =0x0000000000000000, R9 =0x00000000000008b0, R10=0x00007fff9993fcde, R11=0x0000000000000000
R12=0x0000000000000000, R13=0x0000000179fa3c00, R14=0x0000000175c31440, R15=0x00007fd939089000
RIP=0x00007fff913564dd, EFLAGS=0x0000000000010246, ERR=0x0000000000000004
  TRAPNO=0x000000000000000e

Top of Stack: (sp=0x00007fff59e13498)
0x00007fff59e13498:   0000000175c2f157 00007fff59e134f0
0x00007fff59e134a8:   0000000000000003 00007fff59e134d0
0x00007fff59e134b8:   000000010627bb02 0000000179fa3c00
0x00007fff59e134c8:   0000000179fa3c00 00007fd93cb35d60
0x00007fff59e134d8:   0000000175c316a0 0000000175c31710
0x00007fff59e134e8:   00007fff779c2770 00007fff789e7500
0x00007fff59e134f8:   0000000175c31450 0000000175c31690
0x00007fff59e13508:   00007fd93cb35d60 00007fd93cc1cf30
0x00007fff59e13518:   00007fd93cc519c0 00007fd93cb35d60
0x00007fff59e13528:   00007fd93cc1cf30 00007fff59e135d8
0x00007fff59e13538:   00007fd9390891f8 0000000179fa3c00
0x00007fff59e13548:   00007fff59e13600 00007fff59e135c8
0x00007fff59e13558:   0000000107085954 0000000179fa3c00
0x00007fff59e13568:   00007fff59e13600 00007fff59e135c8
0x00007fff59e13578:   00000001070856e7 00000001070856a2
0x00007fff59e13588:   00007fff59e13588 0000000179fa3c00
0x00007fff59e13598:   00007fff59e13600 0000000179fa6838
0x00007fff59e135a8:   0000000000000000 0000000179fa3c00
0x00007fff59e135b8:   0000000000000000 00007fff59e135e8
0x00007fff59e135c8:   00007fff59e13648 0000000107077c4d
0x00007fff59e135d8:   0000000740438210 000000010707f578
0x00007fff59e135e8:   00007fd93cb35d60 00007fff59e13648
0x00007fff59e135f8:   00007fd93cc1cf30 0000000107080d82
0x00007fff59e13608:   00007fff59e13608 0000000179fa3dca
0x00007fff59e13618:   00007fff59e13670 0000000179fa6838
0x00007fff59e13628:   0000000000000000 0000000179fa3dd8
0x00007fff59e13638:   00007fff59e135e8 00007fff59e13658
0x00007fff59e13648:   00007fff59e136b8 0000000107077c4d
0x00007fff59e13658:   00007fd93cb35d60 0000000741443d00
0x00007fff59e13668:   00007fd93cc1cf30 0000000741443d00
0x00007fff59e13678:   00007fff59e13678 000000017c30ff06
0x00007fff59e13688:   00007fff59e136c8 000000017c30ffc0 

Instructions: (pc=0x00007fff913564dd)
0x00007fff913564bd:   44 00 00 48 85 ff 2e 74 62 40 f6 c7 01 2e 75 66
0x00007fff913564cd:   49 bb f8 ff ff ff ff 7f 00 00 4c 23 1f 49 89 f2
0x00007fff913564dd:   45 23 53 18 49 c1 e2 04 4d 03 53 10 49 3b 32 75
0x00007fff913564ed:   04 41 ff 62 08 49 83 3a 01 76 0d 49 83 c2 10 49 

Register to memory mapping:

RAX=0x00007fd93cb35d60 is an unknown value
RBX=0x0000000175c31450: Java_jogamp_nativewindow_macosx_OSXUtil_GetScreenRefreshRate0+0x1cf0 in /private/var/folders/6q/r8y5zkh55h99sgy_lbth35yr0000gn/T/jogamp_0000/file_cache/jln7097727053483302137/jln1688093248112690713/libnativewindow_macosx.jnilib at 0x0000000175c2a000
RCX=0x000000011ff7cca0 is an unknown value
RDX=0x000000011ff7c620 is an unknown value
RSP=0x00007fff59e13498 is pointing into the stack for thread: 0x00007fd939089000
RBP=0x00007fff59e13550 is pointing into the stack for thread: 0x00007fd939089000
RSI=0x00007fff9993fcde is an unknown value
RDI=0x00007fd93cc1cf30 is an unknown value
R8 =0x0000000000000000 is an unknown value
R9 =0x00000000000008b0 is an unknown value
R10=0x00007fff9993fcde is an unknown value
R11=0x0000000000000000 is an unknown value
R12=0x0000000000000000 is an unknown value
R13={method} {0x0000000179fa3c00} 'UnsetJAWTRootSurfaceLayer0' '(JJ)V' in 'jogamp/nativewindow/jawt/macosx/MacOSXJAWTWindow'
R14=0x0000000175c31440: Java_jogamp_nativewindow_macosx_OSXUtil_GetScreenRefreshRate0+0x1ce0 in /private/var/folders/6q/r8y5zkh55h99sgy_lbth35yr0000gn/T/jogamp_0000/file_cache/jln7097727053483302137/jln1688093248112690713/libnativewindow_macosx.jnilib at 0x0000000175c2a000
R15=0x00007fd939089000 is a thread


Stack: [0x00007fff59618000,0x00007fff59e18000],  sp=0x00007fff59e13498,  free space=8173k
Native frames: (J=compiled Java code, j=interpreted, Vv=VM code, C=native code)
C  [libobjc.A.dylib+0x14dd]  objc_msgSend+0x1d
j  jogamp.nativewindow.jawt.macosx.MacOSXJAWTWindow.UnsetJAWTRootSurfaceLayer0(JJ)V+0
j  jogamp.nativewindow.jawt.macosx.MacOSXJAWTWindow.access$200(JJ)V+2
j  jogamp.nativewindow.jawt.macosx.MacOSXJAWTWindow$1.run()V+38
j  com.jogamp.common.util.RunnableTask.run()V+24
v  ~StubRoutines::call_stub
V  [libjvm.dylib+0x2ea39e]  JavaCalls::call_helper(JavaValue*, methodHandle*, JavaCallArguments*, Thread*)+0x6ae
V  [libjvm.dylib+0x3214a7]  jni_invoke_nonstatic(JNIEnv_*, JavaValue*, _jobject*, JNICallType, _jmethodID*, JNI_ArgumentPusher*, Thread*)+0x2ec
V  [libjvm.dylib+0x313c7b]  jni_CallVoidMethod+0x16b
C  [libnativewindow_macosx.jnilib+0x5326]  Java_jogamp_nativewindow_jawt_macosx_MacOSXJAWTWindow_UnsetJAWTRootSurfaceLayer0+0x2b6
C  [Foundation+0x76fde]  __NSThreadPerformPerform+0x117
C  [CoreFoundation+0xaa881]  __CFRUNLOOP_IS_CALLING_OUT_TO_A_SOURCE0_PERFORM_FUNCTION__+0x11
C  [CoreFoundation+0x89f37]  __CFRunLoopDoSources0+0x1a7
C  [CoreFoundation+0x894df]  __CFRunLoopRun+0x39f
C  [CoreFoundation+0x88ed8]  CFRunLoopRunSpecific+0x128
C  [HIToolbox+0x30935]  RunCurrentEventLoopInMode+0xeb
C  [HIToolbox+0x30677]  ReceiveNextEventCommon+0xb8
C  [HIToolbox+0x305af]  _BlockUntilNextEventMatchingListInModeWithFilter+0x47
C  [AppKit+0x48df6]  _DPSNextEvent+0x42b
C  [AppKit+0x48226]  -[NSApplication _nextEventMatchingEventMask:untilDate:inMode:dequeue:]+0x1c6
C  [libosxapp.dylib+0x23aa]  -[NSApplicationAWT nextEventMatchingMask:untilDate:inMode:dequeue:]+0x7c
C  [AppKit+0x3cd80]  -[NSApplication run]+0x2aa
C  [libosxapp.dylib+0x214d]  +[NSApplicationAWT runAWTLoopWithApp:]+0x9c
C  [libawt_lwawt.dylib+0x4455b]  -[AWTStarter starter:]+0x389
C  [Foundation+0x76fde]  __NSThreadPerformPerform+0x117
C  [CoreFoundation+0xaa881]  __CFRUNLOOP_IS_CALLING_OUT_TO_A_SOURCE0_PERFORM_FUNCTION__+0x11
C  [CoreFoundation+0x89fbc]  __CFRunLoopDoSources0+0x22c
C  [CoreFoundation+0x894df]  __CFRunLoopRun+0x39f
C  [CoreFoundation+0x88ed8]  CFRunLoopRunSpecific+0x128
C  [java+0x6463]  CreateExecutionEnvironment+0x367
C  [java+0x21ac]  JLI_Launch+0x7a0
C  [java+0x84c0]  main+0x65
C  [java+0x1a04]  start+0x34
C  0x0000000000000007

Java frames: (J=compiled Java code, j=interpreted, Vv=VM code)
j  jogamp.nativewindow.jawt.macosx.MacOSXJAWTWindow.UnsetJAWTRootSurfaceLayer0(JJ)V+0
j  jogamp.nativewindow.jawt.macosx.MacOSXJAWTWindow.access$200(JJ)V+2
j  jogamp.nativewindow.jawt.macosx.MacOSXJAWTWindow$1.run()V+38
j  com.jogamp.common.util.RunnableTask.run()V+24
v  ~StubRoutines::call_stub

---------------  P R O C E S S  ---------------

Java Threads: ( => current thread )
  0x00007fd93e957000 JavaThread "Thread-234" [_thread_blocked, id=27823, stack(0x00007000010cd000,0x00007000011cd000)]
  0x00007fd939380000 JavaThread "AWT-EventQueue-1" [_thread_in_native, id=64531, stack(0x00007000018eb000,0x00007000019eb000)]
  0x00007fd93935a000 JavaThread "DestroyJavaVM" [_thread_blocked, id=4099, stack(0x0000700000084000,0x0000700000184000)]
  0x00007fd93910e000 JavaThread "AWT-EventQueue-0" [_thread_blocked, id=56835, stack(0x00007000016e5000,0x00007000017e5000)]
  0x00007fd9390d7000 JavaThread "Java2D Disposer" daemon [_thread_blocked, id=51483, stack(0x000070000145c000,0x000070000155c000)]
  0x00007fd9390a0800 JavaThread "Java2D Queue Flusher" daemon [_thread_blocked, id=50443, stack(0x0000700001359000,0x0000700001459000)]
  0x00007fd939935800 JavaThread "AWT-Shutdown" [_thread_blocked, id=30999, stack(0x00007000011d3000,0x00007000012d3000)]
=>0x00007fd939089000 JavaThread "AWT-AppKit" daemon [_thread_in_native, id=2571, stack(0x00007fff59618000,0x00007fff59e18000)]
  0x00007fd93984c000 JavaThread "Service Thread" daemon [_thread_blocked, id=18691, stack(0x0000700000ec7000,0x0000700000fc7000)]
  0x00007fd938829800 JavaThread "C1 CompilerThread2" daemon [_thread_blocked, id=18179, stack(0x0000700000dc4000,0x0000700000ec4000)]
  0x00007fd939025800 JavaThread "C2 CompilerThread1" daemon [_thread_blocked, id=17667, stack(0x0000700000cc1000,0x0000700000dc1000)]
  0x00007fd939811000 JavaThread "C2 CompilerThread0" daemon [_thread_blocked, id=17155, stack(0x0000700000bbe000,0x0000700000cbe000)]
  0x00007fd93a013800 JavaThread "Signal Dispatcher" daemon [_thread_blocked, id=16403, stack(0x0000700000abb000,0x0000700000bbb000)]
  0x00007fd93a038000 JavaThread "Finalizer" daemon [_thread_blocked, id=11779, stack(0x000070000082f000,0x000070000092f000)]
  0x00007fd93a031800 JavaThread "Reference Handler" daemon [_thread_blocked, id=11267, stack(0x000070000072c000,0x000070000082c000)]

Other Threads:
  0x00007fd93a02d000 VMThread [stack: 0x0000700000629000,0x0000700000729000] [id=10755]
  0x00007fd93a03e800 WatcherThread [stack: 0x0000700000fca000,0x00007000010ca000] [id=19203]

VM state:not at safepoint (normal execution)

VM Mutex/Monitor currently owned by a thread: None

Heap:
 PSYoungGen      total 24576K, used 18163K [0x0000000795580000, 0x0000000796e80000, 0x00000007c0000000)
  eden space 24064K, 75% used [0x0000000795580000,0x0000000796724e20,0x0000000796d00000)
  from space 512K, 18% used [0x0000000796e00000,0x0000000796e18000,0x0000000796e80000)
  to   space 512K, 0% used [0x0000000796d80000,0x0000000796d80000,0x0000000796e00000)
 ParOldGen       total 87552K, used 73522K [0x0000000740000000, 0x0000000745580000, 0x0000000795580000)
  object space 87552K, 83% used [0x0000000740000000,0x00000007447ccb38,0x0000000745580000)
 Metaspace       used 19606K, capacity 19879K, committed 20224K, reserved 1067008K
  class space    used 1884K, capacity 1954K, committed 2048K, reserved 1048576K

Card table byte_map: [0x0000000116e00000,0x0000000117201000] byte_map_base: 0x0000000113400000

Marking Bits: (ParMarkBitMap*) 0x000000010696eea0
 Begin Bits: [0x00000001174ac000, 0x00000001194ac000)
 End Bits:   [0x00000001194ac000, 0x000000011b4ac000)

Polling page: 0x000000010705d000

CodeCache: size=245760Kb used=8943Kb max_used=9251Kb free=236816Kb
 bounds [0x0000000107070000, 0x0000000107990000, 0x0000000116070000]
 total_blobs=3345 nmethods=2468 adapters=790
 compilation: enabled

Compilation events (10 events):
Event: 361.397 Thread 0x00007fd938829800 2819       3       java.lang.Integer::equals (29 bytes)
Event: 361.398 Thread 0x00007fd938829800 nmethod 2819 0x0000000107336010 code [0x0000000107336180, 0x00000001073365f0]
Event: 361.398 Thread 0x00007fd939025800 2820       4       java.beans.WeakIdentityMap$Entry::isMatched (22 bytes)
Event: 361.399 Thread 0x00007fd939025800 nmethod 2820 0x00000001073906d0 code [0x0000000107390820, 0x00000001073908d8]
Event: 361.420 Thread 0x00007fd938829800 2821       1       sun.java2d.SurfaceData::isValid (5 bytes)
Event: 361.421 Thread 0x00007fd938829800 nmethod 2821 0x00000001074aefd0 code [0x00000001074af120, 0x00000001074af230]
Event: 361.422 Thread 0x00007fd938829800 2824  s    3       sun.font.CCharToGlyphMapper$Cache::get (74 bytes)
Event: 361.423 Thread 0x00007fd938829800 nmethod 2824 0x00000001074d9190 code [0x00000001074d9380, 0x00000001074d9ed8]
Event: 361.424 Thread 0x00007fd938829800 2822       3       sun.java2d.pipe.RenderBuffer::putFloat (26 bytes)
Event: 361.424 Thread 0x00007fd938829800 nmethod 2822 0x00000001074d7710 code [0x00000001074d7880, 0x00000001074d7a10]

GC Heap History (10 events):
Event: 343.673 GC heap before
{Heap before GC invocations=102 (full 0):
 PSYoungGen      total 24576K, used 24160K [0x0000000795580000, 0x0000000796e80000, 0x00000007c0000000)
  eden space 24064K, 100% used [0x0000000795580000,0x0000000796d00000,0x0000000796d00000)
  from space 512K, 18% used [0x0000000796d80000,0x0000000796d98000,0x0000000796e00000)
  to   space 512K, 0% used [0x0000000796e00000,0x0000000796e00000,0x0000000796e80000)
 ParOldGen       total 87552K, used 73522K [0x0000000740000000, 0x0000000745580000, 0x0000000795580000)
  object space 87552K, 83% used [0x0000000740000000,0x00000007447ccb38,0x0000000745580000)
 Metaspace       used 19569K, capacity 19815K, committed 19968K, reserved 1067008K
  class space    used 1876K, capacity 1954K, committed 2048K, reserved 1048576K
Event: 343.674 GC heap after
Heap after GC invocations=102 (full 0):
 PSYoungGen      total 24576K, used 32K [0x0000000795580000, 0x0000000796e80000, 0x00000007c0000000)
  eden space 24064K, 0% used [0x0000000795580000,0x0000000795580000,0x0000000796d00000)
  from space 512K, 6% used [0x0000000796e00000,0x0000000796e08000,0x0000000796e80000)
  to   space 512K, 0% used [0x0000000796d80000,0x0000000796d80000,0x0000000796e00000)
 ParOldGen       total 87552K, used 73522K [0x0000000740000000, 0x0000000745580000, 0x0000000795580000)
  object space 87552K, 83% used [0x0000000740000000,0x00000007447ccb38,0x0000000745580000)
 Metaspace       used 19569K, capacity 19815K, committed 19968K, reserved 1067008K
  class space    used 1876K, capacity 1954K, committed 2048K, reserved 1048576K
}
Event: 347.412 GC heap before
{Heap before GC invocations=103 (full 0):
 PSYoungGen      total 24576K, used 24096K [0x0000000795580000, 0x0000000796e80000, 0x00000007c0000000)
  eden space 24064K, 100% used [0x0000000795580000,0x0000000796d00000,0x0000000796d00000)
  from space 512K, 6% used [0x0000000796e00000,0x0000000796e08000,0x0000000796e80000)
  to   space 512K, 0% used [0x0000000796d80000,0x0000000796d80000,0x0000000796e00000)
 ParOldGen       total 87552K, used 73522K [0x0000000740000000, 0x0000000745580000, 0x0000000795580000)
  object space 87552K, 83% used [0x0000000740000000,0x00000007447ccb38,0x0000000745580000)
 Metaspace       used 19569K, capacity 19815K, committed 19968K, reserved 1067008K
  class space    used 1876K, capacity 1954K, committed 2048K, reserved 1048576K
Event: 347.414 GC heap after
Heap after GC invocations=103 (full 0):
 PSYoungGen      total 24576K, used 96K [0x0000000795580000, 0x0000000796e80000, 0x00000007c0000000)
  eden space 24064K, 0% used [0x0000000795580000,0x0000000795580000,0x0000000796d00000)
  from space 512K, 18% used [0x0000000796d80000,0x0000000796d98000,0x0000000796e00000)
  to   space 512K, 0% used [0x0000000796e00000,0x0000000796e00000,0x0000000796e80000)
 ParOldGen       total 87552K, used 73522K [0x0000000740000000, 0x0000000745580000, 0x0000000795580000)
  object space 87552K, 83% used [0x0000000740000000,0x00000007447ccb38,0x0000000745580000)
 Metaspace       used 19569K, capacity 19815K, committed 19968K, reserved 1067008K
  class space    used 1876K, capacity 1954K, committed 2048K, reserved 1048576K
}
Event: 351.168 GC heap before
{Heap before GC invocations=104 (full 0):
 PSYoungGen      total 24576K, used 24160K [0x0000000795580000, 0x0000000796e80000, 0x00000007c0000000)
  eden space 24064K, 100% used [0x0000000795580000,0x0000000796d00000,0x0000000796d00000)
  from space 512K, 18% used [0x0000000796d80000,0x0000000796d98000,0x0000000796e00000)
  to   space 512K, 0% used [0x0000000796e00000,0x0000000796e00000,0x0000000796e80000)
 ParOldGen       total 87552K, used 73522K [0x0000000740000000, 0x0000000745580000, 0x0000000795580000)
  object space 87552K, 83% used [0x0000000740000000,0x00000007447ccb38,0x0000000745580000)
 Metaspace       used 19569K, capacity 19815K, committed 19968K, reserved 1067008K
  class space    used 1876K, capacity 1954K, committed 2048K, reserved 1048576K
Event: 351.169 GC heap after
Heap after GC invocations=104 (full 0):
 PSYoungGen      total 24576K, used 96K [0x0000000795580000, 0x0000000796e80000, 0x00000007c0000000)
  eden space 24064K, 0% used [0x0000000795580000,0x0000000795580000,0x0000000796d00000)
  from space 512K, 18% used [0x0000000796e00000,0x0000000796e18000,0x0000000796e80000)
  to   space 512K, 0% used [0x0000000796d80000,0x0000000796d80000,0x0000000796e00000)
 ParOldGen       total 87552K, used 73522K [0x0000000740000000, 0x0000000745580000, 0x0000000795580000)
  object space 87552K, 83% used [0x0000000740000000,0x00000007447ccb38,0x0000000745580000)
 Metaspace       used 19569K, capacity 19815K, committed 19968K, reserved 1067008K
  class space    used 1876K, capacity 1954K, committed 2048K, reserved 1048576K
}
Event: 354.921 GC heap before
{Heap before GC invocations=105 (full 0):
 PSYoungGen      total 24576K, used 24160K [0x0000000795580000, 0x0000000796e80000, 0x00000007c0000000)
  eden space 24064K, 100% used [0x0000000795580000,0x0000000796d00000,0x0000000796d00000)
  from space 512K, 18% used [0x0000000796e00000,0x0000000796e18000,0x0000000796e80000)
  to   space 512K, 0% used [0x0000000796d80000,0x0000000796d80000,0x0000000796e00000)
 ParOldGen       total 87552K, used 73522K [0x0000000740000000, 0x0000000745580000, 0x0000000795580000)
  object space 87552K, 83% used [0x0000000740000000,0x00000007447ccb38,0x0000000745580000)
 Metaspace       used 19569K, capacity 19815K, committed 19968K, reserved 1067008K
  class space    used 1876K, capacity 1954K, committed 2048K, reserved 1048576K
Event: 354.923 GC heap after
Heap after GC invocations=105 (full 0):
 PSYoungGen      total 24576K, used 64K [0x0000000795580000, 0x0000000796e80000, 0x00000007c0000000)
  eden space 24064K, 0% used [0x0000000795580000,0x0000000795580000,0x0000000796d00000)
  from space 512K, 12% used [0x0000000796d80000,0x0000000796d90000,0x0000000796e00000)
  to   space 512K, 0% used [0x0000000796e00000,0x0000000796e00000,0x0000000796e80000)
 ParOldGen       total 87552K, used 73522K [0x0000000740000000, 0x0000000745580000, 0x0000000795580000)
  object space 87552K, 83% used [0x0000000740000000,0x00000007447ccb38,0x0000000745580000)
 Metaspace       used 19569K, capacity 19815K, committed 19968K, reserved 1067008K
  class space    used 1876K, capacity 1954K, committed 2048K, reserved 1048576K
}
Event: 358.725 GC heap before
{Heap before GC invocations=106 (full 0):
 PSYoungGen      total 24576K, used 24128K [0x0000000795580000, 0x0000000796e80000, 0x00000007c0000000)
  eden space 24064K, 100% used [0x0000000795580000,0x0000000796d00000,0x0000000796d00000)
  from space 512K, 12% used [0x0000000796d80000,0x0000000796d90000,0x0000000796e00000)
  to   space 512K, 0% used [0x0000000796e00000,0x0000000796e00000,0x0000000796e80000)
 ParOldGen       total 87552K, used 73522K [0x0000000740000000, 0x0000000745580000, 0x0000000795580000)
  object space 87552K, 83% used [0x0000000740000000,0x00000007447ccb38,0x0000000745580000)
 Metaspace       used 19569K, capacity 19815K, committed 19968K, reserved 1067008K
  class space    used 1876K, capacity 1954K, committed 2048K, reserved 1048576K
Event: 358.726 GC heap after
Heap after GC invocations=106 (full 0):
 PSYoungGen      total 24576K, used 96K [0x0000000795580000, 0x0000000796e80000, 0x00000007c0000000)
  eden space 24064K, 0% used [0x0000000795580000,0x0000000795580000,0x0000000796d00000)
  from space 512K, 18% used [0x0000000796e00000,0x0000000796e18000,0x0000000796e80000)
  to   space 512K, 0% used [0x0000000796d80000,0x0000000796d80000,0x0000000796e00000)
 ParOldGen       total 87552K, used 73522K [0x0000000740000000, 0x0000000745580000, 0x0000000795580000)
  object space 87552K, 83% used [0x0000000740000000,0x00000007447ccb38,0x0000000745580000)
 Metaspace       used 19569K, capacity 19815K, committed 19968K, reserved 1067008K
  class space    used 1876K, capacity 1954K, committed 2048K, reserved 1048576K
}

Deoptimization events (10 events):
Event: 361.397 Thread 0x00007fd93910e000 Uncommon trap: reason=class_check action=maybe_recompile pc=0x0000000107639f70 method=java.awt.Component.getGraphics()Ljava/awt/Graphics; @ 114
Event: 361.397 Thread 0x00007fd939380000 Uncommon trap: reason=class_check action=maybe_recompile pc=0x00000001079664cc method=java.awt.event.InvocationEvent.dispatch()V @ 11
Event: 361.402 Thread 0x00007fd939089000 Uncommon trap: reason=class_check action=maybe_recompile pc=0x00000001075647c0 method=com.jogamp.common.util.RunnableTask.run()V @ 24
Event: 361.403 Thread 0x00007fd939089000 Uncommon trap: reason=unstable_if action=reinterpret pc=0x0000000107647f3c method=jogamp.nativewindow.macosx.OSXUtil.RunOnMainThread(ZZLjava/lang/Runnable;)V @ 3
Event: 361.410 Thread 0x00007fd939380000 Uncommon trap: reason=unstable_if action=reinterpret pc=0x0000000107963020 method=jogamp.opengl.GLContextImpl.release(Z)V @ 161
Event: 361.414 Thread 0x00007fd939380000 Uncommon trap: reason=unstable_if action=reinterpret pc=0x00000001078b0f18 method=java.util.LinkedList$ListItr.<init>(Ljava/util/LinkedList;I)V @ 26
Event: 361.415 Thread 0x00007fd939380000 Uncommon trap: reason=unstable_if action=reinterpret pc=0x00000001076e7da4 method=java.security.AccessControlContext.optimize()Ljava/security/AccessControlContext; @ 233
Event: 361.420 Thread 0x00007fd93910e000 Uncommon trap: reason=class_check action=maybe_recompile pc=0x0000000107639f70 method=java.awt.Component.getGraphics()Ljava/awt/Graphics; @ 114
Event: 361.421 Thread 0x00007fd939380000 Uncommon trap: reason=class_check action=maybe_recompile pc=0x00000001079664cc method=java.awt.event.InvocationEvent.dispatch()V @ 11
Event: 361.434 Thread 0x00007fd939089000 Uncommon trap: reason=class_check action=maybe_recompile pc=0x00000001075647c0 method=com.jogamp.common.util.RunnableTask.run()V @ 24

Internal exceptions (10 events):
Event: 0.205 Thread 0x00007fd93880d800 Exception <a 'java/lang/NoSuchFieldError': method resolution failed> (0x0000000795785e60) thrown at [/Users/java_re/workspace/8-2-build-macosx-x86_64/jdk8u77/6540/hotspot/src/share/vm/prims/methodHandles.cpp, line 1146]
Event: 0.209 Thread 0x00007fd93880d800 Exception <a 'java/lang/NoSuchFieldError': method resolution failed> (0x0000000795793630) thrown at [/Users/java_re/workspace/8-2-build-macosx-x86_64/jdk8u77/6540/hotspot/src/share/vm/prims/methodHandles.cpp, line 1146]
Event: 0.444 Thread 0x00007fd93880d800 Exception <a 'java/io/FileNotFoundException'> (0x000000079580f428) thrown at [/Users/java_re/workspace/8-2-build-macosx-x86_64/jdk8u77/6540/hotspot/src/share/vm/prims/jni.cpp, line 709]
Event: 0.444 Thread 0x00007fd93880d800 Exception <a 'java/io/FileNotFoundException'> (0x000000079580ff50) thrown at [/Users/java_re/workspace/8-2-build-macosx-x86_64/jdk8u77/6540/hotspot/src/share/vm/prims/jni.cpp, line 709]
Event: 0.617 Thread 0x00007fd93880d800 Exception <a 'java/io/FileNotFoundException'> (0x000000079594bb10) thrown at [/Users/java_re/workspace/8-2-build-macosx-x86_64/jdk8u77/6540/hotspot/src/share/vm/prims/jni.cpp, line 709]
Event: 1.940 Thread 0x00007fd93935b800 Exception <a 'java/lang/UnsatisfiedLinkError': com.jogamp.common.util.JarUtil.fixNativeLibAttribs(Ljava/lang/String;)Z> (0x0000000796b495b8) thrown at [/Users/java_re/workspace/8-2-build-macosx-x86_64/jdk8u77/6540/hotspot/src/share/vm/prims/nativeLookup.c
Event: 2.217 Thread 0x00007fd93a038000 Exception <a 'java/lang/NullPointerException'> (0x00000007956aa298) thrown at [/Users/java_re/workspace/8-2-build-macosx-x86_64/jdk8u77/6540/hotspot/src/share/vm/interpreter/linkResolver.cpp, line 1178]
Event: 2.751 Thread 0x00007fd939380000 Exception <a 'java/io/FileNotFoundException'> (0x0000000795e8f650) thrown at [/Users/java_re/workspace/8-2-build-macosx-x86_64/jdk8u77/6540/hotspot/src/share/vm/prims/jni.cpp, line 709]
Event: 2.752 Thread 0x00007fd939380000 Exception <a 'java/io/FileNotFoundException'> (0x0000000795e95698) thrown at [/Users/java_re/workspace/8-2-build-macosx-x86_64/jdk8u77/6540/hotspot/src/share/vm/prims/jni.cpp, line 709]
Event: 2.752 Thread 0x00007fd939380000 Implicit null exception at 0x00000001072223b5 to 0x0000000107222719

Events (10 events):
Event: 361.424 Thread 0x00007fd938829800 flushing nmethod 0x00000001075f7210
Event: 361.424 Thread 0x00007fd938829800 flushing nmethod 0x00000001075fbf10
Event: 361.424 Thread 0x00007fd938829800 flushing nmethod 0x0000000107603910
Event: 361.424 Thread 0x00007fd938829800 flushing nmethod 0x000000010760c4d0
Event: 361.424 Thread 0x00007fd938829800 flushing nmethod 0x0000000107618790
Event: 361.424 Thread 0x00007fd938829800 flushing nmethod 0x000000010762c650
Event: 361.424 Thread 0x00007fd938829800 flushing nmethod 0x0000000107640f50
Event: 361.434 Thread 0x00007fd939089000 Uncommon trap: trap_request=0xffffffde fr.pc=0x00000001075647c0
Event: 361.434 Thread 0x00007fd939089000 DEOPT PACKING pc=0x00000001075647c0 sp=0x00007fff59e13710
Event: 361.434 Thread 0x00007fd939089000 DEOPT UNPACKING pc=0x0000000107075229 sp=0x00007fff59e136b8 mode 2


Dynamic libraries:
0x0000000007500000 	/System/Library/Frameworks/Cocoa.framework/Versions/A/Cocoa
0x0000000007500000 	/System/Library/Frameworks/Security.framework/Versions/A/Security
0x0000000007500000 	/System/Library/Frameworks/ApplicationServices.framework/Versions/A/ApplicationServices
0x0000000007500000 	/usr/lib/libz.1.dylib
0x0000000007500000 	/usr/lib/libSystem.B.dylib
0x0000000007500000 	/usr/lib/libobjc.A.dylib
0x0000000007500000 	/System/Library/Frameworks/CoreFoundation.framework/Versions/A/CoreFoundation
0x0000000007500000 	/System/Library/Frameworks/Foundation.framework/Versions/C/Foundation
0x0000000007500000 	/System/Library/Frameworks/AppKit.framework/Versions/C/AppKit
0x0000000007500000 	/System/Library/Frameworks/CoreData.framework/Versions/A/CoreData
0x0000000007500000 	/System/Library/PrivateFrameworks/RemoteViewServices.framework/Versions/A/RemoteViewServices
0x0000000007500000 	/System/Library/PrivateFrameworks/UIFoundation.framework/Versions/A/UIFoundation
0x0000000007500000 	/usr/lib/libScreenReader.dylib
0x0000000007500000 	/System/Library/Frameworks/Accelerate.framework/Versions/A/Accelerate
0x0000000007500000 	/System/Library/Frameworks/IOSurface.framework/Versions/A/IOSurface
0x0000000007500000 	/System/Library/Frameworks/AudioToolbox.framework/Versions/A/AudioToolbox
0x0000000007500000 	/System/Library/Frameworks/AudioUnit.framework/Versions/A/AudioUnit
0x0000000007500000 	/System/Library/PrivateFrameworks/DataDetectorsCore.framework/Versions/A/DataDetectorsCore
0x0000000007500000 	/System/Library/PrivateFrameworks/DesktopServicesPriv.framework/Versions/A/DesktopServicesPriv
0x0000000007500000 	/System/Library/Frameworks/Carbon.framework/Versions/A/Frameworks/HIToolbox.framework/Versions/A/HIToolbox
0x0000000007500000 	/System/Library/Frameworks/QuartzCore.framework/Versions/A/QuartzCore
0x0000000007500000 	/System/Library/Frameworks/Carbon.framework/Versions/A/Frameworks/SpeechRecognition.framework/Versions/A/SpeechRecognition
0x0000000007500000 	/usr/lib/libauto.dylib
0x0000000007500000 	/usr/lib/libicucore.A.dylib
0x0000000007500000 	/usr/lib/libxml2.2.dylib
0x0000000007500000 	/System/Library/PrivateFrameworks/CoreUI.framework/Versions/A/CoreUI
0x0000000007500000 	/System/Library/Frameworks/CoreAudio.framework/Versions/A/CoreAudio
0x0000000007500000 	/System/Library/Frameworks/DiskArbitration.framework/Versions/A/DiskArbitration
0x0000000007500000 	/usr/lib/liblangid.dylib
0x0000000007500000 	/System/Library/PrivateFrameworks/MultitouchSupport.framework/Versions/A/MultitouchSupport
0x0000000007500000 	/System/Library/Frameworks/IOKit.framework/Versions/A/IOKit
0x0000000007500000 	/usr/lib/libDiagnosticMessagesClient.dylib
0x0000000007500000 	/System/Library/Frameworks/CoreServices.framework/Versions/A/CoreServices
0x0000000007500000 	/System/Library/PrivateFrameworks/PerformanceAnalysis.framework/Versions/A/PerformanceAnalysis
0x0000000007500000 	/System/Library/PrivateFrameworks/GenerationalStorage.framework/Versions/A/GenerationalStorage
0x0000000007500000 	/System/Library/Frameworks/OpenGL.framework/Versions/A/OpenGL
0x0000000007500000 	/System/Library/PrivateFrameworks/Sharing.framework/Versions/A/Sharing
0x0000000007500000 	/System/Library/Frameworks/CoreGraphics.framework/Versions/A/CoreGraphics
0x0000000007500000 	/System/Library/Frameworks/CoreImage.framework/Versions/A/CoreImage
0x0000000007500000 	/System/Library/Frameworks/CoreText.framework/Versions/A/CoreText
0x0000000007500000 	/System/Library/Frameworks/ImageIO.framework/Versions/A/ImageIO
0x0000000007500000 	/System/Library/PrivateFrameworks/Backup.framework/Versions/A/Backup
0x0000000007500000 	/usr/lib/libextension.dylib
0x0000000007500000 	/usr/lib/libarchive.2.dylib
0x0000000007500000 	/System/Library/Frameworks/CFNetwork.framework/Versions/A/CFNetwork
0x0000000007500000 	/System/Library/Frameworks/SystemConfiguration.framework/Versions/A/SystemConfiguration
0x0000000007500000 	/usr/lib/libCRFSuite.dylib
0x0000000007500000 	/usr/lib/libc++.1.dylib
0x0000000007500000 	/usr/lib/libc++abi.dylib
0x0000000007500000 	/usr/lib/system/libcache.dylib
0x0000000007500000 	/usr/lib/system/libcommonCrypto.dylib
0x0000000007500000 	/usr/lib/system/libcompiler_rt.dylib
0x0000000007500000 	/usr/lib/system/libcopyfile.dylib
0x0000000007500000 	/usr/lib/system/libcorecrypto.dylib
0x0000000007500000 	/usr/lib/system/libdispatch.dylib
0x0000000007500000 	/usr/lib/system/libdyld.dylib
0x0000000007500000 	/usr/lib/system/libkeymgr.dylib
0x0000000007500000 	/usr/lib/system/liblaunch.dylib
0x0000000007500000 	/usr/lib/system/libmacho.dylib
0x0000000007500000 	/usr/lib/system/libquarantine.dylib
0x0000000007500000 	/usr/lib/system/libremovefile.dylib
0x0000000007500000 	/usr/lib/system/libsystem_asl.dylib
0x0000000007500000 	/usr/lib/system/libsystem_blocks.dylib
0x0000000007500000 	/usr/lib/system/libsystem_c.dylib
0x0000000007500000 	/usr/lib/system/libsystem_configuration.dylib
0x0000000007500000 	/usr/lib/system/libsystem_coreservices.dylib
0x0000000007500000 	/usr/lib/system/libsystem_coretls.dylib
0x0000000007500000 	/usr/lib/system/libsystem_dnssd.dylib
0x0000000007500000 	/usr/lib/system/libsystem_info.dylib
0x0000000007500000 	/usr/lib/system/libsystem_kernel.dylib
0x0000000007500000 	/usr/lib/system/libsystem_m.dylib
0x0000000007500000 	/usr/lib/system/libsystem_malloc.dylib
0x0000000007500000 	/usr/lib/system/libsystem_network.dylib
0x0000000007500000 	/usr/lib/system/libsystem_networkextension.dylib
0x0000000007500000 	/usr/lib/system/libsystem_notify.dylib
0x0000000007500000 	/usr/lib/system/libsystem_platform.dylib
0x0000000007500000 	/usr/lib/system/libsystem_pthread.dylib
0x0000000007500000 	/usr/lib/system/libsystem_sandbox.dylib
0x0000000007500000 	/usr/lib/system/libsystem_secinit.dylib
0x0000000007500000 	/usr/lib/system/libsystem_trace.dylib
0x0000000007500000 	/usr/lib/system/libunc.dylib
0x0000000007500000 	/usr/lib/system/libunwind.dylib
0x0000000007500000 	/usr/lib/system/libxpc.dylib
0x0000000007500000 	/usr/lib/libenergytrace.dylib
0x0000000007500000 	/usr/lib/libbsm.0.dylib
0x0000000007500000 	/usr/lib/system/libkxld.dylib
0x0000000007500000 	/usr/lib/libxar.1.dylib
0x0000000007500000 	/usr/lib/libsqlite3.dylib
0x0000000007500000 	/usr/lib/libpam.2.dylib
0x0000000007500000 	/usr/lib/libOpenScriptingUtil.dylib
0x0000000007500000 	/usr/lib/libbz2.1.0.dylib
0x0000000007500000 	/usr/lib/liblzma.5.dylib
0x0000000007500000 	/System/Library/Frameworks/CoreServices.framework/Versions/A/Frameworks/FSEvents.framework/Versions/A/FSEvents
0x0000000007500000 	/System/Library/Frameworks/CoreServices.framework/Versions/A/Frameworks/CarbonCore.framework/Versions/A/CarbonCore
0x0000000007500000 	/System/Library/Frameworks/CoreServices.framework/Versions/A/Frameworks/Metadata.framework/Versions/A/Metadata
0x0000000007500000 	/System/Library/Frameworks/CoreServices.framework/Versions/A/Frameworks/OSServices.framework/Versions/A/OSServices
0x0000000007500000 	/System/Library/Frameworks/CoreServices.framework/Versions/A/Frameworks/SearchKit.framework/Versions/A/SearchKit
0x0000000007500000 	/System/Library/Frameworks/CoreServices.framework/Versions/A/Frameworks/AE.framework/Versions/A/AE
0x0000000007500000 	/System/Library/Frameworks/CoreServices.framework/Versions/A/Frameworks/LaunchServices.framework/Versions/A/LaunchServices
0x0000000007500000 	/System/Library/Frameworks/CoreServices.framework/Versions/A/Frameworks/DictionaryServices.framework/Versions/A/DictionaryServices
0x0000000007500000 	/System/Library/Frameworks/CoreServices.framework/Versions/A/Frameworks/SharedFileList.framework/Versions/A/SharedFileList
0x0000000007500000 	/System/Library/Frameworks/NetFS.framework/Versions/A/NetFS
0x0000000007500000 	/System/Library/PrivateFrameworks/NetAuth.framework/Versions/A/NetAuth
0x0000000007500000 	/System/Library/PrivateFrameworks/login.framework/Versions/A/Frameworks/loginsupport.framework/Versions/A/loginsupport
0x0000000007500000 	/System/Library/PrivateFrameworks/TCC.framework/Versions/A/TCC
0x0000000007500000 	/usr/lib/libmecabra.dylib
0x0000000007500000 	/System/Library/Frameworks/ApplicationServices.framework/Versions/A/Frameworks/ATS.framework/Versions/A/ATS
0x0000000007500000 	/System/Library/Frameworks/ApplicationServices.framework/Versions/A/Frameworks/ColorSync.framework/Versions/A/ColorSync
0x0000000007500000 	/System/Library/Frameworks/ApplicationServices.framework/Versions/A/Frameworks/HIServices.framework/Versions/A/HIServices
0x0000000007500000 	/System/Library/Frameworks/ApplicationServices.framework/Versions/A/Frameworks/LangAnalysis.framework/Versions/A/LangAnalysis
0x0000000007500000 	/System/Library/Frameworks/ApplicationServices.framework/Versions/A/Frameworks/PrintCore.framework/Versions/A/PrintCore
0x0000000007500000 	/System/Library/Frameworks/ApplicationServices.framework/Versions/A/Frameworks/QD.framework/Versions/A/QD
0x0000000007500000 	/System/Library/Frameworks/ApplicationServices.framework/Versions/A/Frameworks/SpeechSynthesis.framework/Versions/A/SpeechSynthesis
0x0000000007500000 	/System/Library/Frameworks/Metal.framework/Versions/A/Metal
0x0000000007500000 	/System/Library/Frameworks/Accelerate.framework/Versions/A/Frameworks/vImage.framework/Versions/A/vImage
0x0000000007500000 	/System/Library/Frameworks/Accelerate.framework/Versions/A/Frameworks/vecLib.framework/Versions/A/vecLib
0x0000000007500000 	/System/Library/Frameworks/Accelerate.framework/Versions/A/Frameworks/vecLib.framework/Versions/A/libvDSP.dylib
0x0000000007500000 	/System/Library/Frameworks/Accelerate.framework/Versions/A/Frameworks/vecLib.framework/Versions/A/libvMisc.dylib
0x0000000007500000 	/System/Library/Frameworks/Accelerate.framework/Versions/A/Frameworks/vecLib.framework/Versions/A/libLAPACK.dylib
0x0000000007500000 	/System/Library/Frameworks/Accelerate.framework/Versions/A/Frameworks/vecLib.framework/Versions/A/libBLAS.dylib
0x0000000007500000 	/System/Library/Frameworks/Accelerate.framework/Versions/A/Frameworks/vecLib.framework/Versions/A/libLinearAlgebra.dylib
0x0000000007500000 	/System/Library/Frameworks/Accelerate.framework/Versions/A/Frameworks/vecLib.framework/Versions/A/libSparseBLAS.dylib
0x0000000007500000 	/System/Library/PrivateFrameworks/GPUCompiler.framework/libmetal_timestamp.dylib
0x0000000007500000 	/System/Library/Frameworks/OpenGL.framework/Versions/A/Libraries/libCoreFSCache.dylib
0x0000000007500000 	/System/Library/PrivateFrameworks/IOAccelerator.framework/Versions/A/IOAccelerator
0x0000000007500000 	/System/Library/Frameworks/ApplicationServices.framework/Versions/A/Frameworks/ATS.framework/Versions/A/Resources/libFontParser.dylib
0x0000000007500000 	/System/Library/Frameworks/ApplicationServices.framework/Versions/A/Frameworks/ATS.framework/Versions/A/Resources/libFontRegistry.dylib
0x0000000007500000 	/System/Library/PrivateFrameworks/AppleVPA.framework/Versions/A/AppleVPA
0x0000000007500000 	/System/Library/PrivateFrameworks/AppleJPEG.framework/Versions/A/AppleJPEG
0x0000000007500000 	/System/Library/Frameworks/ImageIO.framework/Versions/A/Resources/libJPEG.dylib
0x0000000007500000 	/System/Library/Frameworks/ImageIO.framework/Versions/A/Resources/libTIFF.dylib
0x0000000007500000 	/System/Library/Frameworks/ImageIO.framework/Versions/A/Resources/libPng.dylib
0x0000000007500000 	/System/Library/Frameworks/ImageIO.framework/Versions/A/Resources/libGIF.dylib
0x0000000007500000 	/System/Library/Frameworks/ImageIO.framework/Versions/A/Resources/libJP2.dylib
0x0000000007500000 	/System/Library/Frameworks/ImageIO.framework/Versions/A/Resources/libRadiance.dylib
0x0000000007500000 	/System/Library/Frameworks/CoreVideo.framework/Versions/A/CoreVideo
0x0000000007500000 	/System/Library/Frameworks/OpenGL.framework/Versions/A/Libraries/libGLU.dylib
0x0000000007500000 	/System/Library/Frameworks/OpenGL.framework/Versions/A/Libraries/libGFXShared.dylib
0x0000000007500000 	/System/Library/Frameworks/OpenGL.framework/Versions/A/Libraries/libGL.dylib
0x0000000007500000 	/System/Library/Frameworks/OpenGL.framework/Versions/A/Libraries/libGLImage.dylib
0x0000000007500000 	/System/Library/Frameworks/OpenGL.framework/Versions/A/Libraries/libCVMSPluginSupport.dylib
0x0000000007500000 	/System/Library/Frameworks/OpenGL.framework/Versions/A/Libraries/libCoreVMClient.dylib
0x0000000007500000 	/usr/lib/libcompression.dylib
0x0000000007500000 	/usr/lib/libcups.2.dylib
0x0000000007500000 	/System/Library/Frameworks/Kerberos.framework/Versions/A/Kerberos
0x0000000007500000 	/System/Library/Frameworks/GSS.framework/Versions/A/GSS
0x0000000007500000 	/usr/lib/libresolv.9.dylib
0x0000000007500000 	/usr/lib/libiconv.2.dylib
0x0000000007500000 	/System/Library/PrivateFrameworks/Heimdal.framework/Versions/A/Heimdal
0x0000000007500000 	/usr/lib/libheimdal-asn1.dylib
0x0000000007500000 	/System/Library/Frameworks/OpenDirectory.framework/Versions/A/OpenDirectory
0x0000000007500000 	/System/Library/PrivateFrameworks/CommonAuth.framework/Versions/A/CommonAuth
0x0000000007500000 	/System/Library/Frameworks/OpenDirectory.framework/Versions/A/Frameworks/CFOpenDirectory.framework/Versions/A/CFOpenDirectory
0x0000000007500000 	/System/Library/Frameworks/SecurityFoundation.framework/Versions/A/SecurityFoundation
0x0000000007500000 	/System/Library/PrivateFrameworks/LanguageModeling.framework/Versions/A/LanguageModeling
0x0000000007500000 	/usr/lib/libmarisa.dylib
0x0000000007500000 	/usr/lib/libChineseTokenizer.dylib
0x0000000007500000 	/usr/lib/libcmph.dylib
0x0000000007500000 	/System/Library/Frameworks/ServiceManagement.framework/Versions/A/ServiceManagement
0x0000000007500000 	/usr/lib/libxslt.1.dylib
0x0000000007500000 	/System/Library/Frameworks/Carbon.framework/Versions/A/Frameworks/Ink.framework/Versions/A/Ink
0x0000000007500000 	/usr/lib/libFosl_dynamic.dylib
0x0000000007500000 	/System/Library/PrivateFrameworks/FaceCore.framework/Versions/A/FaceCore
0x0000000007500000 	/System/Library/Frameworks/OpenCL.framework/Versions/A/OpenCL
0x0000000007500000 	/System/Library/PrivateFrameworks/CrashReporterSupport.framework/Versions/A/CrashReporterSupport
0x0000000007500000 	/System/Library/PrivateFrameworks/IconServices.framework/Versions/A/IconServices
0x0000000007500000 	/System/Library/PrivateFrameworks/Apple80211.framework/Versions/A/Apple80211
0x0000000007500000 	/System/Library/Frameworks/CoreWLAN.framework/Versions/A/CoreWLAN
0x0000000007500000 	/System/Library/Frameworks/IOBluetooth.framework/Versions/A/IOBluetooth
0x0000000007500000 	/System/Library/PrivateFrameworks/CoreWiFi.framework/Versions/A/CoreWiFi
0x0000000007500000 	/System/Library/Frameworks/CoreBluetooth.framework/Versions/A/CoreBluetooth
0x0000000007500000 	/System/Library/PrivateFrameworks/ChunkingLibrary.framework/Versions/A/ChunkingLibrary
0x0000000007500000 	/System/Library/PrivateFrameworks/DebugSymbols.framework/Versions/A/DebugSymbols
0x0000000007500000 	/System/Library/PrivateFrameworks/CoreSymbolication.framework/Versions/A/CoreSymbolication
0x0000000007500000 	/System/Library/PrivateFrameworks/Symbolication.framework/Versions/A/Symbolication
0x0000000007500000 	/System/Library/PrivateFrameworks/SpeechRecognitionCore.framework/Versions/A/SpeechRecognitionCore
0x000000004b534000 	/System/Library/CoreServices/Encodings/libKoreanConverter.dylib
0x000000010608b000 	/Library/Java/JavaVirtualMachines/jdk1.8.0_77.jdk/Contents/Home/jre/lib/server/libjvm.dylib
0x0000000007500000 	/usr/lib/libstdc++.6.dylib
0x000000010701a000 	/Library/Java/JavaVirtualMachines/jdk1.8.0_77.jdk/Contents/Home/jre/lib/libverify.dylib
0x0000000107028000 	/Library/Java/JavaVirtualMachines/jdk1.8.0_77.jdk/Contents/Home/jre/lib/libjava.dylib
0x0000000107067000 	/Library/Java/JavaVirtualMachines/jdk1.8.0_77.jdk/Contents/Home/jre/lib/libzip.dylib
0x000000011d1f0000 	/System/Library/Frameworks/JavaVM.framework/Frameworks/JavaRuntimeSupport.framework/JavaRuntimeSupport
0x00000001165e7000 	/System/Library/Frameworks/JavaVM.framework/Versions/A/Frameworks/JavaNativeFoundation.framework/Versions/A/JavaNativeFoundation
0x000000011d20b000 	/System/Library/Frameworks/JavaVM.framework/Versions/A/JavaVM
0x0000000007500000 	/System/Library/Frameworks/Carbon.framework/Versions/A/Carbon
0x000000011d218000 	/System/Library/PrivateFrameworks/JavaLaunching.framework/Versions/A/JavaLaunching
0x0000000007500000 	/System/Library/Frameworks/Carbon.framework/Versions/A/Frameworks/CommonPanels.framework/Versions/A/CommonPanels
0x0000000007500000 	/System/Library/Frameworks/Carbon.framework/Versions/A/Frameworks/Help.framework/Versions/A/Help
0x0000000007500000 	/System/Library/Frameworks/Carbon.framework/Versions/A/Frameworks/ImageCapture.framework/Versions/A/ImageCapture
0x0000000007500000 	/System/Library/Frameworks/Carbon.framework/Versions/A/Frameworks/OpenScripting.framework/Versions/A/OpenScripting
0x0000000007500000 	/System/Library/Frameworks/Carbon.framework/Versions/A/Frameworks/Print.framework/Versions/A/Print
0x0000000007500000 	/System/Library/Frameworks/Carbon.framework/Versions/A/Frameworks/SecurityHI.framework/Versions/A/SecurityHI
0x000000011eb38000 	/Library/Java/JavaVirtualMachines/jdk1.8.0_77.jdk/Contents/Home/jre/lib/libawt.dylib
0x000000011ebe0000 	/Library/Java/JavaVirtualMachines/jdk1.8.0_77.jdk/Contents/Home/jre/lib/./libmlib_image.dylib
0x000000011ecac000 	/Library/Java/JavaVirtualMachines/jdk1.8.0_77.jdk/Contents/Home/jre/lib/libawt_lwawt.dylib
0x000000011ed61000 	/Library/Java/JavaVirtualMachines/jdk1.8.0_77.jdk/Contents/Home/jre/lib/./libosxapp.dylib
0x0000000007500000 	/System/Library/Frameworks/ExceptionHandling.framework/Versions/A/ExceptionHandling
0x0000000007500000 	/System/Library/PrivateFrameworks/CoreServicesInternal.framework/Versions/A/CoreServicesInternal
0x0000000007500000 	/System/Library/Frameworks/CoreGraphics.framework/Versions/A/Resources/libRIP.A.dylib
0x0000000007500000 	/System/Library/Frameworks/Accelerate.framework/Versions/A/Frameworks/vImage.framework/Versions/A/Libraries/libCGInterfaces.dylib
0x0000000007500000 	/System/Library/Frameworks/CoreGraphics.framework/Versions/A/Resources/libCGXType.A.dylib
0x0000000007500000 	/System/Library/Frameworks/OpenCL.framework/Versions/A/Libraries/libcldcpuengine.dylib
0x0000000007500000 	/System/Library/PrivateFrameworks/DiskImages.framework/Versions/A/DiskImages
0x0000000007500000 	/System/Library/Frameworks/DiscRecording.framework/Versions/A/DiscRecording
0x0000000007500000 	/usr/lib/libcsfde.dylib
0x0000000007500000 	/usr/lib/libcurl.4.dylib
0x0000000007500000 	/System/Library/PrivateFrameworks/MediaKit.framework/Versions/A/MediaKit
0x0000000007500000 	/System/Library/PrivateFrameworks/ProtectedCloudStorage.framework/Versions/A/ProtectedCloudStorage
0x0000000007500000 	/usr/lib/libCoreStorage.dylib
0x0000000007500000 	/System/Library/PrivateFrameworks/EFILogin.framework/Versions/A/EFILogin
0x0000000007500000 	/usr/lib/libutil.dylib
0x0000000007500000 	/System/Library/PrivateFrameworks/FindMyDevice.framework/Versions/A/FindMyDevice
0x0000000007500000 	/System/Library/Frameworks/LDAP.framework/Versions/A/LDAP
0x0000000007500000 	/usr/lib/libsasl2.2.dylib
0x0000000007500000 	/System/Library/PrivateFrameworks/CoreDaemon.framework/Versions/B/CoreDaemon
0x0000000007500000 	/usr/lib/libcrypto.0.9.8.dylib
0x0000000007500000 	/System/Library/PrivateFrameworks/AppleSRP.framework/Versions/A/AppleSRP
0x0000000007500000 	/System/Library/PrivateFrameworks/TrustEvaluationAgent.framework/Versions/A/TrustEvaluationAgent
0x00000001209b7000 	cl_kernels
0x0000000007500000 	/System/Library/Frameworks/OpenCL.framework/Versions/A/Libraries/ImageFormats/unorm8_bgra.dylib
0x0000000007500000 	/System/Library/Frameworks/OpenCL.framework/Versions/A/Libraries/ImageFormats/unorm8_rgba.dylib
0x0000000007500000 	/System/Library/PrivateFrameworks/FamilyControls.framework/Versions/A/FamilyControls
0x0000000007500000 	/System/Library/PrivateFrameworks/CommerceKit.framework/Versions/A/Frameworks/CommerceCore.framework/Versions/A/CommerceCore
0x0000000007500000 	/System/Library/PrivateFrameworks/SystemAdministration.framework/Versions/A/SystemAdministration
0x0000000007500000 	/System/Library/PrivateFrameworks/AppContainer.framework/Versions/A/AppContainer
0x0000000007500000 	/System/Library/PrivateFrameworks/SecCodeWrapper.framework/Versions/A/SecCodeWrapper
0x0000000007500000 	/System/Library/Frameworks/DirectoryService.framework/Versions/A/DirectoryService
0x0000000007500000 	/System/Library/PrivateFrameworks/LoginUIKit.framework/Versions/A/Frameworks/LoginUICore.framework/Versions/A/LoginUICore
0x0000000007500000 	/usr/lib/libodfde.dylib
0x0000000007500000 	/System/Library/Frameworks/OpenGL.framework/Versions/A/Resources/GLEngine.bundle/GLEngine
0x0000000007500000 	/System/Library/Frameworks/OpenGL.framework/Versions/A/Libraries/libGLProgrammability.dylib
0x0000000121ab5000 	/System/Library/Extensions/AppleIntelBDWGraphicsGLDriver.bundle/Contents/MacOS/AppleIntelBDWGraphicsGLDriver
0x0000000007500000 	/System/Library/PrivateFrameworks/GPUSupport.framework/Versions/A/Libraries/libGPUSupportMercury.dylib
0x0000000007500000 	/System/Library/Frameworks/OpenGL.framework/Versions/A/Resources/GLRendererFloat.bundle/GLRendererFloat
0x0000000122a3d000 	/Library/Java/JavaVirtualMachines/jdk1.8.0_77.jdk/Contents/Home/jre/lib/libfontmanager.dylib
0x0000000126332000 	/Library/Java/JavaVirtualMachines/jdk1.8.0_77.jdk/Contents/Home/jre/lib/libosxui.dylib
0x0000000127016000 	/Library/Java/JavaVirtualMachines/jdk1.8.0_77.jdk/Contents/Home/jre/lib/libnet.dylib
0x0000000126e29000 	/Library/Java/JavaVirtualMachines/jdk1.8.0_77.jdk/Contents/Home/jre/lib/libnio.dylib
0x0000000007500000 	/System/Library/Frameworks/ApplicationServices.framework/Versions/A/Frameworks/ATS.framework/Versions/A/Resources/libTrueTypeScaler.dylib
0x0000000175d47000 	/System/Library/Extensions/AppleIntelBDWGraphicsMTLDriver.bundle/Contents/MacOS/AppleIntelBDWGraphicsMTLDriver
0x000000011ff8d000 	/private/var/folders/6q/r8y5zkh55h99sgy_lbth35yr0000gn/T/jogamp_0000/file_cache/jln7097727053483302137/jln1688093248112690713/libgluegen-rt.jnilib
0x0000000123c8c000 	/private/var/folders/6q/r8y5zkh55h99sgy_lbth35yr0000gn/T/jogamp_0000/file_cache/jln7097727053483302137/jln1688093248112690713/libnativewindow_awt.jnilib
0x0000000123c8f000 	/Library/Java/JavaVirtualMachines/jdk1.8.0_77.jdk/Contents/Home/jre/lib/libjawt.dylib
0x0000000175c2a000 	/private/var/folders/6q/r8y5zkh55h99sgy_lbth35yr0000gn/T/jogamp_0000/file_cache/jln7097727053483302137/jln1688093248112690713/libnativewindow_macosx.jnilib
0x0000000176387000 	/private/var/folders/6q/r8y5zkh55h99sgy_lbth35yr0000gn/T/jogamp_0000/file_cache/jln7097727053483302137/jln1688093248112690713/libjogl_desktop.jnilib
0x000000017d571000 	/Library/Java/JavaVirtualMachines/jdk1.8.0_77.jdk/Contents/Home/jre/lib/libjpeg.dylib

VM Arguments:
jvm_args: -Djava.security.policy=java.policy.applet -Dfile.encoding=UTF-8 
java_command: sun.applet.AppletViewer module1.HelloWorld1468845501022.html
java_class_path (initial): /Users/mj/Documents/workspace/UCSDUnfoldingMaps/build:/Users/mj/Documents/workspace/UCSDUnfoldingMaps/lib/core.jar:/Users/mj/Documents/workspace/UCSDUnfoldingMaps/lib/gluegen-rt.jar:/Users/mj/Documents/workspace/UCSDUnfoldingMaps/lib/jogl-all.jar:/Users/mj/Documents/workspace/UCSDUnfoldingMaps/lib/log4j-1.2.15.jar:/Users/mj/Documents/workspace/UCSDUnfoldingMaps/lib/sqlite-jdbc-3.7.2.jar:/Users/mj/Documents/workspace/UCSDUnfoldingMaps/lib/json4processing.jar:/Users/mj/Documents/workspace/UCSDUnfoldingMaps/lib/libTUIO.jar:/Users/mj/Documents/workspace/UCSDUnfoldingMaps/lib/unfolding.0.9.7-uscd.jar
Launcher Type: SUN_STANDARD

Environment Variables:
PATH=/usr/bin:/bin:/usr/sbin:/sbin
SHELL=/bin/bash

Signal Handlers:
SIGSEGV: [libjvm.dylib+0x5a6855], sa_mask[0]=11111111011111110111111111111111, sa_flags=SA_ONSTACK|SA_RESTART|SA_SIGINFO
SIGBUS: [libjvm.dylib+0x5a6855], sa_mask[0]=11111111011111110111111111111111, sa_flags=SA_RESTART|SA_SIGINFO
SIGFPE: [libjvm.dylib+0x4804ec], sa_mask[0]=11111111011111110111111111111111, sa_flags=SA_RESTART|SA_SIGINFO
SIGPIPE: [libjvm.dylib+0x4804ec], sa_mask[0]=11111111011111110111111111111111, sa_flags=SA_RESTART|SA_SIGINFO
SIGXFSZ: [libjvm.dylib+0x4804ec], sa_mask[0]=11111111011111110111111111111111, sa_flags=SA_RESTART|SA_SIGINFO
SIGILL: [libjvm.dylib+0x4804ec], sa_mask[0]=11111111011111110111111111111111, sa_flags=SA_RESTART|SA_SIGINFO
SIGUSR1: SIG_DFL, sa_mask[0]=00000000000000000000000000000000, sa_flags=none
SIGUSR2: [libjvm.dylib+0x48000a], sa_mask[0]=00100000000000000000000000000000, sa_flags=SA_RESTART|SA_SIGINFO
SIGHUP: [libjvm.dylib+0x47e5e1], sa_mask[0]=11111111011111110111111111111111, sa_flags=SA_RESTART|SA_SIGINFO
SIGINT: [libjvm.dylib+0x47e5e1], sa_mask[0]=11111111011111110111111111111111, sa_flags=SA_RESTART|SA_SIGINFO
SIGTERM: [libjvm.dylib+0x47e5e1], sa_mask[0]=11111111011111110111111111111111, sa_flags=SA_RESTART|SA_SIGINFO
SIGQUIT: [libjvm.dylib+0x47e5e1], sa_mask[0]=11111111011111110111111111111111, sa_flags=SA_RESTART|SA_SIGINFO


---------------  S Y S T E M  ---------------

OS:Bsduname:Darwin 15.5.0 Darwin Kernel Version 15.5.0: Tue Apr 19 18:36:36 PDT 2016; root:xnu-3248.50.21~8/RELEASE_X86_64 x86_64
rlimit: STACK 8192k, CORE 0k, NPROC 709, NOFILE 10240, AS infinity
load average:2.24 2.47 2.21

CPU:total 4 (2 cores per cpu, 2 threads per core) family 6 model 61 stepping 4, cmov, cx8, fxsr, mmx, sse, sse2, sse3, ssse3, sse4.1, sse4.2, popcnt, avx, avx2, aes, clmul, erms, 3dnowpref, lzcnt, ht, tsc, tscinvbit, bmi1, bmi2, adx

Memory: 4k page, physical 8388608k(204748k free)

/proc/meminfo:


vm_info: Java HotSpot(TM) 64-Bit Server VM (25.77-b03) for bsd-amd64 JRE (1.8.0_77-b03), built on Mar 20 2016 22:14:03 by "java_re" with gcc 4.2.1 (Based on Apple Inc. build 5658) (LLVM build 2336.11.00)

time: Mon Jul 18 21:44:22 2016
elapsed time: 361 seconds (0d 0h 6m 1s)

