#
# A fatal error has been detected by the Java Runtime Environment:
#
#  SIGSEGV (0xb) at pc=0x00007fff9483b4dd, pid=508, tid=2571
#
# JRE version: Java(TM) SE Runtime Environment (8.0_77-b03) (build 1.8.0_77-b03)
# Java VM: Java HotSpot(TM) 64-Bit Server VM (25.77-b03 mixed mode bsd-amd64 compressed oops)
# Problematic frame:
# C  [libobjc.A.dylib+0x14dd]  objc_msgSend+0x1d
#
# Failed to write core dump. Core dumps have been disabled. To enable core dumping, try "ulimit -c unlimited" before starting Java again
#
# If you would like to submit a bug report, please visit:
#   http://bugreport.java.com/bugreport/crash.jsp
# The crash happened outside the Java Virtual Machine in native code.
# See problematic frame for where to report the bug.
#

---------------  T H R E A D  ---------------

Current thread (0x00007fb8418ed800):  JavaThread "AWT-AppKit" daemon [_thread_in_native, id=2571, stack(0x00007fff56b90000,0x00007fff57390000)]

siginfo: si_signo: 11 (SIGSEGV), si_code: 1 (SEGV_MAPERR), si_addr: 0x0000000000000018

Registers:
RAX=0x00007fb8450edf30, RBX=0x0000000178754450, RCX=0x00000001229cd460, RDX=0x00000001229cdec0
RSP=0x00007fff5738b3a8, RBP=0x00007fff5738b460, RSI=0x00007fff9ce24cde, RDI=0x00007fb84533c9a0
R8 =0x0000000000000000, R9 =0x00000000000008b0, R10=0x00007fff9ce24cde, R11=0x0000000000000000
R12=0x0000000000000000, R13=0x000000017cad2608, R14=0x0000000178754440, R15=0x00007fb8418ed800
RIP=0x00007fff9483b4dd, EFLAGS=0x0000000000010246, ERR=0x0000000000000004
  TRAPNO=0x000000000000000e

Top of Stack: (sp=0x00007fff5738b3a8)
0x00007fff5738b3a8:   0000000178752157 00007fff5738b400
0x00007fff5738b3b8:   0000000000000003 00007fff5738b3e0
0x00007fff5738b3c8:   00000001095f0b02 000000017cad2608
0x00007fff5738b3d8:   000000017cad2608 00007fb8450edf30
0x00007fff5738b3e8:   00000001787546a0 0000000178754710
0x00007fff5738b3f8:   00007fff7aea7770 00007fff7becc500
0x00007fff5738b408:   0000000178754450 0000000178754690
0x00007fff5738b418:   00007fb8450edf30 00007fb84533c9a0
0x00007fff5738b428:   00007fb84537eb20 00007fb8450edf30
0x00007fff5738b438:   00007fb84533c9a0 00007fff5738b4e8
0x00007fff5738b448:   00007fb8418ed9f8 000000017cad2608
0x00007fff5738b458:   00007fff5738b510 00007fff5738b4d8
0x00007fff5738b468:   000000010a3a4954 000000017cad2608
0x00007fff5738b478:   00007fff5738b510 00007fff5738b4d8
0x00007fff5738b488:   000000010a3a46e7 000000010a3a46a2
0x00007fff5738b498:   00007fff5738b498 000000017cad2608
0x00007fff5738b4a8:   00007fff5738b510 000000017cad5240
0x00007fff5738b4b8:   0000000000000000 000000017cad2608
0x00007fff5738b4c8:   0000000000000000 00007fff5738b4f8
0x00007fff5738b4d8:   00007fff5738b558 000000010a396c4d
0x00007fff5738b4e8:   00000007406dad20 000000010a39e578
0x00007fff5738b4f8:   00007fb8450edf30 00007fff5738b558
0x00007fff5738b508:   00007fb84533c9a0 000000010a39fd82
0x00007fff5738b518:   00007fff5738b518 000000017cad27d2
0x00007fff5738b528:   00007fff5738b580 000000017cad5240
0x00007fff5738b538:   0000000000000000 000000017cad27e0
0x00007fff5738b548:   00007fff5738b4f8 00007fff5738b568
0x00007fff5738b558:   00007fff5738b5c8 000000010a396c4d
0x00007fff5738b568:   00007fb8450edf30 00000007406d6e90
0x00007fff5738b578:   00007fb84533c9a0 00000007406d6e90
0x00007fff5738b588:   00007fff5738b588 00000001804ecbd6
0x00007fff5738b598:   00007fff5738b5d8 00000001804ecc90 

Instructions: (pc=0x00007fff9483b4dd)
0x00007fff9483b4bd:   44 00 00 48 85 ff 2e 74 62 40 f6 c7 01 2e 75 66
0x00007fff9483b4cd:   49 bb f8 ff ff ff ff 7f 00 00 4c 23 1f 49 89 f2
0x00007fff9483b4dd:   45 23 53 18 49 c1 e2 04 4d 03 53 10 49 3b 32 75
0x00007fff9483b4ed:   04 41 ff 62 08 49 83 3a 01 76 0d 49 83 c2 10 49 

Register to memory mapping:

RAX=0x00007fb8450edf30 is an unknown value
RBX=0x0000000178754450: Java_jogamp_nativewindow_macosx_OSXUtil_GetScreenRefreshRate0+0x1cf0 in /private/var/folders/6q/r8y5zkh55h99sgy_lbth35yr0000gn/T/jogamp_0000/file_cache/jln7635283256190139936/jln3653185999164816363/libnativewindow_macosx.jnilib at 0x000000017874d000
RCX=0x00000001229cd460 is an unknown value
RDX=0x00000001229cdec0 is an unknown value
RSP=0x00007fff5738b3a8 is pointing into the stack for thread: 0x00007fb8418ed800
RBP=0x00007fff5738b460 is pointing into the stack for thread: 0x00007fb8418ed800
RSI=0x00007fff9ce24cde is an unknown value
RDI=0x00007fb84533c9a0 is an unknown value
R8 =0x0000000000000000 is an unknown value
R9 =0x00000000000008b0 is an unknown value
R10=0x00007fff9ce24cde is an unknown value
R11=0x0000000000000000 is an unknown value
R12=0x0000000000000000 is an unknown value
R13={method} {0x000000017cad2608} 'UnsetJAWTRootSurfaceLayer0' '(JJ)V' in 'jogamp/nativewindow/jawt/macosx/MacOSXJAWTWindow'
R14=0x0000000178754440: Java_jogamp_nativewindow_macosx_OSXUtil_GetScreenRefreshRate0+0x1ce0 in /private/var/folders/6q/r8y5zkh55h99sgy_lbth35yr0000gn/T/jogamp_0000/file_cache/jln7635283256190139936/jln3653185999164816363/libnativewindow_macosx.jnilib at 0x000000017874d000
R15=0x00007fb8418ed800 is a thread


Stack: [0x00007fff56b90000,0x00007fff57390000],  sp=0x00007fff5738b3a8,  free space=8172k
Native frames: (J=compiled Java code, j=interpreted, Vv=VM code, C=native code)
C  [libobjc.A.dylib+0x14dd]  objc_msgSend+0x1d
j  jogamp.nativewindow.jawt.macosx.MacOSXJAWTWindow.UnsetJAWTRootSurfaceLayer0(JJ)V+0
j  jogamp.nativewindow.jawt.macosx.MacOSXJAWTWindow.access$200(JJ)V+2
j  jogamp.nativewindow.jawt.macosx.MacOSXJAWTWindow$1.run()V+38
J 2189 C1 com.jogamp.common.util.RunnableTask.run()V (345 bytes) @ 0x000000010aa55514 [0x000000010aa55380+0x194]
v  ~StubRoutines::call_stub
V  [libjvm.dylib+0x2ea39e]  JavaCalls::call_helper(JavaValue*, methodHandle*, JavaCallArguments*, Thread*)+0x6ae
V  [libjvm.dylib+0x3214a7]  jni_invoke_nonstatic(JNIEnv_*, JavaValue*, _jobject*, JNICallType, _jmethodID*, JNI_ArgumentPusher*, Thread*)+0x2ec
V  [libjvm.dylib+0x313c7b]  jni_CallVoidMethod+0x16b
C  [libnativewindow_macosx.jnilib+0x5326]  Java_jogamp_nativewindow_jawt_macosx_MacOSXJAWTWindow_UnsetJAWTRootSurfaceLayer0+0x2b6
C  [Foundation+0x76fde]  __NSThreadPerformPerform+0x117
C  [CoreFoundation+0xaa881]  __CFRUNLOOP_IS_CALLING_OUT_TO_A_SOURCE0_PERFORM_FUNCTION__+0x11
C  [CoreFoundation+0x89fbc]  __CFRunLoopDoSources0+0x22c
C  [CoreFoundation+0x894df]  __CFRunLoopRun+0x39f
C  [CoreFoundation+0x88ed8]  CFRunLoopRunSpecific+0x128
C  [HIToolbox+0x30935]  RunCurrentEventLoopInMode+0xeb
C  [HIToolbox+0x30677]  ReceiveNextEventCommon+0xb8
C  [HIToolbox+0x305af]  _BlockUntilNextEventMatchingListInModeWithFilter+0x47
C  [AppKit+0x48df6]  _DPSNextEvent+0x42b
C  [AppKit+0x48226]  -[NSApplication _nextEventMatchingEventMask:untilDate:inMode:dequeue:]+0x1c6
C  [libosxapp.dylib+0x23aa]  -[NSApplicationAWT nextEventMatchingMask:untilDate:inMode:dequeue:]+0x7c
C  [AppKit+0x3cd80]  -[NSApplication run]+0x2aa
C  [libosxapp.dylib+0x214d]  +[NSApplicationAWT runAWTLoopWithApp:]+0x9c
C  [libawt_lwawt.dylib+0x4455b]  -[AWTStarter starter:]+0x389
C  [Foundation+0x76fde]  __NSThreadPerformPerform+0x117
C  [CoreFoundation+0xaa881]  __CFRUNLOOP_IS_CALLING_OUT_TO_A_SOURCE0_PERFORM_FUNCTION__+0x11
C  [CoreFoundation+0x89fbc]  __CFRunLoopDoSources0+0x22c
C  [CoreFoundation+0x894df]  __CFRunLoopRun+0x39f
C  [CoreFoundation+0x88ed8]  CFRunLoopRunSpecific+0x128
C  [java+0x6463]  CreateExecutionEnvironment+0x367
C  [java+0x21ac]  JLI_Launch+0x7a0
C  [java+0x84c0]  main+0x65
C  [java+0x1a04]  start+0x34
C  0x0000000000000007

Java frames: (J=compiled Java code, j=interpreted, Vv=VM code)
j  jogamp.nativewindow.jawt.macosx.MacOSXJAWTWindow.UnsetJAWTRootSurfaceLayer0(JJ)V+0
j  jogamp.nativewindow.jawt.macosx.MacOSXJAWTWindow.access$200(JJ)V+2
j  jogamp.nativewindow.jawt.macosx.MacOSXJAWTWindow$1.run()V+38
J 2189 C1 com.jogamp.common.util.RunnableTask.run()V (345 bytes) @ 0x000000010aa55514 [0x000000010aa55380+0x194]
v  ~StubRoutines::call_stub

---------------  P R O C E S S  ---------------

Java Threads: ( => current thread )
  0x00007fb8409d2800 JavaThread "Thread-156" [_thread_blocked, id=74587, stack(0x0000700001a71000,0x0000700001b71000)]
  0x00007fb8425c9800 JavaThread "Image Fetcher 1" daemon [_thread_blocked, id=73743, stack(0x0000700001f80000,0x0000700002080000)]
  0x00007fb8425ca000 JavaThread "Image Fetcher 0" daemon [_thread_blocked, id=73223, stack(0x0000700001e7d000,0x0000700001f7d000)]
  0x00007fb84268a000 JavaThread "Keep-Alive-Timer" daemon [_thread_blocked, id=72719, stack(0x0000700002289000,0x0000700002389000)]
  0x00007fb84197b800 JavaThread "AWT-EventQueue-1" [_thread_in_native, id=65091, stack(0x0000700001868000,0x0000700001968000)]
  0x00007fb841969800 JavaThread "DestroyJavaVM" [_thread_blocked, id=5891, stack(0x000070000011a000,0x000070000021a000)]
  0x00007fb8421e5800 JavaThread "AWT-EventQueue-0" [_thread_blocked, id=56323, stack(0x0000700001662000,0x0000700001762000)]
  0x00007fb8411d2800 JavaThread "Java2D Disposer" daemon [_thread_blocked, id=53003, stack(0x00007000013d9000,0x00007000014d9000)]
  0x00007fb840806800 JavaThread "Java2D Queue Flusher" daemon [_thread_blocked, id=50183, stack(0x00007000012d6000,0x00007000013d6000)]
  0x00007fb84094a800 JavaThread "AWT-Shutdown" [_thread_blocked, id=29711, stack(0x00007000010cd000,0x00007000011cd000)]
=>0x00007fb8418ed800 JavaThread "AWT-AppKit" daemon [_thread_in_native, id=2571, stack(0x00007fff56b90000,0x00007fff57390000)]
  0x00007fb842022800 JavaThread "Service Thread" daemon [_thread_blocked, id=18691, stack(0x0000700000e44000,0x0000700000f44000)]
  0x00007fb842000800 JavaThread "C1 CompilerThread2" daemon [_thread_blocked, id=18179, stack(0x0000700000d41000,0x0000700000e41000)]
  0x00007fb841058000 JavaThread "C2 CompilerThread1" daemon [_thread_blocked, id=17667, stack(0x0000700000c3e000,0x0000700000d3e000)]
  0x00007fb841822000 JavaThread "C2 CompilerThread0" daemon [_thread_blocked, id=17155, stack(0x0000700000b3b000,0x0000700000c3b000)]
  0x00007fb841837000 JavaThread "Signal Dispatcher" daemon [_thread_blocked, id=12815, stack(0x0000700000a38000,0x0000700000b38000)]
  0x00007fb84104c000 JavaThread "Finalizer" daemon [_thread_blocked, id=12291, stack(0x000070000082f000,0x000070000092f000)]
  0x00007fb841049800 JavaThread "Reference Handler" daemon [_thread_blocked, id=11779, stack(0x000070000072c000,0x000070000082c000)]

Other Threads:
  0x00007fb841044800 VMThread [stack: 0x0000700000629000,0x0000700000729000] [id=11267]
  0x00007fb841811000 WatcherThread [stack: 0x0000700000f47000,0x0000700001047000] [id=19203]

VM state:not at safepoint (normal execution)

VM Mutex/Monitor currently owned by a thread: None

Heap:
 PSYoungGen      total 42496K, used 23966K [0x0000000795580000, 0x0000000798f00000, 0x00000007c0000000)
  eden space 27136K, 86% used [0x0000000795580000,0x0000000796c87a78,0x0000000797000000)
  from space 15360K, 2% used [0x0000000797f80000,0x0000000797fe0010,0x0000000798e80000)
  to   space 15872K, 0% used [0x0000000797000000,0x0000000797000000,0x0000000797f80000)
 ParOldGen       total 87552K, used 53000K [0x0000000740000000, 0x0000000745580000, 0x0000000795580000)
  object space 87552K, 60% used [0x0000000740000000,0x00000007433c22e8,0x0000000745580000)
 Metaspace       used 19521K, capacity 19735K, committed 19968K, reserved 1067008K
  class space    used 1869K, capacity 1922K, committed 2048K, reserved 1048576K

Card table byte_map: [0x000000011974f000,0x0000000119b50000] byte_map_base: 0x0000000115d4f000

Marking Bits: (ParMarkBitMap*) 0x0000000109ce3ea0
 Begin Bits: [0x0000000119dfb000, 0x000000011bdfb000)
 End Bits:   [0x000000011bdfb000, 0x000000011ddfb000)

Polling page: 0x0000000108b5a000

CodeCache: size=245760Kb used=8473Kb max_used=8486Kb free=237286Kb
 bounds [0x000000010a38f000, 0x000000010abef000, 0x000000011938f000]
 total_blobs=3233 nmethods=2359 adapters=787
 compilation: enabled

Compilation events (10 events):
Event: 29.150 Thread 0x00007fb841058000 2568       4       java.nio.ByteBuffer::<init> (45 bytes)
Event: 29.153 Thread 0x00007fb841058000 nmethod 2568 0x000000010abd9e90 code [0x000000010abda000, 0x000000010abda238]
Event: 30.035 Thread 0x00007fb841822000 2569       4       java.lang.ThreadLocal$ThreadLocalMap::set (136 bytes)
Event: 30.041 Thread 0x00007fb841822000 nmethod 2569 0x000000010abd9710 code [0x000000010abd98a0, 0x000000010abd9c08]
Event: 30.338 Thread 0x00007fb842000800 2570       3       java.lang.Integer::valueOf (32 bytes)
Event: 30.339 Thread 0x00007fb842000800 nmethod 2570 0x000000010abd7cd0 code [0x000000010abd7e60, 0x000000010abd81b0]
Event: 30.370 Thread 0x00007fb841058000 2571  s    4       sun.misc.URLClassPath::getNextLoader (88 bytes)
Event: 30.370 Thread 0x00007fb842000800 2572  s!   2       sun.misc.URLClassPath::getLoader (197 bytes)
Event: 30.373 Thread 0x00007fb842000800 nmethod 2572 0x000000010abe2910 code [0x000000010abe2c00, 0x000000010abe4308]
Event: 30.377 Thread 0x00007fb841058000 nmethod 2571 0x000000010abd6ed0 code [0x000000010abd7040, 0x000000010abd77b8]

GC Heap History (10 events):
Event: 18.863 GC heap before
{Heap before GC invocations=10 (full 0):
 PSYoungGen      total 36864K, used 36746K [0x0000000795580000, 0x0000000798f00000, 0x00000007c0000000)
  eden space 30208K, 99% used [0x0000000795580000,0x00000007972fa9c0,0x0000000797300000)
  from space 6656K, 98% used [0x0000000797380000,0x00000007979e8190,0x0000000797a00000)
  to   space 14336K, 0% used [0x0000000798100000,0x0000000798100000,0x0000000798f00000)
 ParOldGen       total 87552K, used 32399K [0x0000000740000000, 0x0000000745580000, 0x0000000795580000)
  object space 87552K, 37% used [0x0000000740000000,0x0000000741fa3d38,0x0000000745580000)
 Metaspace       used 19388K, capacity 19607K, committed 19968K, reserved 1067008K
  class space    used 1860K, capacity 1922K, committed 2048K, reserved 1048576K
Event: 18.867 GC heap after
Heap after GC invocations=10 (full 0):
 PSYoungGen      total 43520K, used 3376K [0x0000000795580000, 0x0000000799080000, 0x00000007c0000000)
  eden space 29184K, 0% used [0x0000000795580000,0x0000000795580000,0x0000000797200000)
  from space 14336K, 23% used [0x0000000798100000,0x000000079844c0f0,0x0000000798f00000)
  to   space 15360K, 0% used [0x0000000797200000,0x0000000797200000,0x0000000798100000)
 ParOldGen       total 87552K, used 38871K [0x0000000740000000, 0x0000000745580000, 0x0000000795580000)
  object space 87552K, 44% used [0x0000000740000000,0x00000007425f5ec8,0x0000000745580000)
 Metaspace       used 19388K, capacity 19607K, committed 19968K, reserved 1067008K
  class space    used 1860K, capacity 1922K, committed 2048K, reserved 1048576K
}
Event: 19.747 GC heap before
{Heap before GC invocations=11 (full 0):
 PSYoungGen      total 43520K, used 32560K [0x0000000795580000, 0x0000000799080000, 0x00000007c0000000)
  eden space 29184K, 100% used [0x0000000795580000,0x0000000797200000,0x0000000797200000)
  from space 14336K, 23% used [0x0000000798100000,0x000000079844c0f0,0x0000000798f00000)
  to   space 15360K, 0% used [0x0000000797200000,0x0000000797200000,0x0000000798100000)
 ParOldGen       total 87552K, used 38871K [0x0000000740000000, 0x0000000745580000, 0x0000000795580000)
  object space 87552K, 44% used [0x0000000740000000,0x00000007425f5ec8,0x0000000745580000)
 Metaspace       used 19405K, capacity 19607K, committed 19968K, reserved 1067008K
  class space    used 1860K, capacity 1922K, committed 2048K, reserved 1048576K
Event: 19.750 GC heap after
Heap after GC invocations=11 (full 0):
 PSYoungGen      total 33280K, used 4512K [0x0000000795580000, 0x0000000798f80000, 0x00000007c0000000)
  eden space 28672K, 0% used [0x0000000795580000,0x0000000795580000,0x0000000797180000)
  from space 4608K, 97% used [0x0000000797200000,0x0000000797668110,0x0000000797680000)
  to   space 15360K, 0% used [0x0000000798080000,0x0000000798080000,0x0000000798f80000)
 ParOldGen       total 87552K, used 41120K [0x0000000740000000, 0x0000000745580000, 0x0000000795580000)
  object space 87552K, 46% used [0x0000000740000000,0x0000000742828008,0x0000000745580000)
 Metaspace       used 19405K, capacity 19607K, committed 19968K, reserved 1067008K
  class space    used 1860K, capacity 1922K, committed 2048K, reserved 1048576K
}
Event: 20.735 GC heap before
{Heap before GC invocations=12 (full 0):
 PSYoungGen      total 33280K, used 33184K [0x0000000795580000, 0x0000000798f80000, 0x00000007c0000000)
  eden space 28672K, 100% used [0x0000000795580000,0x0000000797180000,0x0000000797180000)
  from space 4608K, 97% used [0x0000000797200000,0x0000000797668110,0x0000000797680000)
  to   space 15360K, 0% used [0x0000000798080000,0x0000000798080000,0x0000000798f80000)
 ParOldGen       total 87552K, used 41120K [0x0000000740000000, 0x0000000745580000, 0x0000000795580000)
  object space 87552K, 46% used [0x0000000740000000,0x0000000742828008,0x0000000745580000)
 Metaspace       used 19475K, capacity 19671K, committed 19968K, reserved 1067008K
  class space    used 1860K, capacity 1922K, committed 2048K, reserved 1048576K
Event: 20.740 GC heap after
Heap after GC invocations=12 (full 0):
 PSYoungGen      total 43008K, used 5024K [0x0000000795580000, 0x0000000798f00000, 0x00000007c0000000)
  eden space 28160K, 0% used [0x0000000795580000,0x0000000795580000,0x0000000797100000)
  from space 14848K, 33% used [0x0000000798080000,0x0000000798568130,0x0000000798f00000)
  to   space 15360K, 0% used [0x0000000797100000,0x0000000797100000,0x0000000798000000)
 ParOldGen       total 87552K, used 45504K [0x0000000740000000, 0x0000000745580000, 0x0000000795580000)
  object space 87552K, 51% used [0x0000000740000000,0x0000000742c70118,0x0000000745580000)
 Metaspace       used 19475K, capacity 19671K, committed 19968K, reserved 1067008K
  class space    used 1860K, capacity 1922K, committed 2048K, reserved 1048576K
}
Event: 22.140 GC heap before
{Heap before GC invocations=13 (full 0):
 PSYoungGen      total 43008K, used 33165K [0x0000000795580000, 0x0000000798f00000, 0x00000007c0000000)
  eden space 28160K, 99% used [0x0000000795580000,0x00000007970fb688,0x0000000797100000)
  from space 14848K, 33% used [0x0000000798080000,0x0000000798568130,0x0000000798f00000)
  to   space 15360K, 0% used [0x0000000797100000,0x0000000797100000,0x0000000798000000)
 ParOldGen       total 87552K, used 45504K [0x0000000740000000, 0x0000000745580000, 0x0000000795580000)
  object space 87552K, 51% used [0x0000000740000000,0x0000000742c70118,0x0000000745580000)
 Metaspace       used 19482K, capacity 19671K, committed 19968K, reserved 1067008K
  class space    used 1860K, capacity 1922K, committed 2048K, reserved 1048576K
Event: 22.143 GC heap after
Heap after GC invocations=13 (full 0):
 PSYoungGen      total 32256K, used 4256K [0x0000000795580000, 0x0000000798e80000, 0x00000007c0000000)
  eden space 27648K, 0% used [0x0000000795580000,0x0000000795580000,0x0000000797080000)
  from space 4608K, 92% used [0x0000000797100000,0x0000000797528100,0x0000000797580000)
  to   space 15360K, 0% used [0x0000000797f80000,0x0000000797f80000,0x0000000798e80000)
 ParOldGen       total 87552K, used 49120K [0x0000000740000000, 0x0000000745580000, 0x0000000795580000)
  object space 87552K, 56% used [0x0000000740000000,0x0000000742ff81f8,0x0000000745580000)
 Metaspace       used 19482K, capacity 19671K, committed 19968K, reserved 1067008K
  class space    used 1860K, capacity 1922K, committed 2048K, reserved 1048576K
}
Event: 26.867 GC heap before
{Heap before GC invocations=14 (full 0):
 PSYoungGen      total 32256K, used 31904K [0x0000000795580000, 0x0000000798e80000, 0x00000007c0000000)
  eden space 27648K, 100% used [0x0000000795580000,0x0000000797080000,0x0000000797080000)
  from space 4608K, 92% used [0x0000000797100000,0x0000000797528100,0x0000000797580000)
  to   space 15360K, 0% used [0x0000000797f80000,0x0000000797f80000,0x0000000798e80000)
 ParOldGen       total 87552K, used 49120K [0x0000000740000000, 0x0000000745580000, 0x0000000795580000)
  object space 87552K, 56% used [0x0000000740000000,0x0000000742ff81f8,0x0000000745580000)
 Metaspace       used 19482K, capacity 19671K, committed 19968K, reserved 1067008K
  class space    used 1860K, capacity 1922K, committed 2048K, reserved 1048576K
Event: 26.870 GC heap after
Heap after GC invocations=14 (full 0):
 PSYoungGen      total 42496K, used 384K [0x0000000795580000, 0x0000000798f00000, 0x00000007c0000000)
  eden space 27136K, 0% used [0x0000000795580000,0x0000000795580000,0x0000000797000000)
  from space 15360K, 2% used [0x0000000797f80000,0x0000000797fe0010,0x0000000798e80000)
  to   space 15872K, 0% used [0x0000000797000000,0x0000000797000000,0x0000000797f80000)
 ParOldGen       total 87552K, used 53000K [0x0000000740000000, 0x0000000745580000, 0x0000000795580000)
  object space 87552K, 60% used [0x0000000740000000,0x00000007433c22e8,0x0000000745580000)
 Metaspace       used 19482K, capacity 19671K, committed 19968K, reserved 1067008K
  class space    used 1860K, capacity 1922K, committed 2048K, reserved 1048576K
}

Deoptimization events (10 events):
Event: 3.930 Thread 0x00007fb842595000 Uncommon trap: reason=unstable_if action=reinterpret pc=0x000000010a81c4bc method=java.util.Vector.indexOf(Ljava/lang/Object;I)I @ 41
Event: 3.963 Thread 0x00007fb84197b800 Uncommon trap: reason=unstable_if action=reinterpret pc=0x000000010a7c306c method=java.lang.StrictMath.floorOrCeil(DDDD)D @ 115
Event: 5.673 Thread 0x00007fb84197b800 Uncommon trap: reason=unstable_if action=reinterpret pc=0x000000010a93ff28 method=de.fhpotsdam.unfolding.mapdisplay.AbstractMapDisplay$ZoomComparator.compare(Lde/fhpotsdam/unfolding/core/Coordinate;Lde/fhpotsdam/unfolding/core/Coordinate;)I @ 9
Event: 30.317 Thread 0x00007fb84197b800 Uncommon trap: reason=class_check action=maybe_recompile pc=0x000000010aba6b44 method=java.awt.EventQueue.coalesceEvent(Ljava/awt/AWTEvent;I)Z @ 32
Event: 30.334 Thread 0x00007fb8421e5800 Uncommon trap: reason=unstable_if action=reinterpret pc=0x000000010aba680c method=java.awt.EventQueue.getPriority(Ljava/awt/AWTEvent;)I @ 71
Event: 30.334 Thread 0x00007fb84197b800 Uncommon trap: reason=unstable_if action=reinterpret pc=0x000000010a8853a8 method=com.jogamp.common.util.VersionNumber.compareTo(Lcom/jogamp/common/util/VersionNumber;)I @ 21
Event: 30.367 Thread 0x00007fb8421bb000 Uncommon trap: reason=class_check action=maybe_recompile pc=0x000000010a8d86f4 method=java.util.HashMap.putVal(ILjava/lang/Object;Ljava/lang/Object;ZZ)Ljava/lang/Object; @ 91
Event: 30.367 Thread 0x00007fb8421bb000 Uncommon trap: reason=class_check action=maybe_recompile pc=0x000000010a8d86f4 method=java.util.HashMap.putVal(ILjava/lang/Object;Ljava/lang/Object;ZZ)Ljava/lang/Object; @ 91
Event: 30.367 Thread 0x00007fb8421bb000 Uncommon trap: reason=class_check action=maybe_recompile pc=0x000000010a8d86f4 method=java.util.HashMap.putVal(ILjava/lang/Object;Ljava/lang/Object;ZZ)Ljava/lang/Object; @ 91
Event: 30.367 Thread 0x00007fb8421bb000 Uncommon trap: reason=class_check action=maybe_recompile pc=0x000000010a8d86f4 method=java.util.HashMap.putVal(ILjava/lang/Object;Ljava/lang/Object;ZZ)Ljava/lang/Object; @ 91

Internal exceptions (10 events):
Event: 0.159 Thread 0x00007fb841008000 Exception <a 'java/lang/NoSuchFieldError': method resolution failed> (0x0000000795785e60) thrown at [/Users/java_re/workspace/8-2-build-macosx-x86_64/jdk8u77/6540/hotspot/src/share/vm/prims/methodHandles.cpp, line 1146]
Event: 0.162 Thread 0x00007fb841008000 Exception <a 'java/lang/NoSuchFieldError': method resolution failed> (0x0000000795793630) thrown at [/Users/java_re/workspace/8-2-build-macosx-x86_64/jdk8u77/6540/hotspot/src/share/vm/prims/methodHandles.cpp, line 1146]
Event: 0.348 Thread 0x00007fb841008000 Exception <a 'java/io/FileNotFoundException'> (0x000000079580f428) thrown at [/Users/java_re/workspace/8-2-build-macosx-x86_64/jdk8u77/6540/hotspot/src/share/vm/prims/jni.cpp, line 709]
Event: 0.349 Thread 0x00007fb841008000 Exception <a 'java/io/FileNotFoundException'> (0x000000079580ff50) thrown at [/Users/java_re/workspace/8-2-build-macosx-x86_64/jdk8u77/6540/hotspot/src/share/vm/prims/jni.cpp, line 709]
Event: 0.509 Thread 0x00007fb841008000 Exception <a 'java/io/FileNotFoundException'> (0x000000079594bb10) thrown at [/Users/java_re/workspace/8-2-build-macosx-x86_64/jdk8u77/6540/hotspot/src/share/vm/prims/jni.cpp, line 709]
Event: 2.350 Thread 0x00007fb841479000 Exception <a 'java/lang/UnsatisfiedLinkError': com.jogamp.common.util.JarUtil.fixNativeLibAttribs(Ljava/lang/String;)Z> (0x0000000796b628f8) thrown at [/Users/java_re/workspace/8-2-build-macosx-x86_64/jdk8u77/6540/hotspot/src/share/vm/prims/nativeLookup.c
Event: 2.683 Thread 0x00007fb84104c000 Exception <a 'java/lang/NullPointerException'> (0x00000007956a8a30) thrown at [/Users/java_re/workspace/8-2-build-macosx-x86_64/jdk8u77/6540/hotspot/src/share/vm/interpreter/linkResolver.cpp, line 1178]
Event: 3.219 Thread 0x00007fb84197b800 Exception <a 'java/io/FileNotFoundException'> (0x0000000795e656e8) thrown at [/Users/java_re/workspace/8-2-build-macosx-x86_64/jdk8u77/6540/hotspot/src/share/vm/prims/jni.cpp, line 709]
Event: 3.219 Thread 0x00007fb84197b800 Exception <a 'java/io/FileNotFoundException'> (0x0000000795e6b730) thrown at [/Users/java_re/workspace/8-2-build-macosx-x86_64/jdk8u77/6540/hotspot/src/share/vm/prims/jni.cpp, line 709]
Event: 3.219 Thread 0x00007fb84197b800 Implicit null exception at 0x000000010a533f35 to 0x000000010a534299

Events (10 events):
Event: 30.379 loading class jogamp/nativewindow/jawt/macosx/MacOSXJAWTWindow$1
Event: 30.379 loading class jogamp/nativewindow/jawt/macosx/MacOSXJAWTWindow$1 done
Event: 30.380 loading class java/awt/LightweightDispatcher$2
Event: 30.380 loading class java/awt/LightweightDispatcher$2 done
Event: 30.380 loading class java/awt/event/AWTEventListenerProxy
Event: 30.380 loading class java/awt/event/AWTEventListenerProxy done
Event: 30.380 Executing VM operation: Deoptimize
Event: 30.381 Executing VM operation: Deoptimize done
Event: 30.381 loading class java/awt/Toolkit$ToolkitEventMulticaster
Event: 30.381 loading class java/awt/Toolkit$ToolkitEventMulticaster done


Dynamic libraries:
0x000000000a9e5000 	/System/Library/Frameworks/Cocoa.framework/Versions/A/Cocoa
0x000000000a9e5000 	/System/Library/Frameworks/Security.framework/Versions/A/Security
0x000000000a9e5000 	/System/Library/Frameworks/ApplicationServices.framework/Versions/A/ApplicationServices
0x000000000a9e5000 	/usr/lib/libz.1.dylib
0x000000000a9e5000 	/usr/lib/libSystem.B.dylib
0x000000000a9e5000 	/usr/lib/libobjc.A.dylib
0x000000000a9e5000 	/System/Library/Frameworks/CoreFoundation.framework/Versions/A/CoreFoundation
0x000000000a9e5000 	/System/Library/Frameworks/Foundation.framework/Versions/C/Foundation
0x000000000a9e5000 	/System/Library/Frameworks/AppKit.framework/Versions/C/AppKit
0x000000000a9e5000 	/System/Library/Frameworks/CoreData.framework/Versions/A/CoreData
0x000000000a9e5000 	/System/Library/PrivateFrameworks/RemoteViewServices.framework/Versions/A/RemoteViewServices
0x000000000a9e5000 	/System/Library/PrivateFrameworks/UIFoundation.framework/Versions/A/UIFoundation
0x000000000a9e5000 	/usr/lib/libScreenReader.dylib
0x000000000a9e5000 	/System/Library/Frameworks/Accelerate.framework/Versions/A/Accelerate
0x000000000a9e5000 	/System/Library/Frameworks/IOSurface.framework/Versions/A/IOSurface
0x000000000a9e5000 	/System/Library/Frameworks/AudioToolbox.framework/Versions/A/AudioToolbox
0x000000000a9e5000 	/System/Library/Frameworks/AudioUnit.framework/Versions/A/AudioUnit
0x000000000a9e5000 	/System/Library/PrivateFrameworks/DataDetectorsCore.framework/Versions/A/DataDetectorsCore
0x000000000a9e5000 	/System/Library/PrivateFrameworks/DesktopServicesPriv.framework/Versions/A/DesktopServicesPriv
0x000000000a9e5000 	/System/Library/Frameworks/Carbon.framework/Versions/A/Frameworks/HIToolbox.framework/Versions/A/HIToolbox
0x000000000a9e5000 	/System/Library/Frameworks/QuartzCore.framework/Versions/A/QuartzCore
0x000000000a9e5000 	/System/Library/Frameworks/Carbon.framework/Versions/A/Frameworks/SpeechRecognition.framework/Versions/A/SpeechRecognition
0x000000000a9e5000 	/usr/lib/libauto.dylib
0x000000000a9e5000 	/usr/lib/libicucore.A.dylib
0x000000000a9e5000 	/usr/lib/libxml2.2.dylib
0x000000000a9e5000 	/System/Library/PrivateFrameworks/CoreUI.framework/Versions/A/CoreUI
0x000000000a9e5000 	/System/Library/Frameworks/CoreAudio.framework/Versions/A/CoreAudio
0x000000000a9e5000 	/System/Library/Frameworks/DiskArbitration.framework/Versions/A/DiskArbitration
0x000000000a9e5000 	/usr/lib/liblangid.dylib
0x000000000a9e5000 	/System/Library/PrivateFrameworks/MultitouchSupport.framework/Versions/A/MultitouchSupport
0x000000000a9e5000 	/System/Library/Frameworks/IOKit.framework/Versions/A/IOKit
0x000000000a9e5000 	/usr/lib/libDiagnosticMessagesClient.dylib
0x000000000a9e5000 	/System/Library/Frameworks/CoreServices.framework/Versions/A/CoreServices
0x000000000a9e5000 	/System/Library/PrivateFrameworks/PerformanceAnalysis.framework/Versions/A/PerformanceAnalysis
0x000000000a9e5000 	/System/Library/PrivateFrameworks/GenerationalStorage.framework/Versions/A/GenerationalStorage
0x000000000a9e5000 	/System/Library/Frameworks/OpenGL.framework/Versions/A/OpenGL
0x000000000a9e5000 	/System/Library/PrivateFrameworks/Sharing.framework/Versions/A/Sharing
0x000000000a9e5000 	/System/Library/Frameworks/CoreGraphics.framework/Versions/A/CoreGraphics
0x000000000a9e5000 	/System/Library/Frameworks/CoreImage.framework/Versions/A/CoreImage
0x000000000a9e5000 	/System/Library/Frameworks/CoreText.framework/Versions/A/CoreText
0x000000000a9e5000 	/System/Library/Frameworks/ImageIO.framework/Versions/A/ImageIO
0x000000000a9e5000 	/System/Library/PrivateFrameworks/Backup.framework/Versions/A/Backup
0x000000000a9e5000 	/usr/lib/libextension.dylib
0x000000000a9e5000 	/usr/lib/libarchive.2.dylib
0x000000000a9e5000 	/System/Library/Frameworks/CFNetwork.framework/Versions/A/CFNetwork
0x000000000a9e5000 	/System/Library/Frameworks/SystemConfiguration.framework/Versions/A/SystemConfiguration
0x000000000a9e5000 	/usr/lib/libCRFSuite.dylib
0x000000000a9e5000 	/usr/lib/libc++.1.dylib
0x000000000a9e5000 	/usr/lib/libc++abi.dylib
0x000000000a9e5000 	/usr/lib/system/libcache.dylib
0x000000000a9e5000 	/usr/lib/system/libcommonCrypto.dylib
0x000000000a9e5000 	/usr/lib/system/libcompiler_rt.dylib
0x000000000a9e5000 	/usr/lib/system/libcopyfile.dylib
0x000000000a9e5000 	/usr/lib/system/libcorecrypto.dylib
0x000000000a9e5000 	/usr/lib/system/libdispatch.dylib
0x000000000a9e5000 	/usr/lib/system/libdyld.dylib
0x000000000a9e5000 	/usr/lib/system/libkeymgr.dylib
0x000000000a9e5000 	/usr/lib/system/liblaunch.dylib
0x000000000a9e5000 	/usr/lib/system/libmacho.dylib
0x000000000a9e5000 	/usr/lib/system/libquarantine.dylib
0x000000000a9e5000 	/usr/lib/system/libremovefile.dylib
0x000000000a9e5000 	/usr/lib/system/libsystem_asl.dylib
0x000000000a9e5000 	/usr/lib/system/libsystem_blocks.dylib
0x000000000a9e5000 	/usr/lib/system/libsystem_c.dylib
0x000000000a9e5000 	/usr/lib/system/libsystem_configuration.dylib
0x000000000a9e5000 	/usr/lib/system/libsystem_coreservices.dylib
0x000000000a9e5000 	/usr/lib/system/libsystem_coretls.dylib
0x000000000a9e5000 	/usr/lib/system/libsystem_dnssd.dylib
0x000000000a9e5000 	/usr/lib/system/libsystem_info.dylib
0x000000000a9e5000 	/usr/lib/system/libsystem_kernel.dylib
0x000000000a9e5000 	/usr/lib/system/libsystem_m.dylib
0x000000000a9e5000 	/usr/lib/system/libsystem_malloc.dylib
0x000000000a9e5000 	/usr/lib/system/libsystem_network.dylib
0x000000000a9e5000 	/usr/lib/system/libsystem_networkextension.dylib
0x000000000a9e5000 	/usr/lib/system/libsystem_notify.dylib
0x000000000a9e5000 	/usr/lib/system/libsystem_platform.dylib
0x000000000a9e5000 	/usr/lib/system/libsystem_pthread.dylib
0x000000000a9e5000 	/usr/lib/system/libsystem_sandbox.dylib
0x000000000a9e5000 	/usr/lib/system/libsystem_secinit.dylib
0x000000000a9e5000 	/usr/lib/system/libsystem_trace.dylib
0x000000000a9e5000 	/usr/lib/system/libunc.dylib
0x000000000a9e5000 	/usr/lib/system/libunwind.dylib
0x000000000a9e5000 	/usr/lib/system/libxpc.dylib
0x000000000a9e5000 	/usr/lib/libenergytrace.dylib
0x000000000a9e5000 	/usr/lib/libbsm.0.dylib
0x000000000a9e5000 	/usr/lib/system/libkxld.dylib
0x000000000a9e5000 	/usr/lib/libxar.1.dylib
0x000000000a9e5000 	/usr/lib/libsqlite3.dylib
0x000000000a9e5000 	/usr/lib/libpam.2.dylib
0x000000000a9e5000 	/usr/lib/libOpenScriptingUtil.dylib
0x000000000a9e5000 	/usr/lib/libbz2.1.0.dylib
0x000000000a9e5000 	/usr/lib/liblzma.5.dylib
0x000000000a9e5000 	/System/Library/Frameworks/CoreServices.framework/Versions/A/Frameworks/FSEvents.framework/Versions/A/FSEvents
0x000000000a9e5000 	/System/Library/Frameworks/CoreServices.framework/Versions/A/Frameworks/CarbonCore.framework/Versions/A/CarbonCore
0x000000000a9e5000 	/System/Library/Frameworks/CoreServices.framework/Versions/A/Frameworks/Metadata.framework/Versions/A/Metadata
0x000000000a9e5000 	/System/Library/Frameworks/CoreServices.framework/Versions/A/Frameworks/OSServices.framework/Versions/A/OSServices
0x000000000a9e5000 	/System/Library/Frameworks/CoreServices.framework/Versions/A/Frameworks/SearchKit.framework/Versions/A/SearchKit
0x000000000a9e5000 	/System/Library/Frameworks/CoreServices.framework/Versions/A/Frameworks/AE.framework/Versions/A/AE
0x000000000a9e5000 	/System/Library/Frameworks/CoreServices.framework/Versions/A/Frameworks/LaunchServices.framework/Versions/A/LaunchServices
0x000000000a9e5000 	/System/Library/Frameworks/CoreServices.framework/Versions/A/Frameworks/DictionaryServices.framework/Versions/A/DictionaryServices
0x000000000a9e5000 	/System/Library/Frameworks/CoreServices.framework/Versions/A/Frameworks/SharedFileList.framework/Versions/A/SharedFileList
0x000000000a9e5000 	/System/Library/Frameworks/NetFS.framework/Versions/A/NetFS
0x000000000a9e5000 	/System/Library/PrivateFrameworks/NetAuth.framework/Versions/A/NetAuth
0x000000000a9e5000 	/System/Library/PrivateFrameworks/login.framework/Versions/A/Frameworks/loginsupport.framework/Versions/A/loginsupport
0x000000000a9e5000 	/System/Library/PrivateFrameworks/TCC.framework/Versions/A/TCC
0x000000000a9e5000 	/usr/lib/libmecabra.dylib
0x000000000a9e5000 	/System/Library/Frameworks/ApplicationServices.framework/Versions/A/Frameworks/ATS.framework/Versions/A/ATS
0x000000000a9e5000 	/System/Library/Frameworks/ApplicationServices.framework/Versions/A/Frameworks/ColorSync.framework/Versions/A/ColorSync
0x000000000a9e5000 	/System/Library/Frameworks/ApplicationServices.framework/Versions/A/Frameworks/HIServices.framework/Versions/A/HIServices
0x000000000a9e5000 	/System/Library/Frameworks/ApplicationServices.framework/Versions/A/Frameworks/LangAnalysis.framework/Versions/A/LangAnalysis
0x000000000a9e5000 	/System/Library/Frameworks/ApplicationServices.framework/Versions/A/Frameworks/PrintCore.framework/Versions/A/PrintCore
0x000000000a9e5000 	/System/Library/Frameworks/ApplicationServices.framework/Versions/A/Frameworks/QD.framework/Versions/A/QD
0x000000000a9e5000 	/System/Library/Frameworks/ApplicationServices.framework/Versions/A/Frameworks/SpeechSynthesis.framework/Versions/A/SpeechSynthesis
0x000000000a9e5000 	/System/Library/Frameworks/Metal.framework/Versions/A/Metal
0x000000000a9e5000 	/System/Library/Frameworks/Accelerate.framework/Versions/A/Frameworks/vImage.framework/Versions/A/vImage
0x000000000a9e5000 	/System/Library/Frameworks/Accelerate.framework/Versions/A/Frameworks/vecLib.framework/Versions/A/vecLib
0x000000000a9e5000 	/System/Library/Frameworks/Accelerate.framework/Versions/A/Frameworks/vecLib.framework/Versions/A/libvDSP.dylib
0x000000000a9e5000 	/System/Library/Frameworks/Accelerate.framework/Versions/A/Frameworks/vecLib.framework/Versions/A/libvMisc.dylib
0x000000000a9e5000 	/System/Library/Frameworks/Accelerate.framework/Versions/A/Frameworks/vecLib.framework/Versions/A/libLAPACK.dylib
0x000000000a9e5000 	/System/Library/Frameworks/Accelerate.framework/Versions/A/Frameworks/vecLib.framework/Versions/A/libBLAS.dylib
0x000000000a9e5000 	/System/Library/Frameworks/Accelerate.framework/Versions/A/Frameworks/vecLib.framework/Versions/A/libLinearAlgebra.dylib
0x000000000a9e5000 	/System/Library/Frameworks/Accelerate.framework/Versions/A/Frameworks/vecLib.framework/Versions/A/libSparseBLAS.dylib
0x000000000a9e5000 	/System/Library/PrivateFrameworks/GPUCompiler.framework/libmetal_timestamp.dylib
0x000000000a9e5000 	/System/Library/Frameworks/OpenGL.framework/Versions/A/Libraries/libCoreFSCache.dylib
0x000000000a9e5000 	/System/Library/PrivateFrameworks/IOAccelerator.framework/Versions/A/IOAccelerator
0x000000000a9e5000 	/System/Library/Frameworks/ApplicationServices.framework/Versions/A/Frameworks/ATS.framework/Versions/A/Resources/libFontParser.dylib
0x000000000a9e5000 	/System/Library/Frameworks/ApplicationServices.framework/Versions/A/Frameworks/ATS.framework/Versions/A/Resources/libFontRegistry.dylib
0x000000000a9e5000 	/System/Library/PrivateFrameworks/AppleVPA.framework/Versions/A/AppleVPA
0x000000000a9e5000 	/System/Library/PrivateFrameworks/AppleJPEG.framework/Versions/A/AppleJPEG
0x000000000a9e5000 	/System/Library/Frameworks/ImageIO.framework/Versions/A/Resources/libJPEG.dylib
0x000000000a9e5000 	/System/Library/Frameworks/ImageIO.framework/Versions/A/Resources/libTIFF.dylib
0x000000000a9e5000 	/System/Library/Frameworks/ImageIO.framework/Versions/A/Resources/libPng.dylib
0x000000000a9e5000 	/System/Library/Frameworks/ImageIO.framework/Versions/A/Resources/libGIF.dylib
0x000000000a9e5000 	/System/Library/Frameworks/ImageIO.framework/Versions/A/Resources/libJP2.dylib
0x000000000a9e5000 	/System/Library/Frameworks/ImageIO.framework/Versions/A/Resources/libRadiance.dylib
0x000000000a9e5000 	/System/Library/Frameworks/CoreVideo.framework/Versions/A/CoreVideo
0x000000000a9e5000 	/System/Library/Frameworks/OpenGL.framework/Versions/A/Libraries/libGLU.dylib
0x000000000a9e5000 	/System/Library/Frameworks/OpenGL.framework/Versions/A/Libraries/libGFXShared.dylib
0x000000000a9e5000 	/System/Library/Frameworks/OpenGL.framework/Versions/A/Libraries/libGL.dylib
0x000000000a9e5000 	/System/Library/Frameworks/OpenGL.framework/Versions/A/Libraries/libGLImage.dylib
0x000000000a9e5000 	/System/Library/Frameworks/OpenGL.framework/Versions/A/Libraries/libCVMSPluginSupport.dylib
0x000000000a9e5000 	/System/Library/Frameworks/OpenGL.framework/Versions/A/Libraries/libCoreVMClient.dylib
0x000000000a9e5000 	/usr/lib/libcompression.dylib
0x000000000a9e5000 	/usr/lib/libcups.2.dylib
0x000000000a9e5000 	/System/Library/Frameworks/Kerberos.framework/Versions/A/Kerberos
0x000000000a9e5000 	/System/Library/Frameworks/GSS.framework/Versions/A/GSS
0x000000000a9e5000 	/usr/lib/libresolv.9.dylib
0x000000000a9e5000 	/usr/lib/libiconv.2.dylib
0x000000000a9e5000 	/System/Library/PrivateFrameworks/Heimdal.framework/Versions/A/Heimdal
0x000000000a9e5000 	/usr/lib/libheimdal-asn1.dylib
0x000000000a9e5000 	/System/Library/Frameworks/OpenDirectory.framework/Versions/A/OpenDirectory
0x000000000a9e5000 	/System/Library/PrivateFrameworks/CommonAuth.framework/Versions/A/CommonAuth
0x000000000a9e5000 	/System/Library/Frameworks/OpenDirectory.framework/Versions/A/Frameworks/CFOpenDirectory.framework/Versions/A/CFOpenDirectory
0x000000000a9e5000 	/System/Library/Frameworks/SecurityFoundation.framework/Versions/A/SecurityFoundation
0x000000000a9e5000 	/System/Library/PrivateFrameworks/LanguageModeling.framework/Versions/A/LanguageModeling
0x000000000a9e5000 	/usr/lib/libmarisa.dylib
0x000000000a9e5000 	/usr/lib/libChineseTokenizer.dylib
0x000000000a9e5000 	/usr/lib/libcmph.dylib
0x000000000a9e5000 	/System/Library/Frameworks/ServiceManagement.framework/Versions/A/ServiceManagement
0x000000000a9e5000 	/usr/lib/libxslt.1.dylib
0x000000000a9e5000 	/System/Library/Frameworks/Carbon.framework/Versions/A/Frameworks/Ink.framework/Versions/A/Ink
0x000000000a9e5000 	/usr/lib/libFosl_dynamic.dylib
0x000000000a9e5000 	/System/Library/PrivateFrameworks/FaceCore.framework/Versions/A/FaceCore
0x000000000a9e5000 	/System/Library/Frameworks/OpenCL.framework/Versions/A/OpenCL
0x000000000a9e5000 	/System/Library/PrivateFrameworks/CrashReporterSupport.framework/Versions/A/CrashReporterSupport
0x000000000a9e5000 	/System/Library/PrivateFrameworks/IconServices.framework/Versions/A/IconServices
0x000000000a9e5000 	/System/Library/PrivateFrameworks/Apple80211.framework/Versions/A/Apple80211
0x000000000a9e5000 	/System/Library/Frameworks/CoreWLAN.framework/Versions/A/CoreWLAN
0x000000000a9e5000 	/System/Library/Frameworks/IOBluetooth.framework/Versions/A/IOBluetooth
0x000000000a9e5000 	/System/Library/PrivateFrameworks/CoreWiFi.framework/Versions/A/CoreWiFi
0x000000000a9e5000 	/System/Library/Frameworks/CoreBluetooth.framework/Versions/A/CoreBluetooth
0x000000000a9e5000 	/System/Library/PrivateFrameworks/ChunkingLibrary.framework/Versions/A/ChunkingLibrary
0x000000000a9e5000 	/System/Library/PrivateFrameworks/DebugSymbols.framework/Versions/A/DebugSymbols
0x000000000a9e5000 	/System/Library/PrivateFrameworks/CoreSymbolication.framework/Versions/A/CoreSymbolication
0x000000000a9e5000 	/System/Library/PrivateFrameworks/Symbolication.framework/Versions/A/Symbolication
0x000000000a9e5000 	/System/Library/PrivateFrameworks/SpeechRecognitionCore.framework/Versions/A/SpeechRecognitionCore
0x000000004dfbc000 	/System/Library/CoreServices/Encodings/libKoreanConverter.dylib
0x0000000109400000 	/Library/Java/JavaVirtualMachines/jdk1.8.0_77.jdk/Contents/Home/jre/lib/server/libjvm.dylib
0x000000000a9e5000 	/usr/lib/libstdc++.6.dylib
0x0000000108b17000 	/Library/Java/JavaVirtualMachines/jdk1.8.0_77.jdk/Contents/Home/jre/lib/libverify.dylib
0x0000000108b25000 	/Library/Java/JavaVirtualMachines/jdk1.8.0_77.jdk/Contents/Home/jre/lib/libjava.dylib
0x0000000108b64000 	/Library/Java/JavaVirtualMachines/jdk1.8.0_77.jdk/Contents/Home/jre/lib/libzip.dylib
0x000000011fc61000 	/System/Library/Frameworks/JavaVM.framework/Frameworks/JavaRuntimeSupport.framework/JavaRuntimeSupport
0x000000011fc7c000 	/System/Library/Frameworks/JavaVM.framework/Versions/A/Frameworks/JavaNativeFoundation.framework/Versions/A/JavaNativeFoundation
0x000000011fc91000 	/System/Library/Frameworks/JavaVM.framework/Versions/A/JavaVM
0x000000000a9e5000 	/System/Library/Frameworks/Carbon.framework/Versions/A/Carbon
0x000000011fc9e000 	/System/Library/PrivateFrameworks/JavaLaunching.framework/Versions/A/JavaLaunching
0x000000000a9e5000 	/System/Library/Frameworks/Carbon.framework/Versions/A/Frameworks/CommonPanels.framework/Versions/A/CommonPanels
0x000000000a9e5000 	/System/Library/Frameworks/Carbon.framework/Versions/A/Frameworks/Help.framework/Versions/A/Help
0x000000000a9e5000 	/System/Library/Frameworks/Carbon.framework/Versions/A/Frameworks/ImageCapture.framework/Versions/A/ImageCapture
0x000000000a9e5000 	/System/Library/Frameworks/Carbon.framework/Versions/A/Frameworks/OpenScripting.framework/Versions/A/OpenScripting
0x000000000a9e5000 	/System/Library/Frameworks/Carbon.framework/Versions/A/Frameworks/Print.framework/Versions/A/Print
0x000000000a9e5000 	/System/Library/Frameworks/Carbon.framework/Versions/A/Frameworks/SecurityHI.framework/Versions/A/SecurityHI
0x00000001215c0000 	/Library/Java/JavaVirtualMachines/jdk1.8.0_77.jdk/Contents/Home/jre/lib/libawt.dylib
0x0000000121668000 	/Library/Java/JavaVirtualMachines/jdk1.8.0_77.jdk/Contents/Home/jre/lib/./libmlib_image.dylib
0x0000000121734000 	/Library/Java/JavaVirtualMachines/jdk1.8.0_77.jdk/Contents/Home/jre/lib/libawt_lwawt.dylib
0x00000001217e9000 	/Library/Java/JavaVirtualMachines/jdk1.8.0_77.jdk/Contents/Home/jre/lib/./libosxapp.dylib
0x000000000a9e5000 	/System/Library/Frameworks/ExceptionHandling.framework/Versions/A/ExceptionHandling
0x000000000a9e5000 	/System/Library/PrivateFrameworks/CoreServicesInternal.framework/Versions/A/CoreServicesInternal
0x000000000a9e5000 	/System/Library/Frameworks/CoreGraphics.framework/Versions/A/Resources/libRIP.A.dylib
0x000000000a9e5000 	/System/Library/Frameworks/Accelerate.framework/Versions/A/Frameworks/vImage.framework/Versions/A/Libraries/libCGInterfaces.dylib
0x000000000a9e5000 	/System/Library/Frameworks/CoreGraphics.framework/Versions/A/Resources/libCGXType.A.dylib
0x000000000a9e5000 	/System/Library/Frameworks/OpenCL.framework/Versions/A/Libraries/libcldcpuengine.dylib
0x000000000a9e5000 	/System/Library/PrivateFrameworks/DiskImages.framework/Versions/A/DiskImages
0x000000000a9e5000 	/System/Library/Frameworks/DiscRecording.framework/Versions/A/DiscRecording
0x000000000a9e5000 	/usr/lib/libcsfde.dylib
0x000000000a9e5000 	/usr/lib/libcurl.4.dylib
0x000000000a9e5000 	/System/Library/PrivateFrameworks/MediaKit.framework/Versions/A/MediaKit
0x000000000a9e5000 	/System/Library/PrivateFrameworks/ProtectedCloudStorage.framework/Versions/A/ProtectedCloudStorage
0x000000000a9e5000 	/usr/lib/libCoreStorage.dylib
0x000000000a9e5000 	/System/Library/PrivateFrameworks/EFILogin.framework/Versions/A/EFILogin
0x000000000a9e5000 	/usr/lib/libutil.dylib
0x000000000a9e5000 	/System/Library/PrivateFrameworks/FindMyDevice.framework/Versions/A/FindMyDevice
0x000000000a9e5000 	/System/Library/Frameworks/LDAP.framework/Versions/A/LDAP
0x000000000a9e5000 	/usr/lib/libsasl2.2.dylib
0x000000000a9e5000 	/System/Library/PrivateFrameworks/CoreDaemon.framework/Versions/B/CoreDaemon
0x000000000a9e5000 	/usr/lib/libcrypto.0.9.8.dylib
0x000000000a9e5000 	/System/Library/PrivateFrameworks/AppleSRP.framework/Versions/A/AppleSRP
0x000000000a9e5000 	/System/Library/PrivateFrameworks/TrustEvaluationAgent.framework/Versions/A/TrustEvaluationAgent
0x000000012343c000 	cl_kernels
0x000000000a9e5000 	/System/Library/Frameworks/OpenCL.framework/Versions/A/Libraries/ImageFormats/unorm8_bgra.dylib
0x000000000a9e5000 	/System/Library/Frameworks/OpenCL.framework/Versions/A/Libraries/ImageFormats/unorm8_rgba.dylib
0x000000000a9e5000 	/System/Library/PrivateFrameworks/FamilyControls.framework/Versions/A/FamilyControls
0x000000000a9e5000 	/System/Library/PrivateFrameworks/CommerceKit.framework/Versions/A/Frameworks/CommerceCore.framework/Versions/A/CommerceCore
0x000000000a9e5000 	/System/Library/PrivateFrameworks/SystemAdministration.framework/Versions/A/SystemAdministration
0x000000000a9e5000 	/System/Library/PrivateFrameworks/AppContainer.framework/Versions/A/AppContainer
0x000000000a9e5000 	/System/Library/PrivateFrameworks/SecCodeWrapper.framework/Versions/A/SecCodeWrapper
0x000000000a9e5000 	/System/Library/Frameworks/DirectoryService.framework/Versions/A/DirectoryService
0x000000000a9e5000 	/System/Library/PrivateFrameworks/LoginUIKit.framework/Versions/A/Frameworks/LoginUICore.framework/Versions/A/LoginUICore
0x000000000a9e5000 	/usr/lib/libodfde.dylib
0x000000000a9e5000 	/System/Library/Frameworks/OpenGL.framework/Versions/A/Resources/GLEngine.bundle/GLEngine
0x000000000a9e5000 	/System/Library/Frameworks/OpenGL.framework/Versions/A/Libraries/libGLProgrammability.dylib
0x000000012453a000 	/System/Library/Extensions/AppleIntelBDWGraphicsGLDriver.bundle/Contents/MacOS/AppleIntelBDWGraphicsGLDriver
0x000000000a9e5000 	/System/Library/PrivateFrameworks/GPUSupport.framework/Versions/A/Libraries/libGPUSupportMercury.dylib
0x000000000a9e5000 	/System/Library/Frameworks/OpenGL.framework/Versions/A/Resources/GLRendererFloat.bundle/GLRendererFloat
0x00000001254c2000 	/Library/Java/JavaVirtualMachines/jdk1.8.0_77.jdk/Contents/Home/jre/lib/libfontmanager.dylib
0x0000000128db7000 	/Library/Java/JavaVirtualMachines/jdk1.8.0_77.jdk/Contents/Home/jre/lib/libosxui.dylib
0x0000000129a99000 	/Library/Java/JavaVirtualMachines/jdk1.8.0_77.jdk/Contents/Home/jre/lib/libnet.dylib
0x00000001298ac000 	/Library/Java/JavaVirtualMachines/jdk1.8.0_77.jdk/Contents/Home/jre/lib/libnio.dylib
0x000000000a9e5000 	/System/Library/Frameworks/ApplicationServices.framework/Versions/A/Frameworks/ATS.framework/Versions/A/Resources/libTrueTypeScaler.dylib
0x00000001787cd000 	/System/Library/Extensions/AppleIntelBDWGraphicsMTLDriver.bundle/Contents/MacOS/AppleIntelBDWGraphicsMTLDriver
0x0000000126701000 	/private/var/folders/6q/r8y5zkh55h99sgy_lbth35yr0000gn/T/jogamp_0000/file_cache/jln7635283256190139936/jln3653185999164816363/libgluegen-rt.jnilib
0x0000000126705000 	/private/var/folders/6q/r8y5zkh55h99sgy_lbth35yr0000gn/T/jogamp_0000/file_cache/jln7635283256190139936/jln3653185999164816363/libnativewindow_awt.jnilib
0x000000017874a000 	/Library/Java/JavaVirtualMachines/jdk1.8.0_77.jdk/Contents/Home/jre/lib/libjawt.dylib
0x000000017874d000 	/private/var/folders/6q/r8y5zkh55h99sgy_lbth35yr0000gn/T/jogamp_0000/file_cache/jln7635283256190139936/jln3653185999164816363/libnativewindow_macosx.jnilib
0x000000017cc0a000 	/private/var/folders/6q/r8y5zkh55h99sgy_lbth35yr0000gn/T/jogamp_0000/file_cache/jln7635283256190139936/jln3653185999164816363/libjogl_desktop.jnilib
0x0000000178e0d000 	/Library/Java/JavaVirtualMachines/jdk1.8.0_77.jdk/Contents/Home/jre/lib/libjpeg.dylib

VM Arguments:
jvm_args: -Djava.security.policy=java.policy.applet -Dfile.encoding=UTF-8 
java_command: sun.applet.AppletViewer module1.HelloWorld1468816248679.html
java_class_path (initial): /Users/mj/Documents/workspace/UCSDUnfoldingMaps/build:/Users/mj/Documents/workspace/UCSDUnfoldingMaps/lib/core.jar:/Users/mj/Documents/workspace/UCSDUnfoldingMaps/lib/gluegen-rt.jar:/Users/mj/Documents/workspace/UCSDUnfoldingMaps/lib/jogl-all.jar:/Users/mj/Documents/workspace/UCSDUnfoldingMaps/lib/log4j-1.2.15.jar:/Users/mj/Documents/workspace/UCSDUnfoldingMaps/lib/sqlite-jdbc-3.7.2.jar:/Users/mj/Documents/workspace/UCSDUnfoldingMaps/lib/json4processing.jar:/Users/mj/Documents/workspace/UCSDUnfoldingMaps/lib/libTUIO.jar:/Users/mj/Documents/workspace/UCSDUnfoldingMaps/lib/unfolding.0.9.7-uscd.jar
Launcher Type: SUN_STANDARD

Environment Variables:
PATH=/usr/bin:/bin:/usr/sbin:/sbin
SHELL=/bin/bash

Signal Handlers:
SIGSEGV: [libjvm.dylib+0x5a6855], sa_mask[0]=11111111011111110111111111111111, sa_flags=SA_ONSTACK|SA_RESTART|SA_SIGINFO
SIGBUS: [libjvm.dylib+0x5a6855], sa_mask[0]=11111111011111110111111111111111, sa_flags=SA_RESTART|SA_SIGINFO
SIGFPE: [libjvm.dylib+0x4804ec], sa_mask[0]=11111111011111110111111111111111, sa_flags=SA_RESTART|SA_SIGINFO
SIGPIPE: [libjvm.dylib+0x4804ec], sa_mask[0]=11111111011111110111111111111111, sa_flags=SA_RESTART|SA_SIGINFO
SIGXFSZ: [libjvm.dylib+0x4804ec], sa_mask[0]=11111111011111110111111111111111, sa_flags=SA_RESTART|SA_SIGINFO
SIGILL: [libjvm.dylib+0x4804ec], sa_mask[0]=11111111011111110111111111111111, sa_flags=SA_RESTART|SA_SIGINFO
SIGUSR1: SIG_DFL, sa_mask[0]=00000000000000000000000000000000, sa_flags=none
SIGUSR2: [libjvm.dylib+0x48000a], sa_mask[0]=00100000000000000000000000000000, sa_flags=SA_RESTART|SA_SIGINFO
SIGHUP: [libjvm.dylib+0x47e5e1], sa_mask[0]=11111111011111110111111111111111, sa_flags=SA_RESTART|SA_SIGINFO
SIGINT: [libjvm.dylib+0x47e5e1], sa_mask[0]=11111111011111110111111111111111, sa_flags=SA_RESTART|SA_SIGINFO
SIGTERM: [libjvm.dylib+0x47e5e1], sa_mask[0]=11111111011111110111111111111111, sa_flags=SA_RESTART|SA_SIGINFO
SIGQUIT: [libjvm.dylib+0x47e5e1], sa_mask[0]=11111111011111110111111111111111, sa_flags=SA_RESTART|SA_SIGINFO


---------------  S Y S T E M  ---------------

OS:Bsduname:Darwin 15.5.0 Darwin Kernel Version 15.5.0: Tue Apr 19 18:36:36 PDT 2016; root:xnu-3248.50.21~8/RELEASE_X86_64 x86_64
rlimit: STACK 8192k, CORE 0k, NPROC 709, NOFILE 10240, AS infinity
load average:1.69 1.36 1.22

CPU:total 4 (2 cores per cpu, 2 threads per core) family 6 model 61 stepping 4, cmov, cx8, fxsr, mmx, sse, sse2, sse3, ssse3, sse4.1, sse4.2, popcnt, avx, avx2, aes, clmul, erms, 3dnowpref, lzcnt, ht, tsc, tscinvbit, bmi1, bmi2, adx

Memory: 4k page, physical 8388608k(2011300k free)

/proc/meminfo:


vm_info: Java HotSpot(TM) 64-Bit Server VM (25.77-b03) for bsd-amd64 JRE (1.8.0_77-b03), built on Mar 20 2016 22:14:03 by "java_re" with gcc 4.2.1 (Based on Apple Inc. build 5658) (LLVM build 2336.11.00)

time: Mon Jul 18 13:31:19 2016
elapsed time: 30 seconds (0d 0h 0m 30s)

