#
# A fatal error has been detected by the Java Runtime Environment:
#
#  SIGSEGV (0xb) at pc=0x00007fff908d64dd, pid=674, tid=2571
#
# JRE version: Java(TM) SE Runtime Environment (8.0_77-b03) (build 1.8.0_77-b03)
# Java VM: Java HotSpot(TM) 64-Bit Server VM (25.77-b03 mixed mode bsd-amd64 compressed oops)
# Problematic frame:
# C  [libobjc.A.dylib+0x14dd]  objc_msgSend+0x1d
#
# Failed to write core dump. Core dumps have been disabled. To enable core dumping, try "ulimit -c unlimited" before starting Java again
#
# If you would like to submit a bug report, please visit:
#   http://bugreport.java.com/bugreport/crash.jsp
# The crash happened outside the Java Virtual Machine in native code.
# See problematic frame for where to report the bug.
#

---------------  T H R E A D  ---------------

Current thread (0x00007fbed20e6000):  JavaThread "AWT-AppKit" daemon [_thread_in_native, id=2571, stack(0x00007fff594da000,0x00007fff59cda000)]

siginfo: si_signo: 11 (SIGSEGV), si_code: 1 (SEGV_MAPERR), si_addr: 0x0000000000000018

Registers:
RAX=0x00007fbed530ecb0, RBX=0x0000000175d6c450, RCX=0x00000001200bafa0, RDX=0x00000001200ba040
RSP=0x00007fff59cd53a8, RBP=0x00007fff59cd5460, RSI=0x00007fff98ebfcde, RDI=0x00007fbed5228990
R8 =0x0000000000000000, R9 =0x00000000000008b0, R10=0x00007fff98ebfcde, R11=0x0000000000000000
R12=0x0000000000000000, R13=0x000000017a0ce608, R14=0x0000000175d6c440, R15=0x00007fbed20e6000
RIP=0x00007fff908d64dd, EFLAGS=0x0000000000010246, ERR=0x0000000000000004
  TRAPNO=0x000000000000000e

Top of Stack: (sp=0x00007fff59cd53a8)
0x00007fff59cd53a8:   0000000175d6a157 00007fff59cd5400
0x00007fff59cd53b8:   0000000000000003 00007fff59cd53e0
0x00007fff59cd53c8:   0000000106bf0b02 000000017a0ce608
0x00007fff59cd53d8:   000000017a0ce608 00007fbed530ecb0
0x00007fff59cd53e8:   0000000175d6c6a0 0000000175d6c710
0x00007fff59cd53f8:   00007fff76f42770 00007fff77f67500
0x00007fff59cd5408:   0000000175d6c450 0000000175d6c690
0x00007fff59cd5418:   00007fbed530ecb0 00007fbed5228990
0x00007fff59cd5428:   00007fbed51c5310 00007fbed530ecb0
0x00007fff59cd5438:   00007fbed5228990 00007fff59cd54e8
0x00007fff59cd5448:   00007fbed20e61f8 000000017a0ce608
0x00007fff59cd5458:   00007fff59cd5510 00007fff59cd54d8
0x00007fff59cd5468:   00000001079d9954 000000017a0ce608
0x00007fff59cd5478:   00007fff59cd5510 00007fff59cd54d8
0x00007fff59cd5488:   00000001079d96e7 00000001079d96a2
0x00007fff59cd5498:   00007fff59cd5498 000000017a0ce608
0x00007fff59cd54a8:   00007fff59cd5510 000000017a0d1240
0x00007fff59cd54b8:   0000000000000000 000000017a0ce608
0x00007fff59cd54c8:   0000000000000000 00007fff59cd54f8
0x00007fff59cd54d8:   00007fff59cd5558 00000001079cbc4d
0x00007fff59cd54e8:   00000007404bda80 00000001079d3578
0x00007fff59cd54f8:   00007fbed530ecb0 00007fff59cd5558
0x00007fff59cd5508:   00007fbed5228990 00000001079d4d82
0x00007fff59cd5518:   00007fff59cd5518 000000017a0ce7d2
0x00007fff59cd5528:   00007fff59cd5580 000000017a0d1240
0x00007fff59cd5538:   0000000000000000 000000017a0ce7e0
0x00007fff59cd5548:   00007fff59cd54f8 00007fff59cd5568
0x00007fff59cd5558:   00007fff59cd55c8 00000001079cbc4d
0x00007fff59cd5568:   00007fbed530ecb0 0000000740087620
0x00007fff59cd5578:   00007fbed5228990 0000000740087620
0x00007fff59cd5588:   00007fff59cd5588 000000017bcd1e86
0x00007fff59cd5598:   00007fff59cd55d8 000000017bcd1f40 

Instructions: (pc=0x00007fff908d64dd)
0x00007fff908d64bd:   44 00 00 48 85 ff 2e 74 62 40 f6 c7 01 2e 75 66
0x00007fff908d64cd:   49 bb f8 ff ff ff ff 7f 00 00 4c 23 1f 49 89 f2
0x00007fff908d64dd:   45 23 53 18 49 c1 e2 04 4d 03 53 10 49 3b 32 75
0x00007fff908d64ed:   04 41 ff 62 08 49 83 3a 01 76 0d 49 83 c2 10 49 

Register to memory mapping:

RAX=0x00007fbed530ecb0 is an unknown value
RBX=0x0000000175d6c450: Java_jogamp_nativewindow_macosx_OSXUtil_GetScreenRefreshRate0+0x1cf0 in /private/var/folders/6q/r8y5zkh55h99sgy_lbth35yr0000gn/T/jogamp_0000/file_cache/jln4668427780585324358/jln3845730839099764411/libnativewindow_macosx.jnilib at 0x0000000175d65000
RCX=0x00000001200bafa0 is an unknown value
RDX=0x00000001200ba040 is an unknown value
RSP=0x00007fff59cd53a8 is pointing into the stack for thread: 0x00007fbed20e6000
RBP=0x00007fff59cd5460 is pointing into the stack for thread: 0x00007fbed20e6000
RSI=0x00007fff98ebfcde is an unknown value
RDI=0x00007fbed5228990 is an unknown value
R8 =0x0000000000000000 is an unknown value
R9 =0x00000000000008b0 is an unknown value
R10=0x00007fff98ebfcde is an unknown value
R11=0x0000000000000000 is an unknown value
R12=0x0000000000000000 is an unknown value
R13={method} {0x000000017a0ce608} 'UnsetJAWTRootSurfaceLayer0' '(JJ)V' in 'jogamp/nativewindow/jawt/macosx/MacOSXJAWTWindow'
R14=0x0000000175d6c440: Java_jogamp_nativewindow_macosx_OSXUtil_GetScreenRefreshRate0+0x1ce0 in /private/var/folders/6q/r8y5zkh55h99sgy_lbth35yr0000gn/T/jogamp_0000/file_cache/jln4668427780585324358/jln3845730839099764411/libnativewindow_macosx.jnilib at 0x0000000175d65000
R15=0x00007fbed20e6000 is a thread


Stack: [0x00007fff594da000,0x00007fff59cda000],  sp=0x00007fff59cd53a8,  free space=8172k
Native frames: (J=compiled Java code, j=interpreted, Vv=VM code, C=native code)
C  [libobjc.A.dylib+0x14dd]  objc_msgSend+0x1d
j  jogamp.nativewindow.jawt.macosx.MacOSXJAWTWindow.UnsetJAWTRootSurfaceLayer0(JJ)V+0
j  jogamp.nativewindow.jawt.macosx.MacOSXJAWTWindow.access$200(JJ)V+2
j  jogamp.nativewindow.jawt.macosx.MacOSXJAWTWindow$1.run()V+38
J 1880 C1 com.jogamp.common.util.RunnableTask.run()V (345 bytes) @ 0x0000000108048a94 [0x0000000108048900+0x194]
v  ~StubRoutines::call_stub
V  [libjvm.dylib+0x2ea39e]  JavaCalls::call_helper(JavaValue*, methodHandle*, JavaCallArguments*, Thread*)+0x6ae
V  [libjvm.dylib+0x3214a7]  jni_invoke_nonstatic(JNIEnv_*, JavaValue*, _jobject*, JNICallType, _jmethodID*, JNI_ArgumentPusher*, Thread*)+0x2ec
V  [libjvm.dylib+0x313c7b]  jni_CallVoidMethod+0x16b
C  [libnativewindow_macosx.jnilib+0x5326]  Java_jogamp_nativewindow_jawt_macosx_MacOSXJAWTWindow_UnsetJAWTRootSurfaceLayer0+0x2b6
C  [Foundation+0x76fde]  __NSThreadPerformPerform+0x117
C  [CoreFoundation+0xaa881]  __CFRUNLOOP_IS_CALLING_OUT_TO_A_SOURCE0_PERFORM_FUNCTION__+0x11
C  [CoreFoundation+0x89fbc]  __CFRunLoopDoSources0+0x22c
C  [CoreFoundation+0x894df]  __CFRunLoopRun+0x39f
C  [CoreFoundation+0x88ed8]  CFRunLoopRunSpecific+0x128
C  [HIToolbox+0x30935]  RunCurrentEventLoopInMode+0xeb
C  [HIToolbox+0x30677]  ReceiveNextEventCommon+0xb8
C  [HIToolbox+0x305af]  _BlockUntilNextEventMatchingListInModeWithFilter+0x47
C  [AppKit+0x48df6]  _DPSNextEvent+0x42b
C  [AppKit+0x48226]  -[NSApplication _nextEventMatchingEventMask:untilDate:inMode:dequeue:]+0x1c6
C  [libosxapp.dylib+0x23aa]  -[NSApplicationAWT nextEventMatchingMask:untilDate:inMode:dequeue:]+0x7c
C  [AppKit+0x3cd80]  -[NSApplication run]+0x2aa
C  [libosxapp.dylib+0x214d]  +[NSApplicationAWT runAWTLoopWithApp:]+0x9c
C  [libawt_lwawt.dylib+0x4455b]  -[AWTStarter starter:]+0x389
C  [Foundation+0x76fde]  __NSThreadPerformPerform+0x117
C  [CoreFoundation+0xaa881]  __CFRUNLOOP_IS_CALLING_OUT_TO_A_SOURCE0_PERFORM_FUNCTION__+0x11
C  [CoreFoundation+0x89fbc]  __CFRunLoopDoSources0+0x22c
C  [CoreFoundation+0x894df]  __CFRunLoopRun+0x39f
C  [CoreFoundation+0x88ed8]  CFRunLoopRunSpecific+0x128
C  [java+0x6463]  CreateExecutionEnvironment+0x367
C  [java+0x21ac]  JLI_Launch+0x7a0
C  [java+0x84c0]  main+0x65
C  [java+0x1a04]  start+0x34
C  0x0000000000000007

Java frames: (J=compiled Java code, j=interpreted, Vv=VM code)
j  jogamp.nativewindow.jawt.macosx.MacOSXJAWTWindow.UnsetJAWTRootSurfaceLayer0(JJ)V+0
j  jogamp.nativewindow.jawt.macosx.MacOSXJAWTWindow.access$200(JJ)V+2
j  jogamp.nativewindow.jawt.macosx.MacOSXJAWTWindow$1.run()V+38
J 1880 C1 com.jogamp.common.util.RunnableTask.run()V (345 bytes) @ 0x0000000108048a94 [0x0000000108048900+0x194]
v  ~StubRoutines::call_stub

---------------  P R O C E S S  ---------------

Java Threads: ( => current thread )
  0x00007fbed20eb800 JavaThread "Thread-93" [_thread_blocked, id=66567, stack(0x00007000010cd000,0x00007000011cd000)]
  0x00007fbed139f800 JavaThread "AWT-EventQueue-1" [_thread_in_native, id=59963, stack(0x00007000018eb000,0x00007000019eb000)]
  0x00007fbed2008000 JavaThread "DestroyJavaVM" [_thread_blocked, id=5891, stack(0x000070000011a000,0x000070000021a000)]
  0x00007fbed11de000 JavaThread "AWT-EventQueue-0" [_thread_blocked, id=56835, stack(0x00007000016e5000,0x00007000017e5000)]
  0x00007fbed1188800 JavaThread "Java2D Disposer" daemon [_thread_blocked, id=51475, stack(0x000070000145c000,0x000070000155c000)]
  0x00007fbed1178800 JavaThread "Java2D Queue Flusher" daemon [_thread_blocked, id=50439, stack(0x0000700001359000,0x0000700001459000)]
  0x00007fbed1970000 JavaThread "AWT-Shutdown" [_thread_blocked, id=29971, stack(0x00007000011d3000,0x00007000012d3000)]
=>0x00007fbed20e6000 JavaThread "AWT-AppKit" daemon [_thread_in_native, id=2571, stack(0x00007fff594da000,0x00007fff59cda000)]
  0x00007fbed2040000 JavaThread "Service Thread" daemon [_thread_blocked, id=18947, stack(0x0000700000ec7000,0x0000700000fc7000)]
  0x00007fbed104f800 JavaThread "C1 CompilerThread2" daemon [_thread_in_native, id=18435, stack(0x0000700000dc4000,0x0000700000ec4000)]
  0x00007fbed104e800 JavaThread "C2 CompilerThread1" daemon [_thread_blocked, id=17923, stack(0x0000700000cc1000,0x0000700000dc1000)]
  0x00007fbed104d000 JavaThread "C2 CompilerThread0" daemon [_thread_blocked, id=17411, stack(0x0000700000bbe000,0x0000700000cbe000)]
  0x00007fbed1004000 JavaThread "Signal Dispatcher" daemon [_thread_blocked, id=16663, stack(0x0000700000abb000,0x0000700000bbb000)]
  0x00007fbed2808800 JavaThread "Finalizer" daemon [_thread_blocked, id=12291, stack(0x000070000082f000,0x000070000092f000)]
  0x00007fbed1805800 JavaThread "Reference Handler" daemon [_thread_blocked, id=11779, stack(0x000070000072c000,0x000070000082c000)]

Other Threads:
  0x00007fbed1040800 VMThread [stack: 0x0000700000629000,0x0000700000729000] [id=11267]
  0x00007fbed2012000 WatcherThread [stack: 0x0000700000fca000,0x00007000010ca000] [id=19459]

VM state:not at safepoint (normal execution)

VM Mutex/Monitor currently owned by a thread:  ([mutex/lock_event])
[0x00007fbed0e06670] CodeCache_lock - owner thread: 0x00007fbed104f800
[0x00007fbed0e07cf0] Compile_lock - owner thread: 0x00007fbed104f800
[0x00007fbed0e07df0] MethodCompileQueue_lock - owner thread: 0x00007fbed104f800

Heap:
 PSYoungGen      total 58368K, used 49789K [0x0000000795580000, 0x000000079ab00000, 0x00000007c0000000)
  eden space 57856K, 85% used [0x0000000795580000,0x000000079860f560,0x0000000798e00000)
  from space 512K, 12% used [0x0000000798f80000,0x0000000798f90000,0x0000000799000000)
  to   space 14848K, 0% used [0x0000000799c80000,0x0000000799c80000,0x000000079ab00000)
 ParOldGen       total 87552K, used 36796K [0x0000000740000000, 0x0000000745580000, 0x0000000795580000)
  object space 87552K, 42% used [0x0000000740000000,0x00000007423ef0f8,0x0000000745580000)
 Metaspace       used 19329K, capacity 19575K, committed 19712K, reserved 1067008K
  class space    used 1883K, capacity 1954K, committed 2048K, reserved 1048576K

Card table byte_map: [0x0000000116d84000,0x0000000117185000] byte_map_base: 0x0000000113384000

Marking Bits: (ParMarkBitMap*) 0x00000001072e3ea0
 Begin Bits: [0x0000000117430000, 0x0000000119430000)
 End Bits:   [0x0000000119430000, 0x000000011b430000)

Polling page: 0x00000001061db000

CodeCache: size=245760Kb used=7453Kb max_used=7453Kb free=238306Kb
 bounds [0x00000001079c4000, 0x0000000108124000, 0x00000001169c4000]
 total_blobs=3012 nmethods=2130 adapters=794
 compilation: enabled

Compilation events (10 events):
Event: 49.690 Thread 0x00007fbed104e800 nmethod 2402 0x00000001080fb5d0 code [0x00000001080fb720, 0x00000001080fb858]
Event: 49.704 Thread 0x00007fbed104e800 2403       4       jogamp.opengl.GLDrawableImpl::lockSurface (103 bytes)
Event: 49.705 Thread 0x00007fbed104e800 nmethod 2403 0x00000001081071d0 code [0x0000000108107320, 0x0000000108107408]
Event: 49.719 Thread 0x00007fbed104e800 2404       4       jogamp.nativewindow.jawt.macosx.MacOSXJAWTWindow::getSurfaceHandle (19 bytes)
Event: 49.719 Thread 0x00007fbed104e800 nmethod 2404 0x0000000108107550 code [0x00000001081076a0, 0x0000000108107738]
Event: 49.740 Thread 0x00007fbed104d000 nmethod 2401 0x000000010810aad0 code [0x000000010810ad20, 0x000000010810c8e8]
Event: 50.780 Thread 0x00007fbed104e800 2405       4       javax.media.opengl.GLContext::getCurrent (10 bytes)
Event: 50.782 Thread 0x00007fbed104e800 nmethod 2405 0x0000000108104910 code [0x0000000108104a80, 0x0000000108104bf8]
Event: 50.782 Thread 0x00007fbed104f800 2406   !   3       sun.lwawt.LWComponentPeer::isShowing (49 bytes)
Event: 50.783 Thread 0x00007fbed104f800 nmethod 2406 0x0000000108105610 code [0x00000001081057c0, 0x00000001081060a8]

GC Heap History (10 events):
Event: 9.481 GC heap before
{Heap before GC invocations=5 (full 0):
 PSYoungGen      total 71680K, used 71494K [0x0000000795580000, 0x000000079a080000, 0x00000007c0000000)
  eden space 66560K, 99% used [0x0000000795580000,0x0000000799674c28,0x0000000799680000)
  from space 5120K, 97% used [0x0000000799b80000,0x000000079a05ccb0,0x000000079a080000)
  to   space 5120K, 0% used [0x0000000799680000,0x0000000799680000,0x0000000799b80000)
 ParOldGen       total 87552K, used 19464K [0x0000000740000000, 0x0000000745580000, 0x0000000795580000)
  object space 87552K, 22% used [0x0000000740000000,0x0000000741302148,0x0000000745580000)
 Metaspace       used 19020K, capacity 19223K, committed 19456K, reserved 1067008K
  class space    used 1860K, capacity 1922K, committed 2048K, reserved 1048576K
Event: 9.489 GC heap after
Heap after GC invocations=5 (full 0):
 PSYoungGen      total 69632K, used 5075K [0x0000000795580000, 0x000000079b280000, 0x00000007c0000000)
  eden space 64512K, 0% used [0x0000000795580000,0x0000000795580000,0x0000000799480000)
  from space 5120K, 99% used [0x0000000799680000,0x0000000799b74cb0,0x0000000799b80000)
  to   space 15360K, 0% used [0x000000079a380000,0x000000079a380000,0x000000079b280000)
 ParOldGen       total 87552K, used 26384K [0x0000000740000000, 0x0000000745580000, 0x0000000795580000)
  object space 87552K, 30% used [0x0000000740000000,0x00000007419c42f8,0x0000000745580000)
 Metaspace       used 19020K, capacity 19223K, committed 19456K, reserved 1067008K
  class space    used 1860K, capacity 1922K, committed 2048K, reserved 1048576K
}
Event: 13.871 GC heap before
{Heap before GC invocations=6 (full 0):
 PSYoungGen      total 69632K, used 69587K [0x0000000795580000, 0x000000079b280000, 0x00000007c0000000)
  eden space 64512K, 100% used [0x0000000795580000,0x0000000799480000,0x0000000799480000)
  from space 5120K, 99% used [0x0000000799680000,0x0000000799b74cb0,0x0000000799b80000)
  to   space 15360K, 0% used [0x000000079a380000,0x000000079a380000,0x000000079b280000)
 ParOldGen       total 87552K, used 26384K [0x0000000740000000, 0x0000000745580000, 0x0000000795580000)
  object space 87552K, 30% used [0x0000000740000000,0x00000007419c42f8,0x0000000745580000)
 Metaspace       used 19234K, capacity 19511K, committed 19712K, reserved 1067008K
  class space    used 1874K, capacity 1954K, committed 2048K, reserved 1048576K
Event: 13.879 GC heap after
Heap after GC invocations=6 (full 0):
 PSYoungGen      total 75776K, used 10451K [0x0000000795580000, 0x000000079b080000, 0x00000007c0000000)
  eden space 62464K, 0% used [0x0000000795580000,0x0000000795580000,0x0000000799280000)
  from space 13312K, 78% used [0x000000079a380000,0x000000079adb4e00,0x000000079b080000)
  to   space 15360K, 0% used [0x0000000799280000,0x0000000799280000,0x000000079a180000)
 ParOldGen       total 87552K, used 26392K [0x0000000740000000, 0x0000000745580000, 0x0000000795580000)
  object space 87552K, 30% used [0x0000000740000000,0x00000007419c62f8,0x0000000745580000)
 Metaspace       used 19234K, capacity 19511K, committed 19712K, reserved 1067008K
  class space    used 1874K, capacity 1954K, committed 2048K, reserved 1048576K
}
Event: 23.829 GC heap before
{Heap before GC invocations=7 (full 0):
 PSYoungGen      total 75776K, used 72915K [0x0000000795580000, 0x000000079b080000, 0x00000007c0000000)
  eden space 62464K, 100% used [0x0000000795580000,0x0000000799280000,0x0000000799280000)
  from space 13312K, 78% used [0x000000079a380000,0x000000079adb4e00,0x000000079b080000)
  to   space 15360K, 0% used [0x0000000799280000,0x0000000799280000,0x000000079a180000)
 ParOldGen       total 87552K, used 26392K [0x0000000740000000, 0x0000000745580000, 0x0000000795580000)
  object space 87552K, 30% used [0x0000000740000000,0x00000007419c62f8,0x0000000745580000)
 Metaspace       used 19244K, capacity 19511K, committed 19712K, reserved 1067008K
  class space    used 1874K, capacity 1954K, committed 2048K, reserved 1048576K
Event: 23.839 GC heap after
Heap after GC invocations=7 (full 0):
 PSYoungGen      total 69120K, used 8160K [0x0000000795580000, 0x000000079ae00000, 0x00000007c0000000)
  eden space 60928K, 0% used [0x0000000795580000,0x0000000795580000,0x0000000799100000)
  from space 8192K, 99% used [0x0000000799280000,0x0000000799a781f0,0x0000000799a80000)
  to   space 14848K, 0% used [0x0000000799f80000,0x0000000799f80000,0x000000079ae00000)
 ParOldGen       total 87552K, used 28667K [0x0000000740000000, 0x0000000745580000, 0x0000000795580000)
  object space 87552K, 32% used [0x0000000740000000,0x0000000741bfef08,0x0000000745580000)
 Metaspace       used 19244K, capacity 19511K, committed 19712K, reserved 1067008K
  class space    used 1874K, capacity 1954K, committed 2048K, reserved 1048576K
}
Event: 33.595 GC heap before
{Heap before GC invocations=8 (full 0):
 PSYoungGen      total 69120K, used 69088K [0x0000000795580000, 0x000000079ae00000, 0x00000007c0000000)
  eden space 60928K, 100% used [0x0000000795580000,0x0000000799100000,0x0000000799100000)
  from space 8192K, 99% used [0x0000000799280000,0x0000000799a781f0,0x0000000799a80000)
  to   space 14848K, 0% used [0x0000000799f80000,0x0000000799f80000,0x000000079ae00000)
 ParOldGen       total 87552K, used 28667K [0x0000000740000000, 0x0000000745580000, 0x0000000795580000)
  object space 87552K, 32% used [0x0000000740000000,0x0000000741bfef08,0x0000000745580000)
 Metaspace       used 19246K, capacity 19511K, committed 19712K, reserved 1067008K
  class space    used 1875K, capacity 1954K, committed 2048K, reserved 1048576K
Event: 33.602 GC heap after
Heap after GC invocations=8 (full 0):
 PSYoungGen      total 71680K, used 7392K [0x0000000795580000, 0x000000079ab80000, 0x00000007c0000000)
  eden space 59392K, 0% used [0x0000000795580000,0x0000000795580000,0x0000000798f80000)
  from space 12288K, 60% used [0x0000000799f80000,0x000000079a6b81c0,0x000000079ab80000)
  to   space 14336K, 0% used [0x0000000798f80000,0x0000000798f80000,0x0000000799d80000)
 ParOldGen       total 87552K, used 29515K [0x0000000740000000, 0x0000000745580000, 0x0000000795580000)
  object space 87552K, 33% used [0x0000000740000000,0x0000000741cd2f38,0x0000000745580000)
 Metaspace       used 19246K, capacity 19511K, committed 19712K, reserved 1067008K
  class space    used 1875K, capacity 1954K, committed 2048K, reserved 1048576K
}
Event: 43.131 GC heap before
{Heap before GC invocations=9 (full 0):
 PSYoungGen      total 71680K, used 66784K [0x0000000795580000, 0x000000079ab80000, 0x00000007c0000000)
  eden space 59392K, 100% used [0x0000000795580000,0x0000000798f80000,0x0000000798f80000)
  from space 12288K, 60% used [0x0000000799f80000,0x000000079a6b81c0,0x000000079ab80000)
  to   space 14336K, 0% used [0x0000000798f80000,0x0000000798f80000,0x0000000799d80000)
 ParOldGen       total 87552K, used 29515K [0x0000000740000000, 0x0000000745580000, 0x0000000795580000)
  object space 87552K, 33% used [0x0000000740000000,0x0000000741cd2f38,0x0000000745580000)
 Metaspace       used 19246K, capacity 19511K, committed 19712K, reserved 1067008K
  class space    used 1875K, capacity 1954K, committed 2048K, reserved 1048576K
Event: 43.136 GC heap after
Heap after GC invocations=9 (full 0):
 PSYoungGen      total 58368K, used 64K [0x0000000795580000, 0x000000079ab00000, 0x00000007c0000000)
  eden space 57856K, 0% used [0x0000000795580000,0x0000000795580000,0x0000000798e00000)
  from space 512K, 12% used [0x0000000798f80000,0x0000000798f90000,0x0000000799000000)
  to   space 14848K, 0% used [0x0000000799c80000,0x0000000799c80000,0x000000079ab00000)
 ParOldGen       total 87552K, used 36796K [0x0000000740000000, 0x0000000745580000, 0x0000000795580000)
  object space 87552K, 42% used [0x0000000740000000,0x00000007423ef0f8,0x0000000745580000)
 Metaspace       used 19246K, capacity 19511K, committed 19712K, reserved 1067008K
  class space    used 1875K, capacity 1954K, committed 2048K, reserved 1048576K
}

Deoptimization events (10 events):
Event: 50.741 Thread 0x00007fbed139f800 Uncommon trap: reason=unstable_if action=reinterpret pc=0x0000000107e78228 method=com.jogamp.common.util.VersionNumber.compareTo(Lcom/jogamp/common/util/VersionNumber;)I @ 21
Event: 50.741 Thread 0x00007fbed11de000 Uncommon trap: reason=unstable_if action=reinterpret pc=0x000000010810beb8 method=sun.lwawt.LWContainerPeer.cutChildren(Lsun/java2d/pipe/Region;Lsun/lwawt/LWComponentPeer;)Lsun/java2d/pipe/Region; @ 67
Event: 50.742 Thread 0x00007fbed11de000 Uncommon trap: reason=unstable_if action=reinterpret pc=0x0000000107ea97cc method=java.lang.Math.round(D)J @ 31
Event: 50.742 Thread 0x00007fbed11de000 Uncommon trap: reason=unstable_if action=reinterpret pc=0x0000000107eaa22c method=sun.java2d.SunGraphics2D.validateCompClip()V @ 9
Event: 50.742 Thread 0x00007fbed139f800 Uncommon trap: reason=unstable_if action=reinterpret pc=0x0000000107ddd384 method=java.awt.EventQueue.uncacheEQItem(Lsun/awt/EventQueueItem;)V @ 23
Event: 50.744 Thread 0x00007fbed11de000 Uncommon trap: reason=unstable_if action=reinterpret pc=0x00000001080eccdc method=sun.java2d.pipe.Region.intersectsQuickCheck(Lsun/java2d/pipe/Region;)Z @ 41
Event: 50.772 Thread 0x00007fbed1189800 Uncommon trap: reason=class_check action=maybe_recompile pc=0x0000000107f2a824 method=java.util.HashMap.putVal(ILjava/lang/Object;Ljava/lang/Object;ZZ)Ljava/lang/Object; @ 91
Event: 50.772 Thread 0x00007fbed1189800 Uncommon trap: reason=class_check action=maybe_recompile pc=0x0000000107f2a824 method=java.util.HashMap.putVal(ILjava/lang/Object;Ljava/lang/Object;ZZ)Ljava/lang/Object; @ 91
Event: 50.772 Thread 0x00007fbed1189800 Uncommon trap: reason=class_check action=maybe_recompile pc=0x0000000107f2a824 method=java.util.HashMap.putVal(ILjava/lang/Object;Ljava/lang/Object;ZZ)Ljava/lang/Object; @ 91
Event: 50.772 Thread 0x00007fbed1189800 Uncommon trap: reason=class_check action=maybe_recompile pc=0x0000000107f2a824 method=java.util.HashMap.putVal(ILjava/lang/Object;Ljava/lang/Object;ZZ)Ljava/lang/Object; @ 91

Internal exceptions (10 events):
Event: 0.179 Thread 0x00007fbed2008000 Exception <a 'java/lang/NoSuchFieldError': method resolution failed> (0x0000000795785e60) thrown at [/Users/java_re/workspace/8-2-build-macosx-x86_64/jdk8u77/6540/hotspot/src/share/vm/prims/methodHandles.cpp, line 1146]
Event: 0.182 Thread 0x00007fbed2008000 Exception <a 'java/lang/NoSuchFieldError': method resolution failed> (0x0000000795793630) thrown at [/Users/java_re/workspace/8-2-build-macosx-x86_64/jdk8u77/6540/hotspot/src/share/vm/prims/methodHandles.cpp, line 1146]
Event: 0.379 Thread 0x00007fbed2008000 Exception <a 'java/io/FileNotFoundException'> (0x000000079580f428) thrown at [/Users/java_re/workspace/8-2-build-macosx-x86_64/jdk8u77/6540/hotspot/src/share/vm/prims/jni.cpp, line 709]
Event: 0.379 Thread 0x00007fbed2008000 Exception <a 'java/io/FileNotFoundException'> (0x000000079580ff50) thrown at [/Users/java_re/workspace/8-2-build-macosx-x86_64/jdk8u77/6540/hotspot/src/share/vm/prims/jni.cpp, line 709]
Event: 0.537 Thread 0x00007fbed2008000 Exception <a 'java/io/FileNotFoundException'> (0x000000079594bb10) thrown at [/Users/java_re/workspace/8-2-build-macosx-x86_64/jdk8u77/6540/hotspot/src/share/vm/prims/jni.cpp, line 709]
Event: 2.039 Thread 0x00007fbed1398000 Exception <a 'java/lang/UnsatisfiedLinkError': com.jogamp.common.util.JarUtil.fixNativeLibAttribs(Ljava/lang/String;)Z> (0x0000000796b645c0) thrown at [/Users/java_re/workspace/8-2-build-macosx-x86_64/jdk8u77/6540/hotspot/src/share/vm/prims/nativeLookup.c
Event: 2.432 Thread 0x00007fbed2808800 Exception <a 'java/lang/NullPointerException'> (0x00000007956a6db0) thrown at [/Users/java_re/workspace/8-2-build-macosx-x86_64/jdk8u77/6540/hotspot/src/share/vm/interpreter/linkResolver.cpp, line 1178]
Event: 3.083 Thread 0x00007fbed139f800 Exception <a 'java/io/FileNotFoundException'> (0x0000000795e5a860) thrown at [/Users/java_re/workspace/8-2-build-macosx-x86_64/jdk8u77/6540/hotspot/src/share/vm/prims/jni.cpp, line 709]
Event: 3.083 Thread 0x00007fbed139f800 Exception <a 'java/io/FileNotFoundException'> (0x0000000795e608a8) thrown at [/Users/java_re/workspace/8-2-build-macosx-x86_64/jdk8u77/6540/hotspot/src/share/vm/prims/jni.cpp, line 709]
Event: 3.084 Thread 0x00007fbed139f800 Implicit null exception at 0x0000000107b62435 to 0x0000000107b62799

Events (10 events):
Event: 50.780 loading class com/jogamp/nativewindow/awt/JAWTWindow$JAWTComponentListener$2
Event: 50.780 loading class com/jogamp/nativewindow/awt/JAWTWindow$JAWTComponentListener$2 done
Event: 50.782 loading class jogamp/nativewindow/jawt/macosx/MacOSXJAWTWindow$1
Event: 50.782 loading class jogamp/nativewindow/jawt/macosx/MacOSXJAWTWindow$1 done
Event: 50.783 loading class java/awt/LightweightDispatcher$2
Event: 50.783 loading class java/awt/LightweightDispatcher$2 done
Event: 50.783 loading class java/awt/event/AWTEventListenerProxy
Event: 50.783 loading class java/awt/event/AWTEventListenerProxy done
Event: 50.783 loading class java/awt/Toolkit$ToolkitEventMulticaster
Event: 50.783 loading class java/awt/Toolkit$ToolkitEventMulticaster done


Dynamic libraries:
0x0000000006a80000 	/System/Library/Frameworks/Cocoa.framework/Versions/A/Cocoa
0x0000000006a80000 	/System/Library/Frameworks/Security.framework/Versions/A/Security
0x0000000006a80000 	/System/Library/Frameworks/ApplicationServices.framework/Versions/A/ApplicationServices
0x0000000006a80000 	/usr/lib/libz.1.dylib
0x0000000006a80000 	/usr/lib/libSystem.B.dylib
0x0000000006a80000 	/usr/lib/libobjc.A.dylib
0x0000000006a80000 	/System/Library/Frameworks/CoreFoundation.framework/Versions/A/CoreFoundation
0x0000000006a80000 	/System/Library/Frameworks/Foundation.framework/Versions/C/Foundation
0x0000000006a80000 	/System/Library/Frameworks/AppKit.framework/Versions/C/AppKit
0x0000000006a80000 	/System/Library/Frameworks/CoreData.framework/Versions/A/CoreData
0x0000000006a80000 	/System/Library/PrivateFrameworks/RemoteViewServices.framework/Versions/A/RemoteViewServices
0x0000000006a80000 	/System/Library/PrivateFrameworks/UIFoundation.framework/Versions/A/UIFoundation
0x0000000006a80000 	/usr/lib/libScreenReader.dylib
0x0000000006a80000 	/System/Library/Frameworks/Accelerate.framework/Versions/A/Accelerate
0x0000000006a80000 	/System/Library/Frameworks/IOSurface.framework/Versions/A/IOSurface
0x0000000006a80000 	/System/Library/Frameworks/AudioToolbox.framework/Versions/A/AudioToolbox
0x0000000006a80000 	/System/Library/Frameworks/AudioUnit.framework/Versions/A/AudioUnit
0x0000000006a80000 	/System/Library/PrivateFrameworks/DataDetectorsCore.framework/Versions/A/DataDetectorsCore
0x0000000006a80000 	/System/Library/PrivateFrameworks/DesktopServicesPriv.framework/Versions/A/DesktopServicesPriv
0x0000000006a80000 	/System/Library/Frameworks/Carbon.framework/Versions/A/Frameworks/HIToolbox.framework/Versions/A/HIToolbox
0x0000000006a80000 	/System/Library/Frameworks/QuartzCore.framework/Versions/A/QuartzCore
0x0000000006a80000 	/System/Library/Frameworks/Carbon.framework/Versions/A/Frameworks/SpeechRecognition.framework/Versions/A/SpeechRecognition
0x0000000006a80000 	/usr/lib/libauto.dylib
0x0000000006a80000 	/usr/lib/libicucore.A.dylib
0x0000000006a80000 	/usr/lib/libxml2.2.dylib
0x0000000006a80000 	/System/Library/PrivateFrameworks/CoreUI.framework/Versions/A/CoreUI
0x0000000006a80000 	/System/Library/Frameworks/CoreAudio.framework/Versions/A/CoreAudio
0x0000000006a80000 	/System/Library/Frameworks/DiskArbitration.framework/Versions/A/DiskArbitration
0x0000000006a80000 	/usr/lib/liblangid.dylib
0x0000000006a80000 	/System/Library/PrivateFrameworks/MultitouchSupport.framework/Versions/A/MultitouchSupport
0x0000000006a80000 	/System/Library/Frameworks/IOKit.framework/Versions/A/IOKit
0x0000000006a80000 	/usr/lib/libDiagnosticMessagesClient.dylib
0x0000000006a80000 	/System/Library/Frameworks/CoreServices.framework/Versions/A/CoreServices
0x0000000006a80000 	/System/Library/PrivateFrameworks/PerformanceAnalysis.framework/Versions/A/PerformanceAnalysis
0x0000000006a80000 	/System/Library/PrivateFrameworks/GenerationalStorage.framework/Versions/A/GenerationalStorage
0x0000000006a80000 	/System/Library/Frameworks/OpenGL.framework/Versions/A/OpenGL
0x0000000006a80000 	/System/Library/PrivateFrameworks/Sharing.framework/Versions/A/Sharing
0x0000000006a80000 	/System/Library/Frameworks/CoreGraphics.framework/Versions/A/CoreGraphics
0x0000000006a80000 	/System/Library/Frameworks/CoreImage.framework/Versions/A/CoreImage
0x0000000006a80000 	/System/Library/Frameworks/CoreText.framework/Versions/A/CoreText
0x0000000006a80000 	/System/Library/Frameworks/ImageIO.framework/Versions/A/ImageIO
0x0000000006a80000 	/System/Library/PrivateFrameworks/Backup.framework/Versions/A/Backup
0x0000000006a80000 	/usr/lib/libextension.dylib
0x0000000006a80000 	/usr/lib/libarchive.2.dylib
0x0000000006a80000 	/System/Library/Frameworks/CFNetwork.framework/Versions/A/CFNetwork
0x0000000006a80000 	/System/Library/Frameworks/SystemConfiguration.framework/Versions/A/SystemConfiguration
0x0000000006a80000 	/usr/lib/libCRFSuite.dylib
0x0000000006a80000 	/usr/lib/libc++.1.dylib
0x0000000006a80000 	/usr/lib/libc++abi.dylib
0x0000000006a80000 	/usr/lib/system/libcache.dylib
0x0000000006a80000 	/usr/lib/system/libcommonCrypto.dylib
0x0000000006a80000 	/usr/lib/system/libcompiler_rt.dylib
0x0000000006a80000 	/usr/lib/system/libcopyfile.dylib
0x0000000006a80000 	/usr/lib/system/libcorecrypto.dylib
0x0000000006a80000 	/usr/lib/system/libdispatch.dylib
0x0000000006a80000 	/usr/lib/system/libdyld.dylib
0x0000000006a80000 	/usr/lib/system/libkeymgr.dylib
0x0000000006a80000 	/usr/lib/system/liblaunch.dylib
0x0000000006a80000 	/usr/lib/system/libmacho.dylib
0x0000000006a80000 	/usr/lib/system/libquarantine.dylib
0x0000000006a80000 	/usr/lib/system/libremovefile.dylib
0x0000000006a80000 	/usr/lib/system/libsystem_asl.dylib
0x0000000006a80000 	/usr/lib/system/libsystem_blocks.dylib
0x0000000006a80000 	/usr/lib/system/libsystem_c.dylib
0x0000000006a80000 	/usr/lib/system/libsystem_configuration.dylib
0x0000000006a80000 	/usr/lib/system/libsystem_coreservices.dylib
0x0000000006a80000 	/usr/lib/system/libsystem_coretls.dylib
0x0000000006a80000 	/usr/lib/system/libsystem_dnssd.dylib
0x0000000006a80000 	/usr/lib/system/libsystem_info.dylib
0x0000000006a80000 	/usr/lib/system/libsystem_kernel.dylib
0x0000000006a80000 	/usr/lib/system/libsystem_m.dylib
0x0000000006a80000 	/usr/lib/system/libsystem_malloc.dylib
0x0000000006a80000 	/usr/lib/system/libsystem_network.dylib
0x0000000006a80000 	/usr/lib/system/libsystem_networkextension.dylib
0x0000000006a80000 	/usr/lib/system/libsystem_notify.dylib
0x0000000006a80000 	/usr/lib/system/libsystem_platform.dylib
0x0000000006a80000 	/usr/lib/system/libsystem_pthread.dylib
0x0000000006a80000 	/usr/lib/system/libsystem_sandbox.dylib
0x0000000006a80000 	/usr/lib/system/libsystem_secinit.dylib
0x0000000006a80000 	/usr/lib/system/libsystem_trace.dylib
0x0000000006a80000 	/usr/lib/system/libunc.dylib
0x0000000006a80000 	/usr/lib/system/libunwind.dylib
0x0000000006a80000 	/usr/lib/system/libxpc.dylib
0x0000000006a80000 	/usr/lib/libenergytrace.dylib
0x0000000006a80000 	/usr/lib/libbsm.0.dylib
0x0000000006a80000 	/usr/lib/system/libkxld.dylib
0x0000000006a80000 	/usr/lib/libxar.1.dylib
0x0000000006a80000 	/usr/lib/libsqlite3.dylib
0x0000000006a80000 	/usr/lib/libpam.2.dylib
0x0000000006a80000 	/usr/lib/libOpenScriptingUtil.dylib
0x0000000006a80000 	/usr/lib/libbz2.1.0.dylib
0x0000000006a80000 	/usr/lib/liblzma.5.dylib
0x0000000006a80000 	/System/Library/Frameworks/CoreServices.framework/Versions/A/Frameworks/FSEvents.framework/Versions/A/FSEvents
0x0000000006a80000 	/System/Library/Frameworks/CoreServices.framework/Versions/A/Frameworks/CarbonCore.framework/Versions/A/CarbonCore
0x0000000006a80000 	/System/Library/Frameworks/CoreServices.framework/Versions/A/Frameworks/Metadata.framework/Versions/A/Metadata
0x0000000006a80000 	/System/Library/Frameworks/CoreServices.framework/Versions/A/Frameworks/OSServices.framework/Versions/A/OSServices
0x0000000006a80000 	/System/Library/Frameworks/CoreServices.framework/Versions/A/Frameworks/SearchKit.framework/Versions/A/SearchKit
0x0000000006a80000 	/System/Library/Frameworks/CoreServices.framework/Versions/A/Frameworks/AE.framework/Versions/A/AE
0x0000000006a80000 	/System/Library/Frameworks/CoreServices.framework/Versions/A/Frameworks/LaunchServices.framework/Versions/A/LaunchServices
0x0000000006a80000 	/System/Library/Frameworks/CoreServices.framework/Versions/A/Frameworks/DictionaryServices.framework/Versions/A/DictionaryServices
0x0000000006a80000 	/System/Library/Frameworks/CoreServices.framework/Versions/A/Frameworks/SharedFileList.framework/Versions/A/SharedFileList
0x0000000006a80000 	/System/Library/Frameworks/NetFS.framework/Versions/A/NetFS
0x0000000006a80000 	/System/Library/PrivateFrameworks/NetAuth.framework/Versions/A/NetAuth
0x0000000006a80000 	/System/Library/PrivateFrameworks/login.framework/Versions/A/Frameworks/loginsupport.framework/Versions/A/loginsupport
0x0000000006a80000 	/System/Library/PrivateFrameworks/TCC.framework/Versions/A/TCC
0x0000000006a80000 	/usr/lib/libmecabra.dylib
0x0000000006a80000 	/System/Library/Frameworks/ApplicationServices.framework/Versions/A/Frameworks/ATS.framework/Versions/A/ATS
0x0000000006a80000 	/System/Library/Frameworks/ApplicationServices.framework/Versions/A/Frameworks/ColorSync.framework/Versions/A/ColorSync
0x0000000006a80000 	/System/Library/Frameworks/ApplicationServices.framework/Versions/A/Frameworks/HIServices.framework/Versions/A/HIServices
0x0000000006a80000 	/System/Library/Frameworks/ApplicationServices.framework/Versions/A/Frameworks/LangAnalysis.framework/Versions/A/LangAnalysis
0x0000000006a80000 	/System/Library/Frameworks/ApplicationServices.framework/Versions/A/Frameworks/PrintCore.framework/Versions/A/PrintCore
0x0000000006a80000 	/System/Library/Frameworks/ApplicationServices.framework/Versions/A/Frameworks/QD.framework/Versions/A/QD
0x0000000006a80000 	/System/Library/Frameworks/ApplicationServices.framework/Versions/A/Frameworks/SpeechSynthesis.framework/Versions/A/SpeechSynthesis
0x0000000006a80000 	/System/Library/Frameworks/Metal.framework/Versions/A/Metal
0x0000000006a80000 	/System/Library/Frameworks/Accelerate.framework/Versions/A/Frameworks/vImage.framework/Versions/A/vImage
0x0000000006a80000 	/System/Library/Frameworks/Accelerate.framework/Versions/A/Frameworks/vecLib.framework/Versions/A/vecLib
0x0000000006a80000 	/System/Library/Frameworks/Accelerate.framework/Versions/A/Frameworks/vecLib.framework/Versions/A/libvDSP.dylib
0x0000000006a80000 	/System/Library/Frameworks/Accelerate.framework/Versions/A/Frameworks/vecLib.framework/Versions/A/libvMisc.dylib
0x0000000006a80000 	/System/Library/Frameworks/Accelerate.framework/Versions/A/Frameworks/vecLib.framework/Versions/A/libLAPACK.dylib
0x0000000006a80000 	/System/Library/Frameworks/Accelerate.framework/Versions/A/Frameworks/vecLib.framework/Versions/A/libBLAS.dylib
0x0000000006a80000 	/System/Library/Frameworks/Accelerate.framework/Versions/A/Frameworks/vecLib.framework/Versions/A/libLinearAlgebra.dylib
0x0000000006a80000 	/System/Library/Frameworks/Accelerate.framework/Versions/A/Frameworks/vecLib.framework/Versions/A/libSparseBLAS.dylib
0x0000000006a80000 	/System/Library/PrivateFrameworks/GPUCompiler.framework/libmetal_timestamp.dylib
0x0000000006a80000 	/System/Library/Frameworks/OpenGL.framework/Versions/A/Libraries/libCoreFSCache.dylib
0x0000000006a80000 	/System/Library/PrivateFrameworks/IOAccelerator.framework/Versions/A/IOAccelerator
0x0000000006a80000 	/System/Library/Frameworks/ApplicationServices.framework/Versions/A/Frameworks/ATS.framework/Versions/A/Resources/libFontParser.dylib
0x0000000006a80000 	/System/Library/Frameworks/ApplicationServices.framework/Versions/A/Frameworks/ATS.framework/Versions/A/Resources/libFontRegistry.dylib
0x0000000006a80000 	/System/Library/PrivateFrameworks/AppleVPA.framework/Versions/A/AppleVPA
0x0000000006a80000 	/System/Library/PrivateFrameworks/AppleJPEG.framework/Versions/A/AppleJPEG
0x0000000006a80000 	/System/Library/Frameworks/ImageIO.framework/Versions/A/Resources/libJPEG.dylib
0x0000000006a80000 	/System/Library/Frameworks/ImageIO.framework/Versions/A/Resources/libTIFF.dylib
0x0000000006a80000 	/System/Library/Frameworks/ImageIO.framework/Versions/A/Resources/libPng.dylib
0x0000000006a80000 	/System/Library/Frameworks/ImageIO.framework/Versions/A/Resources/libGIF.dylib
0x0000000006a80000 	/System/Library/Frameworks/ImageIO.framework/Versions/A/Resources/libJP2.dylib
0x0000000006a80000 	/System/Library/Frameworks/ImageIO.framework/Versions/A/Resources/libRadiance.dylib
0x0000000006a80000 	/System/Library/Frameworks/CoreVideo.framework/Versions/A/CoreVideo
0x0000000006a80000 	/System/Library/Frameworks/OpenGL.framework/Versions/A/Libraries/libGLU.dylib
0x0000000006a80000 	/System/Library/Frameworks/OpenGL.framework/Versions/A/Libraries/libGFXShared.dylib
0x0000000006a80000 	/System/Library/Frameworks/OpenGL.framework/Versions/A/Libraries/libGL.dylib
0x0000000006a80000 	/System/Library/Frameworks/OpenGL.framework/Versions/A/Libraries/libGLImage.dylib
0x0000000006a80000 	/System/Library/Frameworks/OpenGL.framework/Versions/A/Libraries/libCVMSPluginSupport.dylib
0x0000000006a80000 	/System/Library/Frameworks/OpenGL.framework/Versions/A/Libraries/libCoreVMClient.dylib
0x0000000006a80000 	/usr/lib/libcompression.dylib
0x0000000006a80000 	/usr/lib/libcups.2.dylib
0x0000000006a80000 	/System/Library/Frameworks/Kerberos.framework/Versions/A/Kerberos
0x0000000006a80000 	/System/Library/Frameworks/GSS.framework/Versions/A/GSS
0x0000000006a80000 	/usr/lib/libresolv.9.dylib
0x0000000006a80000 	/usr/lib/libiconv.2.dylib
0x0000000006a80000 	/System/Library/PrivateFrameworks/Heimdal.framework/Versions/A/Heimdal
0x0000000006a80000 	/usr/lib/libheimdal-asn1.dylib
0x0000000006a80000 	/System/Library/Frameworks/OpenDirectory.framework/Versions/A/OpenDirectory
0x0000000006a80000 	/System/Library/PrivateFrameworks/CommonAuth.framework/Versions/A/CommonAuth
0x0000000006a80000 	/System/Library/Frameworks/OpenDirectory.framework/Versions/A/Frameworks/CFOpenDirectory.framework/Versions/A/CFOpenDirectory
0x0000000006a80000 	/System/Library/Frameworks/SecurityFoundation.framework/Versions/A/SecurityFoundation
0x0000000006a80000 	/System/Library/PrivateFrameworks/LanguageModeling.framework/Versions/A/LanguageModeling
0x0000000006a80000 	/usr/lib/libmarisa.dylib
0x0000000006a80000 	/usr/lib/libChineseTokenizer.dylib
0x0000000006a80000 	/usr/lib/libcmph.dylib
0x0000000006a80000 	/System/Library/Frameworks/ServiceManagement.framework/Versions/A/ServiceManagement
0x0000000006a80000 	/usr/lib/libxslt.1.dylib
0x0000000006a80000 	/System/Library/Frameworks/Carbon.framework/Versions/A/Frameworks/Ink.framework/Versions/A/Ink
0x0000000006a80000 	/usr/lib/libFosl_dynamic.dylib
0x0000000006a80000 	/System/Library/PrivateFrameworks/FaceCore.framework/Versions/A/FaceCore
0x0000000006a80000 	/System/Library/Frameworks/OpenCL.framework/Versions/A/OpenCL
0x0000000006a80000 	/System/Library/PrivateFrameworks/CrashReporterSupport.framework/Versions/A/CrashReporterSupport
0x0000000006a80000 	/System/Library/PrivateFrameworks/IconServices.framework/Versions/A/IconServices
0x0000000006a80000 	/System/Library/PrivateFrameworks/Apple80211.framework/Versions/A/Apple80211
0x0000000006a80000 	/System/Library/Frameworks/CoreWLAN.framework/Versions/A/CoreWLAN
0x0000000006a80000 	/System/Library/Frameworks/IOBluetooth.framework/Versions/A/IOBluetooth
0x0000000006a80000 	/System/Library/PrivateFrameworks/CoreWiFi.framework/Versions/A/CoreWiFi
0x0000000006a80000 	/System/Library/Frameworks/CoreBluetooth.framework/Versions/A/CoreBluetooth
0x0000000006a80000 	/System/Library/PrivateFrameworks/ChunkingLibrary.framework/Versions/A/ChunkingLibrary
0x0000000006a80000 	/System/Library/PrivateFrameworks/DebugSymbols.framework/Versions/A/DebugSymbols
0x0000000006a80000 	/System/Library/PrivateFrameworks/CoreSymbolication.framework/Versions/A/CoreSymbolication
0x0000000006a80000 	/System/Library/PrivateFrameworks/Symbolication.framework/Versions/A/Symbolication
0x0000000006a80000 	/System/Library/PrivateFrameworks/SpeechRecognitionCore.framework/Versions/A/SpeechRecognitionCore
0x000000004b672000 	/System/Library/CoreServices/Encodings/libKoreanConverter.dylib
0x0000000106a00000 	/Library/Java/JavaVirtualMachines/jdk1.8.0_77.jdk/Contents/Home/jre/lib/server/libjvm.dylib
0x0000000006a80000 	/usr/lib/libstdc++.6.dylib
0x00000001061cd000 	/Library/Java/JavaVirtualMachines/jdk1.8.0_77.jdk/Contents/Home/jre/lib/libverify.dylib
0x000000010798f000 	/Library/Java/JavaVirtualMachines/jdk1.8.0_77.jdk/Contents/Home/jre/lib/libjava.dylib
0x00000001061e5000 	/Library/Java/JavaVirtualMachines/jdk1.8.0_77.jdk/Contents/Home/jre/lib/libzip.dylib
0x000000011d326000 	/System/Library/Frameworks/JavaVM.framework/Frameworks/JavaRuntimeSupport.framework/JavaRuntimeSupport
0x000000011d341000 	/System/Library/Frameworks/JavaVM.framework/Versions/A/Frameworks/JavaNativeFoundation.framework/Versions/A/JavaNativeFoundation
0x00000001061ef000 	/System/Library/Frameworks/JavaVM.framework/Versions/A/JavaVM
0x0000000006a80000 	/System/Library/Frameworks/Carbon.framework/Versions/A/Carbon
0x000000011d356000 	/System/Library/PrivateFrameworks/JavaLaunching.framework/Versions/A/JavaLaunching
0x0000000006a80000 	/System/Library/Frameworks/Carbon.framework/Versions/A/Frameworks/CommonPanels.framework/Versions/A/CommonPanels
0x0000000006a80000 	/System/Library/Frameworks/Carbon.framework/Versions/A/Frameworks/Help.framework/Versions/A/Help
0x0000000006a80000 	/System/Library/Frameworks/Carbon.framework/Versions/A/Frameworks/ImageCapture.framework/Versions/A/ImageCapture
0x0000000006a80000 	/System/Library/Frameworks/Carbon.framework/Versions/A/Frameworks/OpenScripting.framework/Versions/A/OpenScripting
0x0000000006a80000 	/System/Library/Frameworks/Carbon.framework/Versions/A/Frameworks/Print.framework/Versions/A/Print
0x0000000006a80000 	/System/Library/Frameworks/Carbon.framework/Versions/A/Frameworks/SecurityHI.framework/Versions/A/SecurityHI
0x000000011ec76000 	/Library/Java/JavaVirtualMachines/jdk1.8.0_77.jdk/Contents/Home/jre/lib/libawt.dylib
0x000000011ed1e000 	/Library/Java/JavaVirtualMachines/jdk1.8.0_77.jdk/Contents/Home/jre/lib/./libmlib_image.dylib
0x000000011edea000 	/Library/Java/JavaVirtualMachines/jdk1.8.0_77.jdk/Contents/Home/jre/lib/libawt_lwawt.dylib
0x000000011ee9f000 	/Library/Java/JavaVirtualMachines/jdk1.8.0_77.jdk/Contents/Home/jre/lib/./libosxapp.dylib
0x0000000006a80000 	/System/Library/Frameworks/ExceptionHandling.framework/Versions/A/ExceptionHandling
0x0000000006a80000 	/System/Library/PrivateFrameworks/CoreServicesInternal.framework/Versions/A/CoreServicesInternal
0x0000000006a80000 	/System/Library/Frameworks/CoreGraphics.framework/Versions/A/Resources/libRIP.A.dylib
0x0000000006a80000 	/System/Library/Frameworks/Accelerate.framework/Versions/A/Frameworks/vImage.framework/Versions/A/Libraries/libCGInterfaces.dylib
0x0000000006a80000 	/System/Library/Frameworks/CoreGraphics.framework/Versions/A/Resources/libCGXType.A.dylib
0x0000000006a80000 	/System/Library/Frameworks/OpenCL.framework/Versions/A/Libraries/libcldcpuengine.dylib
0x0000000006a80000 	/System/Library/PrivateFrameworks/DiskImages.framework/Versions/A/DiskImages
0x0000000006a80000 	/System/Library/Frameworks/DiscRecording.framework/Versions/A/DiscRecording
0x0000000006a80000 	/usr/lib/libcsfde.dylib
0x0000000006a80000 	/usr/lib/libcurl.4.dylib
0x0000000006a80000 	/System/Library/PrivateFrameworks/MediaKit.framework/Versions/A/MediaKit
0x0000000006a80000 	/System/Library/PrivateFrameworks/ProtectedCloudStorage.framework/Versions/A/ProtectedCloudStorage
0x0000000006a80000 	/usr/lib/libCoreStorage.dylib
0x0000000006a80000 	/System/Library/PrivateFrameworks/EFILogin.framework/Versions/A/EFILogin
0x0000000006a80000 	/usr/lib/libutil.dylib
0x0000000006a80000 	/System/Library/PrivateFrameworks/FindMyDevice.framework/Versions/A/FindMyDevice
0x0000000006a80000 	/System/Library/Frameworks/LDAP.framework/Versions/A/LDAP
0x0000000006a80000 	/usr/lib/libsasl2.2.dylib
0x0000000006a80000 	/System/Library/PrivateFrameworks/CoreDaemon.framework/Versions/B/CoreDaemon
0x0000000006a80000 	/usr/lib/libcrypto.0.9.8.dylib
0x0000000006a80000 	/System/Library/PrivateFrameworks/AppleSRP.framework/Versions/A/AppleSRP
0x0000000006a80000 	/System/Library/PrivateFrameworks/TrustEvaluationAgent.framework/Versions/A/TrustEvaluationAgent
0x0000000120af2000 	cl_kernels
0x0000000006a80000 	/System/Library/Frameworks/OpenCL.framework/Versions/A/Libraries/ImageFormats/unorm8_bgra.dylib
0x0000000006a80000 	/System/Library/Frameworks/OpenCL.framework/Versions/A/Libraries/ImageFormats/unorm8_rgba.dylib
0x0000000006a80000 	/System/Library/PrivateFrameworks/FamilyControls.framework/Versions/A/FamilyControls
0x0000000006a80000 	/System/Library/PrivateFrameworks/CommerceKit.framework/Versions/A/Frameworks/CommerceCore.framework/Versions/A/CommerceCore
0x0000000006a80000 	/System/Library/PrivateFrameworks/SystemAdministration.framework/Versions/A/SystemAdministration
0x0000000006a80000 	/System/Library/PrivateFrameworks/AppContainer.framework/Versions/A/AppContainer
0x0000000006a80000 	/System/Library/PrivateFrameworks/SecCodeWrapper.framework/Versions/A/SecCodeWrapper
0x0000000006a80000 	/System/Library/Frameworks/DirectoryService.framework/Versions/A/DirectoryService
0x0000000006a80000 	/System/Library/PrivateFrameworks/LoginUIKit.framework/Versions/A/Frameworks/LoginUICore.framework/Versions/A/LoginUICore
0x0000000006a80000 	/usr/lib/libodfde.dylib
0x0000000006a80000 	/System/Library/Frameworks/OpenGL.framework/Versions/A/Resources/GLEngine.bundle/GLEngine
0x0000000006a80000 	/System/Library/Frameworks/OpenGL.framework/Versions/A/Libraries/libGLProgrammability.dylib
0x0000000121bf0000 	/System/Library/Extensions/AppleIntelBDWGraphicsGLDriver.bundle/Contents/MacOS/AppleIntelBDWGraphicsGLDriver
0x0000000006a80000 	/System/Library/PrivateFrameworks/GPUSupport.framework/Versions/A/Libraries/libGPUSupportMercury.dylib
0x0000000006a80000 	/System/Library/Frameworks/OpenGL.framework/Versions/A/Resources/GLRendererFloat.bundle/GLRendererFloat
0x0000000122b79000 	/Library/Java/JavaVirtualMachines/jdk1.8.0_77.jdk/Contents/Home/jre/lib/libfontmanager.dylib
0x000000012646d000 	/Library/Java/JavaVirtualMachines/jdk1.8.0_77.jdk/Contents/Home/jre/lib/libosxui.dylib
0x0000000127151000 	/Library/Java/JavaVirtualMachines/jdk1.8.0_77.jdk/Contents/Home/jre/lib/libnet.dylib
0x0000000126f64000 	/Library/Java/JavaVirtualMachines/jdk1.8.0_77.jdk/Contents/Home/jre/lib/libnio.dylib
0x0000000006a80000 	/System/Library/Frameworks/ApplicationServices.framework/Versions/A/Frameworks/ATS.framework/Versions/A/Resources/libTrueTypeScaler.dylib
0x0000000175e82000 	/System/Library/Extensions/AppleIntelBDWGraphicsMTLDriver.bundle/Contents/MacOS/AppleIntelBDWGraphicsMTLDriver
0x00000001200ca000 	/private/var/folders/6q/r8y5zkh55h99sgy_lbth35yr0000gn/T/jogamp_0000/file_cache/jln4668427780585324358/jln3845730839099764411/libgluegen-rt.jnilib
0x0000000123dc7000 	/private/var/folders/6q/r8y5zkh55h99sgy_lbth35yr0000gn/T/jogamp_0000/file_cache/jln4668427780585324358/jln3845730839099764411/libnativewindow_awt.jnilib
0x0000000123dca000 	/Library/Java/JavaVirtualMachines/jdk1.8.0_77.jdk/Contents/Home/jre/lib/libjawt.dylib
0x0000000175d65000 	/private/var/folders/6q/r8y5zkh55h99sgy_lbth35yr0000gn/T/jogamp_0000/file_cache/jln4668427780585324358/jln3845730839099764411/libnativewindow_macosx.jnilib
0x000000017a216000 	/private/var/folders/6q/r8y5zkh55h99sgy_lbth35yr0000gn/T/jogamp_0000/file_cache/jln4668427780585324358/jln3845730839099764411/libjogl_desktop.jnilib
0x000000017cdb4000 	/Library/Java/JavaVirtualMachines/jdk1.8.0_77.jdk/Contents/Home/jre/lib/libjpeg.dylib

VM Arguments:
jvm_args: -Djava.security.policy=java.policy.applet -Dfile.encoding=UTF-8 
java_command: sun.applet.AppletViewer module1.HelloWorld1468734862282.html
java_class_path (initial): /Users/mj/Documents/workspace/UCSDUnfoldingMaps/build:/Users/mj/Documents/workspace/UCSDUnfoldingMaps/lib/core.jar:/Users/mj/Documents/workspace/UCSDUnfoldingMaps/lib/gluegen-rt.jar:/Users/mj/Documents/workspace/UCSDUnfoldingMaps/lib/jogl-all.jar:/Users/mj/Documents/workspace/UCSDUnfoldingMaps/lib/log4j-1.2.15.jar:/Users/mj/Documents/workspace/UCSDUnfoldingMaps/lib/sqlite-jdbc-3.7.2.jar:/Users/mj/Documents/workspace/UCSDUnfoldingMaps/lib/json4processing.jar:/Users/mj/Documents/workspace/UCSDUnfoldingMaps/lib/libTUIO.jar:/Users/mj/Documents/workspace/UCSDUnfoldingMaps/lib/unfolding.0.9.7-uscd.jar
Launcher Type: SUN_STANDARD

Environment Variables:
PATH=/usr/bin:/bin:/usr/sbin:/sbin
SHELL=/bin/bash

Signal Handlers:
SIGSEGV: [libjvm.dylib+0x5a6855], sa_mask[0]=11111111011111110111111111111111, sa_flags=SA_ONSTACK|SA_RESTART|SA_SIGINFO
SIGBUS: [libjvm.dylib+0x5a6855], sa_mask[0]=11111111011111110111111111111111, sa_flags=SA_RESTART|SA_SIGINFO
SIGFPE: [libjvm.dylib+0x4804ec], sa_mask[0]=11111111011111110111111111111111, sa_flags=SA_RESTART|SA_SIGINFO
SIGPIPE: [libjvm.dylib+0x4804ec], sa_mask[0]=11111111011111110111111111111111, sa_flags=SA_RESTART|SA_SIGINFO
SIGXFSZ: [libjvm.dylib+0x4804ec], sa_mask[0]=11111111011111110111111111111111, sa_flags=SA_RESTART|SA_SIGINFO
SIGILL: [libjvm.dylib+0x4804ec], sa_mask[0]=11111111011111110111111111111111, sa_flags=SA_RESTART|SA_SIGINFO
SIGUSR1: SIG_DFL, sa_mask[0]=00000000000000000000000000000000, sa_flags=none
SIGUSR2: [libjvm.dylib+0x48000a], sa_mask[0]=00100000000000000000000000000000, sa_flags=SA_RESTART|SA_SIGINFO
SIGHUP: [libjvm.dylib+0x47e5e1], sa_mask[0]=11111111011111110111111111111111, sa_flags=SA_RESTART|SA_SIGINFO
SIGINT: [libjvm.dylib+0x47e5e1], sa_mask[0]=11111111011111110111111111111111, sa_flags=SA_RESTART|SA_SIGINFO
SIGTERM: [libjvm.dylib+0x47e5e1], sa_mask[0]=11111111011111110111111111111111, sa_flags=SA_RESTART|SA_SIGINFO
SIGQUIT: [libjvm.dylib+0x47e5e1], sa_mask[0]=11111111011111110111111111111111, sa_flags=SA_RESTART|SA_SIGINFO


---------------  S Y S T E M  ---------------

OS:Bsduname:Darwin 15.5.0 Darwin Kernel Version 15.5.0: Tue Apr 19 18:36:36 PDT 2016; root:xnu-3248.50.21~8/RELEASE_X86_64 x86_64
rlimit: STACK 8192k, CORE 0k, NPROC 709, NOFILE 10240, AS infinity
load average:2.93 2.33 2.04

CPU:total 4 (2 cores per cpu, 2 threads per core) family 6 model 61 stepping 4, cmov, cx8, fxsr, mmx, sse, sse2, sse3, ssse3, sse4.1, sse4.2, popcnt, avx, avx2, aes, clmul, erms, 3dnowpref, lzcnt, ht, tsc, tscinvbit, bmi1, bmi2, adx

Memory: 4k page, physical 8388608k(353616k free)

/proc/meminfo:


vm_info: Java HotSpot(TM) 64-Bit Server VM (25.77-b03) for bsd-amd64 JRE (1.8.0_77-b03), built on Mar 20 2016 22:14:03 by "java_re" with gcc 4.2.1 (Based on Apple Inc. build 5658) (LLVM build 2336.11.00)

time: Sun Jul 17 14:55:13 2016
elapsed time: 50 seconds (0d 0h 0m 50s)

